[0.242s] Invoking command in '/workspaces/ros2_ws/build/talos_description': CMAKE_PREFIX_PATH=${CMAKE_PREFIX_PATH}:/workspaces/ros2_ws/install/ros_visuals:/opt/ros/rolling /usr/bin/cmake /workspaces/ros2_ws/my_workspace/src/T2_template/Template/talos_description -DCMAKE_INSTALL_PREFIX=/workspaces/ros2_ws/install/talos_description
[0.293s] -- The C compiler identification is GNU 13.3.0
[0.346s] -- The CXX compiler identification is GNU 13.3.0
[0.360s] -- Detecting C compiler ABI info
[0.443s] -- Detecting C compiler ABI info - done
[0.451s] -- Check for working C compiler: /usr/bin/cc - skipped
[0.451s] -- Detecting C compile features
[0.452s] -- Detecting C compile features - done
[0.459s] -- Detecting CXX compiler ABI info
[0.555s] -- Detecting CXX compiler ABI info - done
[0.565s] -- Check for working CXX compiler: /usr/bin/c++ - skipped
[0.565s] -- Detecting CXX compile features
[0.565s] -- Detecting CXX compile features - done
[0.570s] -- Found ament_cmake: 2.7.2 (/opt/ros/rolling/share/ament_cmake/cmake)
[0.729s] -- Found Python3: /usr/bin/python3 (found version "3.12.3") found components: Interpreter 
[0.870s] -- Found ament_lint_auto: 0.19.1 (/opt/ros/rolling/share/ament_lint_auto/cmake)
[0.962s] -- Configuring done (0.7s)
[0.964s] -- Generating done (0.0s)
[0.966s] -- Build files have been written to: /workspaces/ros2_ws/build/talos_description
[0.970s] Invoked command in '/workspaces/ros2_ws/build/talos_description' returned '0': CMAKE_PREFIX_PATH=${CMAKE_PREFIX_PATH}:/workspaces/ros2_ws/install/ros_visuals:/opt/ros/rolling /usr/bin/cmake /workspaces/ros2_ws/my_workspace/src/T2_template/Template/talos_description -DCMAKE_INSTALL_PREFIX=/workspaces/ros2_ws/install/talos_description
[0.971s] Invoking command in '/workspaces/ros2_ws/build/talos_description': CMAKE_PREFIX_PATH=${CMAKE_PREFIX_PATH}:/workspaces/ros2_ws/install/ros_visuals:/opt/ros/rolling /usr/bin/cmake --build /workspaces/ros2_ws/build/talos_description -- -j8 -l8
[1.013s] Invoked command in '/workspaces/ros2_ws/build/talos_description' returned '0': CMAKE_PREFIX_PATH=${CMAKE_PREFIX_PATH}:/workspaces/ros2_ws/install/ros_visuals:/opt/ros/rolling /usr/bin/cmake --build /workspaces/ros2_ws/build/talos_description -- -j8 -l8
[1.014s] Invoking command in '/workspaces/ros2_ws/build/talos_description': CMAKE_PREFIX_PATH=${CMAKE_PREFIX_PATH}:/workspaces/ros2_ws/install/ros_visuals:/opt/ros/rolling /usr/bin/cmake --install /workspaces/ros2_ws/build/talos_description
[1.022s] -- Install configuration: ""
[1.022s] -- Installing: /workspaces/ros2_ws/install/talos_description/share/talos_description/meshes
[1.022s] -- Installing: /workspaces/ros2_ws/install/talos_description/share/talos_description/meshes/talos_dummy.stl
[1.022s] -- Installing: /workspaces/ros2_ws/install/talos_description/share/talos_description/meshes/super-simple-femur.STL
[1.022s] -- Installing: /workspaces/ros2_ws/install/talos_description/share/talos_description/meshes/femur.STL
[1.023s] -- Installing: /workspaces/ros2_ws/install/talos_description/share/talos_description/meshes/v2
[1.023s] -- Installing: /workspaces/ros2_ws/install/talos_description/share/talos_description/meshes/v2/hip_x_collision.stl
[1.024s] -- Installing: /workspaces/ros2_ws/install/talos_description/share/talos_description/meshes/v2/ankle_X_collision.stl
[1.024s] -- Installing: /workspaces/ros2_ws/install/talos_description/share/talos_description/meshes/v2/base_link_collision.stl
[1.024s] -- Installing: /workspaces/ros2_ws/install/talos_description/share/talos_description/meshes/v2/knee_lo_res.stl
[1.024s] -- Installing: /workspaces/ros2_ws/install/talos_description/share/talos_description/meshes/v2/knee_collision.stl
[1.024s] -- Installing: /workspaces/ros2_ws/install/talos_description/share/talos_description/meshes/v2/ankle_X_lo_res.stl
[1.024s] -- Installing: /workspaces/ros2_ws/install/talos_description/share/talos_description/meshes/v2/base_link_lo_res.stl
[1.024s] -- Installing: /workspaces/ros2_ws/install/talos_description/share/talos_description/meshes/v2/hip_y_lo_res.stl
[1.025s] -- Installing: /workspaces/ros2_ws/install/talos_description/share/talos_description/meshes/v2/hip_z_lo_res.stl
[1.025s] -- Installing: /workspaces/ros2_ws/install/talos_description/share/talos_description/meshes/v2/hip_z_collision.stl
[1.025s] -- Installing: /workspaces/ros2_ws/install/talos_description/share/talos_description/meshes/v2/ankle_Y_lo_res.stl
[1.025s] -- Installing: /workspaces/ros2_ws/install/talos_description/share/talos_description/meshes/v2/ankle_Y_collision.stl
[1.025s] -- Installing: /workspaces/ros2_ws/install/talos_description/share/talos_description/meshes/v2/hip_y_collision.stl
[1.025s] -- Installing: /workspaces/ros2_ws/install/talos_description/share/talos_description/meshes/v2/hip_x_lo_res.stl
[1.030s] -- Installing: /workspaces/ros2_ws/install/talos_description/share/talos_description/meshes/torso
[1.030s] -- Installing: /workspaces/ros2_ws/install/talos_description/share/talos_description/meshes/torso/torso_2.STL
[1.030s] -- Installing: /workspaces/ros2_ws/install/talos_description/share/talos_description/meshes/torso/base_link_collision.STL
[1.030s] -- Installing: /workspaces/ros2_ws/install/talos_description/share/talos_description/meshes/torso/torso_1.STL
[1.030s] -- Installing: /workspaces/ros2_ws/install/talos_description/share/talos_description/meshes/torso/base_link.STL
[1.030s] -- Installing: /workspaces/ros2_ws/install/talos_description/share/talos_description/meshes/torso/torso_2_collision.STL
[1.030s] -- Installing: /workspaces/ros2_ws/install/talos_description/share/talos_description/meshes/tibia.STL
[1.030s] -- Installing: /workspaces/ros2_ws/install/talos_description/share/talos_description/meshes/bart_light.STL
[1.030s] -- Installing: /workspaces/ros2_ws/install/talos_description/share/talos_description/meshes/tibia_light.STL
[1.031s] -- Installing: /workspaces/ros2_ws/install/talos_description/share/talos_description/meshes/hipZ.STL
[1.031s] -- Installing: /workspaces/ros2_ws/install/talos_description/share/talos_description/meshes/bart.STL
[1.035s] -- Installing: /workspaces/ros2_ws/install/talos_description/share/talos_description/meshes/hipZ_light.STL
[1.035s] -- Installing: /workspaces/ros2_ws/install/talos_description/share/talos_description/meshes/femur_light.STL
[1.035s] -- Installing: /workspaces/ros2_ws/install/talos_description/share/talos_description/meshes/super-simple-bart.STL
[1.035s] -- Installing: /workspaces/ros2_ws/install/talos_description/share/talos_description/meshes/head
[1.035s] -- Installing: /workspaces/ros2_ws/install/talos_description/share/talos_description/meshes/head/head_2_default.stl
[1.036s] -- Installing: /workspaces/ros2_ws/install/talos_description/share/talos_description/meshes/head/head_2_lidar.stl
[1.036s] -- Installing: /workspaces/ros2_ws/install/talos_description/share/talos_description/meshes/head/head_1.stl
[1.036s] -- Installing: /workspaces/ros2_ws/install/talos_description/share/talos_description/meshes/head/head_2_collision.stl
[1.036s] -- Installing: /workspaces/ros2_ws/install/talos_description/share/talos_description/meshes/head/head_2_default_collision.stl
[1.037s] -- Installing: /workspaces/ros2_ws/install/talos_description/share/talos_description/meshes/head/head_2.stl
[1.037s] -- Installing: /workspaces/ros2_ws/install/talos_description/share/talos_description/meshes/head/head_2_lidar_collision.stl
[1.037s] -- Installing: /workspaces/ros2_ws/install/talos_description/share/talos_description/meshes/head/head_1_collision.stl
[1.038s] -- Installing: /workspaces/ros2_ws/install/talos_description/share/talos_description/meshes/sensors
[1.038s] -- Installing: /workspaces/ros2_ws/install/talos_description/share/talos_description/meshes/sensors/ouster
[1.038s] -- Installing: /workspaces/ros2_ws/install/talos_description/share/talos_description/meshes/sensors/ouster/os1_64.dae
[1.038s] -- Installing: /workspaces/ros2_ws/install/talos_description/share/talos_description/meshes/sensors/orbbec
[1.038s] -- Installing: /workspaces/ros2_ws/install/talos_description/share/talos_description/meshes/sensors/orbbec/orbbec.STL
[1.040s] -- Installing: /workspaces/ros2_ws/install/talos_description/share/talos_description/meshes/sensors/xtion_pro_live
[1.041s] -- Installing: /workspaces/ros2_ws/install/talos_description/share/talos_description/meshes/sensors/xtion_pro_live/xtion_pro_live.dae
[1.041s] -- Installing: /workspaces/ros2_ws/install/talos_description/share/talos_description/meshes/sensors/xtion_pro_live/xtion_pro_live.png
[1.041s] -- Installing: /workspaces/ros2_ws/install/talos_description/share/talos_description/meshes/super-simple-tibia.STL
[1.041s] -- Installing: /workspaces/ros2_ws/install/talos_description/share/talos_description/meshes/marker.STL
[1.041s] -- Installing: /workspaces/ros2_ws/install/talos_description/share/talos_description/meshes/dummy_hand.STL
[1.041s] -- Installing: /workspaces/ros2_ws/install/talos_description/share/talos_description/meshes/foot.STL
[1.045s] -- Installing: /workspaces/ros2_ws/install/talos_description/share/talos_description/meshes/arm
[1.045s] -- Installing: /workspaces/ros2_ws/install/talos_description/share/talos_description/meshes/arm/arm_4.STL
[1.045s] -- Installing: /workspaces/ros2_ws/install/talos_description/share/talos_description/meshes/arm/arm_5_collision.STL
[1.045s] -- Installing: /workspaces/ros2_ws/install/talos_description/share/talos_description/meshes/arm/arm_2.STL
[1.046s] -- Installing: /workspaces/ros2_ws/install/talos_description/share/talos_description/meshes/arm/arm_4_collision.STL
[1.046s] -- Installing: /workspaces/ros2_ws/install/talos_description/share/talos_description/meshes/arm/arm_1_collision.STL
[1.047s] -- Installing: /workspaces/ros2_ws/install/talos_description/share/talos_description/meshes/arm/arm_2_collision.STL
[1.047s] -- Installing: /workspaces/ros2_ws/install/talos_description/share/talos_description/meshes/arm/arm_6.STL
[1.047s] -- Installing: /workspaces/ros2_ws/install/talos_description/share/talos_description/meshes/arm/arm_1.STL
[1.048s] -- Installing: /workspaces/ros2_ws/install/talos_description/share/talos_description/meshes/arm/arm_3_collision.STL
[1.048s] -- Installing: /workspaces/ros2_ws/install/talos_description/share/talos_description/meshes/arm/arm_7.STL
[1.048s] -- Installing: /workspaces/ros2_ws/install/talos_description/share/talos_description/meshes/arm/arm_6_collision.STL
[1.048s] -- Installing: /workspaces/ros2_ws/install/talos_description/share/talos_description/meshes/arm/arm_5.STL
[1.048s] -- Installing: /workspaces/ros2_ws/install/talos_description/share/talos_description/meshes/arm/arm_3.STL
[1.049s] -- Installing: /workspaces/ros2_ws/install/talos_description/share/talos_description/meshes/arm/arm_7_collision.STL
[1.049s] -- Installing: /workspaces/ros2_ws/install/talos_description/share/talos_description/meshes/gripper
[1.049s] -- Installing: /workspaces/ros2_ws/install/talos_description/share/talos_description/meshes/gripper/inner_double.STL
[1.049s] -- Installing: /workspaces/ros2_ws/install/talos_description/share/talos_description/meshes/gripper/gripper_motor_double_collision.STL
[1.050s] -- Installing: /workspaces/ros2_ws/install/talos_description/share/talos_description/meshes/gripper/inner_double_collision.STL
[1.050s] -- Installing: /workspaces/ros2_ws/install/talos_description/share/talos_description/meshes/gripper/fingertip.STL
[1.050s] -- Installing: /workspaces/ros2_ws/install/talos_description/share/talos_description/meshes/gripper/gripper_motor_double.STL
[1.050s] -- Installing: /workspaces/ros2_ws/install/talos_description/share/talos_description/meshes/gripper/inner_single.STL
[1.050s] -- Installing: /workspaces/ros2_ws/install/talos_description/share/talos_description/meshes/gripper/gripper_motor_single_collision.STL
[1.051s] -- Installing: /workspaces/ros2_ws/install/talos_description/share/talos_description/meshes/gripper/gripper_tweezers.STL
[1.051s] -- Installing: /workspaces/ros2_ws/install/talos_description/share/talos_description/meshes/gripper/base_link_collision.STL
[1.051s] -- Installing: /workspaces/ros2_ws/install/talos_description/share/talos_description/meshes/gripper/gripper_simple.STL
[1.051s] -- Installing: /workspaces/ros2_ws/install/talos_description/share/talos_description/meshes/gripper/base_link.STL
[1.051s] -- Installing: /workspaces/ros2_ws/install/talos_description/share/talos_description/meshes/gripper/gripper_motor_single.STL
[1.051s] -- Installing: /workspaces/ros2_ws/install/talos_description/share/talos_description/meshes/gripper/gripper_simple_collision.STL
[1.052s] -- Installing: /workspaces/ros2_ws/install/talos_description/share/talos_description/meshes/gripper/fingertip_collision.STL
[1.052s] -- Installing: /workspaces/ros2_ws/install/talos_description/share/talos_description/meshes/gripper/inner_single_collision.STL
[1.052s] -- Installing: /workspaces/ros2_ws/install/talos_description/share/talos_description/meshes/gripper/gripper_tweezers_collision.STL
[1.053s] -- Installing: /workspaces/ros2_ws/install/talos_description/share/talos_description/meshes/marker_head.STL
[1.053s] -- Installing: /workspaces/ros2_ws/install/talos_description/share/talos_description/robots
[1.053s] -- Installing: /workspaces/ros2_ws/install/talos_description/share/talos_description/robots/talos_reduced_no_hands.urdf
[1.053s] -- Installing: /workspaces/ros2_ws/install/talos_description/share/talos_description/robots/talos.urdf
[1.054s] -- Installing: /workspaces/ros2_ws/install/talos_description/share/talos_description/robots/talos_reduced.urdf
[1.054s] -- Installing: /workspaces/ros2_ws/install/talos_description/share/ament_index/resource_index/package_run_dependencies/talos_description
[1.055s] -- Installing: /workspaces/ros2_ws/install/talos_description/share/ament_index/resource_index/parent_prefix_path/talos_description
[1.055s] -- Installing: /workspaces/ros2_ws/install/talos_description/share/talos_description/environment/ament_prefix_path.sh
[1.055s] -- Installing: /workspaces/ros2_ws/install/talos_description/share/talos_description/environment/ament_prefix_path.dsv
[1.055s] -- Installing: /workspaces/ros2_ws/install/talos_description/share/talos_description/environment/path.sh
[1.055s] -- Installing: /workspaces/ros2_ws/install/talos_description/share/talos_description/environment/path.dsv
[1.055s] -- Installing: /workspaces/ros2_ws/install/talos_description/share/talos_description/local_setup.bash
[1.055s] -- Installing: /workspaces/ros2_ws/install/talos_description/share/talos_description/local_setup.sh
[1.055s] -- Installing: /workspaces/ros2_ws/install/talos_description/share/talos_description/local_setup.zsh
[1.055s] -- Installing: /workspaces/ros2_ws/install/talos_description/share/talos_description/local_setup.dsv
[1.055s] -- Installing: /workspaces/ros2_ws/install/talos_description/share/talos_description/package.dsv
[1.055s] -- Installing: /workspaces/ros2_ws/install/talos_description/share/ament_index/resource_index/packages/talos_description
[1.056s] -- Installing: /workspaces/ros2_ws/install/talos_description/share/talos_description/cmake/talos_descriptionConfig.cmake
[1.056s] -- Installing: /workspaces/ros2_ws/install/talos_description/share/talos_description/cmake/talos_descriptionConfig-version.cmake
[1.056s] -- Installing: /workspaces/ros2_ws/install/talos_description/share/talos_description/package.xml
[1.063s] Invoked command in '/workspaces/ros2_ws/build/talos_description' returned '0': CMAKE_PREFIX_PATH=${CMAKE_PREFIX_PATH}:/workspaces/ros2_ws/install/ros_visuals:/opt/ros/rolling /usr/bin/cmake --install /workspaces/ros2_ws/build/talos_description
