running egg_info
writing ../../build/ros_visuals/ros_visuals.egg-info/PKG-INFO
writing dependency_links to ../../build/ros_visuals/ros_visuals.egg-info/dependency_links.txt
writing entry points to ../../build/ros_visuals/ros_visuals.egg-info/entry_points.txt
writing requirements to ../../build/ros_visuals/ros_visuals.egg-info/requires.txt
writing top-level names to ../../build/ros_visuals/ros_visuals.egg-info/top_level.txt
writing manifest file '../../build/ros_visuals/ros_visuals.egg-info/SOURCES.txt'
running build
running build_py
copying ros_visuals/t11.py -> /workspaces/ros2_ws/my_workspace/build/ros_visuals/build/lib/ros_visuals
running install
running install_lib
copying /workspaces/ros2_ws/my_workspace/build/ros_visuals/build/lib/ros_visuals/t11.py -> /workspaces/ros2_ws/my_workspace/install/ros_visuals/lib/python3.12/site-packages/ros_visuals
byte-compiling /workspaces/ros2_ws/my_workspace/install/ros_visuals/lib/python3.12/site-packages/ros_visuals/t11.py to t11.cpython-312.pyc
running install_data
running install_egg_info
removing '/workspaces/ros2_ws/my_workspace/install/ros_visuals/lib/python3.12/site-packages/ros_visuals-0.0.0-py3.12.egg-info' (and everything under it)
Copying ../../build/ros_visuals/ros_visuals.egg-info to /workspaces/ros2_ws/my_workspace/install/ros_visuals/lib/python3.12/site-packages/ros_visuals-0.0.0-py3.12.egg-info
running install_scripts
Installing ros_visuals_node script to /workspaces/ros2_ws/my_workspace/install/ros_visuals/lib/ros_visuals
writing list of installed files to '/workspaces/ros2_ws/my_workspace/build/ros_visuals/install.log'
