[0.089s] DEBUG:colcon:Command line arguments: ['/usr/bin/colcon', 'build']
[0.089s] DEBUG:colcon:Parsed command line arguments: Namespace(log_base=None, log_level=None, verb_name='build', build_base='build', install_base='install', merge_install=False, symlink_install=False, test_result_base=None, continue_on_error=False, executor='parallel', parallel_workers=8, event_handlers=None, ignore_user_meta=False, metas=['./colcon.meta'], base_paths=['.'], packages_ignore=None, packages_ignore_regex=None, paths=None, packages_up_to=None, packages_up_to_regex=None, packages_above=None, packages_above_and_dependencies=None, packages_above_depth=None, packages_select_by_dep=None, packages_skip_by_dep=None, packages_skip_up_to=None, packages_select_build_failed=False, packages_skip_build_finished=False, packages_select_test_failures=False, packages_skip_test_passed=False, packages_select=None, packages_skip=None, packages_select_regex=None, packages_skip_regex=None, packages_start=None, packages_end=None, cmake_args=None, cmake_target=None, cmake_target_skip_unavailable=False, cmake_clean_cache=False, cmake_clean_first=False, cmake_force_configure=False, ament_cmake_args=None, catkin_cmake_args=None, catkin_skip_building_tests=False, mixin_files=None, mixin=None, verb_parser=<colcon_mixin.mixin.mixin_argument.MixinArgumentDecorator object at 0x7ba7f26070b0>, verb_extension=<colcon_core.verb.build.BuildVerb object at 0x7ba7f2757920>, main=<bound method BuildVerb.main of <colcon_core.verb.build.BuildVerb object at 0x7ba7f2757920>>, mixin_verb=('build',))
[0.125s] Level 1:colcon.colcon_core.package_discovery:discover_packages(colcon_meta) check parameters
[0.125s] Level 1:colcon.colcon_core.package_discovery:discover_packages(recursive) check parameters
[0.125s] Level 1:colcon.colcon_core.package_discovery:discover_packages(ignore) check parameters
[0.125s] Level 1:colcon.colcon_core.package_discovery:discover_packages(path) check parameters
[0.125s] Level 1:colcon.colcon_core.package_discovery:discover_packages(colcon_meta) discover
[0.125s] Level 1:colcon.colcon_core.package_discovery:discover_packages(recursive) discover
[0.125s] INFO:colcon.colcon_core.package_discovery:Crawling recursively for packages in '/workspaces/ros2_ws'
[0.125s] Level 1:colcon.colcon_core.package_identification:_identify(.) by extensions ['ignore', 'ignore_ament_install']
[0.125s] Level 1:colcon.colcon_core.package_identification:_identify(.) by extension 'ignore'
[0.125s] Level 1:colcon.colcon_core.package_identification:_identify(.) by extension 'ignore_ament_install'
[0.125s] Level 1:colcon.colcon_core.package_identification:_identify(.) by extensions ['colcon_pkg']
[0.125s] Level 1:colcon.colcon_core.package_identification:_identify(.) by extension 'colcon_pkg'
[0.126s] Level 1:colcon.colcon_core.package_identification:_identify(.) by extensions ['colcon_meta']
[0.126s] Level 1:colcon.colcon_core.package_identification:_identify(.) by extension 'colcon_meta'
[0.126s] Level 1:colcon.colcon_core.package_identification:_identify(.) by extensions ['ros']
[0.126s] Level 1:colcon.colcon_core.package_identification:_identify(.) by extension 'ros'
[0.147s] Level 1:colcon.colcon_core.package_identification:_identify(.) by extensions ['cmake', 'python']
[0.147s] Level 1:colcon.colcon_core.package_identification:_identify(.) by extension 'cmake'
[0.147s] Level 1:colcon.colcon_core.package_identification:_identify(.) by extension 'python'
[0.147s] Level 1:colcon.colcon_core.package_identification:_identify(.) by extensions ['python_setup_py']
[0.147s] Level 1:colcon.colcon_core.package_identification:_identify(.) by extension 'python_setup_py'
[0.147s] Level 1:colcon.colcon_core.package_identification:_identify(build) by extensions ['ignore', 'ignore_ament_install']
[0.148s] Level 1:colcon.colcon_core.package_identification:_identify(build) by extension 'ignore'
[0.148s] Level 1:colcon.colcon_core.package_identification:_identify(build) ignored
[0.148s] Level 1:colcon.colcon_core.package_identification:_identify(install) by extensions ['ignore', 'ignore_ament_install']
[0.148s] Level 1:colcon.colcon_core.package_identification:_identify(install) by extension 'ignore'
[0.148s] Level 1:colcon.colcon_core.package_identification:_identify(install) ignored
[0.148s] Level 1:colcon.colcon_core.package_identification:_identify(log) by extensions ['ignore', 'ignore_ament_install']
[0.148s] Level 1:colcon.colcon_core.package_identification:_identify(log) by extension 'ignore'
[0.148s] Level 1:colcon.colcon_core.package_identification:_identify(log) ignored
[0.148s] Level 1:colcon.colcon_core.package_identification:_identify(my_workspace) by extensions ['ignore', 'ignore_ament_install']
[0.148s] Level 1:colcon.colcon_core.package_identification:_identify(my_workspace) by extension 'ignore'
[0.148s] Level 1:colcon.colcon_core.package_identification:_identify(my_workspace) by extension 'ignore_ament_install'
[0.148s] Level 1:colcon.colcon_core.package_identification:_identify(my_workspace) by extensions ['colcon_pkg']
[0.148s] Level 1:colcon.colcon_core.package_identification:_identify(my_workspace) by extension 'colcon_pkg'
[0.148s] Level 1:colcon.colcon_core.package_identification:_identify(my_workspace) by extensions ['colcon_meta']
[0.148s] Level 1:colcon.colcon_core.package_identification:_identify(my_workspace) by extension 'colcon_meta'
[0.148s] Level 1:colcon.colcon_core.package_identification:_identify(my_workspace) by extensions ['ros']
[0.148s] Level 1:colcon.colcon_core.package_identification:_identify(my_workspace) by extension 'ros'
[0.148s] Level 1:colcon.colcon_core.package_identification:_identify(my_workspace) by extensions ['cmake', 'python']
[0.148s] Level 1:colcon.colcon_core.package_identification:_identify(my_workspace) by extension 'cmake'
[0.148s] Level 1:colcon.colcon_core.package_identification:_identify(my_workspace) by extension 'python'
[0.148s] Level 1:colcon.colcon_core.package_identification:_identify(my_workspace) by extensions ['python_setup_py']
[0.148s] Level 1:colcon.colcon_core.package_identification:_identify(my_workspace) by extension 'python_setup_py'
[0.148s] Level 1:colcon.colcon_core.package_identification:_identify(my_workspace/src) by extensions ['ignore', 'ignore_ament_install']
[0.149s] Level 1:colcon.colcon_core.package_identification:_identify(my_workspace/src) by extension 'ignore'
[0.149s] Level 1:colcon.colcon_core.package_identification:_identify(my_workspace/src) by extension 'ignore_ament_install'
[0.149s] Level 1:colcon.colcon_core.package_identification:_identify(my_workspace/src) by extensions ['colcon_pkg']
[0.149s] Level 1:colcon.colcon_core.package_identification:_identify(my_workspace/src) by extension 'colcon_pkg'
[0.149s] Level 1:colcon.colcon_core.package_identification:_identify(my_workspace/src) by extensions ['colcon_meta']
[0.149s] Level 1:colcon.colcon_core.package_identification:_identify(my_workspace/src) by extension 'colcon_meta'
[0.149s] Level 1:colcon.colcon_core.package_identification:_identify(my_workspace/src) by extensions ['ros']
[0.149s] Level 1:colcon.colcon_core.package_identification:_identify(my_workspace/src) by extension 'ros'
[0.149s] Level 1:colcon.colcon_core.package_identification:_identify(my_workspace/src) by extensions ['cmake', 'python']
[0.149s] Level 1:colcon.colcon_core.package_identification:_identify(my_workspace/src) by extension 'cmake'
[0.149s] Level 1:colcon.colcon_core.package_identification:_identify(my_workspace/src) by extension 'python'
[0.149s] Level 1:colcon.colcon_core.package_identification:_identify(my_workspace/src) by extensions ['python_setup_py']
[0.149s] Level 1:colcon.colcon_core.package_identification:_identify(my_workspace/src) by extension 'python_setup_py'
[0.149s] Level 1:colcon.colcon_core.package_identification:_identify(my_workspace/src/T2_template) by extensions ['ignore', 'ignore_ament_install']
[0.149s] Level 1:colcon.colcon_core.package_identification:_identify(my_workspace/src/T2_template) by extension 'ignore'
[0.149s] Level 1:colcon.colcon_core.package_identification:_identify(my_workspace/src/T2_template) by extension 'ignore_ament_install'
[0.149s] Level 1:colcon.colcon_core.package_identification:_identify(my_workspace/src/T2_template) by extensions ['colcon_pkg']
[0.149s] Level 1:colcon.colcon_core.package_identification:_identify(my_workspace/src/T2_template) by extension 'colcon_pkg'
[0.149s] Level 1:colcon.colcon_core.package_identification:_identify(my_workspace/src/T2_template) by extensions ['colcon_meta']
[0.149s] Level 1:colcon.colcon_core.package_identification:_identify(my_workspace/src/T2_template) by extension 'colcon_meta'
[0.149s] Level 1:colcon.colcon_core.package_identification:_identify(my_workspace/src/T2_template) by extensions ['ros']
[0.149s] Level 1:colcon.colcon_core.package_identification:_identify(my_workspace/src/T2_template) by extension 'ros'
[0.149s] Level 1:colcon.colcon_core.package_identification:_identify(my_workspace/src/T2_template) by extensions ['cmake', 'python']
[0.149s] Level 1:colcon.colcon_core.package_identification:_identify(my_workspace/src/T2_template) by extension 'cmake'
[0.149s] Level 1:colcon.colcon_core.package_identification:_identify(my_workspace/src/T2_template) by extension 'python'
[0.149s] Level 1:colcon.colcon_core.package_identification:_identify(my_workspace/src/T2_template) by extensions ['python_setup_py']
[0.149s] Level 1:colcon.colcon_core.package_identification:_identify(my_workspace/src/T2_template) by extension 'python_setup_py'
[0.149s] Level 1:colcon.colcon_core.package_identification:_identify(my_workspace/src/T2_template/Template) by extensions ['ignore', 'ignore_ament_install']
[0.149s] Level 1:colcon.colcon_core.package_identification:_identify(my_workspace/src/T2_template/Template) by extension 'ignore'
[0.150s] Level 1:colcon.colcon_core.package_identification:_identify(my_workspace/src/T2_template/Template) by extension 'ignore_ament_install'
[0.150s] Level 1:colcon.colcon_core.package_identification:_identify(my_workspace/src/T2_template/Template) by extensions ['colcon_pkg']
[0.150s] Level 1:colcon.colcon_core.package_identification:_identify(my_workspace/src/T2_template/Template) by extension 'colcon_pkg'
[0.150s] Level 1:colcon.colcon_core.package_identification:_identify(my_workspace/src/T2_template/Template) by extensions ['colcon_meta']
[0.150s] Level 1:colcon.colcon_core.package_identification:_identify(my_workspace/src/T2_template/Template) by extension 'colcon_meta'
[0.150s] Level 1:colcon.colcon_core.package_identification:_identify(my_workspace/src/T2_template/Template) by extensions ['ros']
[0.150s] Level 1:colcon.colcon_core.package_identification:_identify(my_workspace/src/T2_template/Template) by extension 'ros'
[0.150s] Level 1:colcon.colcon_core.package_identification:_identify(my_workspace/src/T2_template/Template) by extensions ['cmake', 'python']
[0.150s] Level 1:colcon.colcon_core.package_identification:_identify(my_workspace/src/T2_template/Template) by extension 'cmake'
[0.150s] Level 1:colcon.colcon_core.package_identification:_identify(my_workspace/src/T2_template/Template) by extension 'python'
[0.150s] Level 1:colcon.colcon_core.package_identification:_identify(my_workspace/src/T2_template/Template) by extensions ['python_setup_py']
[0.150s] Level 1:colcon.colcon_core.package_identification:_identify(my_workspace/src/T2_template/Template) by extension 'python_setup_py'
[0.150s] Level 1:colcon.colcon_core.package_identification:_identify(my_workspace/src/T2_template/Template/reemc_description) by extensions ['ignore', 'ignore_ament_install']
[0.150s] Level 1:colcon.colcon_core.package_identification:_identify(my_workspace/src/T2_template/Template/reemc_description) by extension 'ignore'
[0.150s] Level 1:colcon.colcon_core.package_identification:_identify(my_workspace/src/T2_template/Template/reemc_description) by extension 'ignore_ament_install'
[0.150s] Level 1:colcon.colcon_core.package_identification:_identify(my_workspace/src/T2_template/Template/reemc_description) by extensions ['colcon_pkg']
[0.150s] Level 1:colcon.colcon_core.package_identification:_identify(my_workspace/src/T2_template/Template/reemc_description) by extension 'colcon_pkg'
[0.150s] Level 1:colcon.colcon_core.package_identification:_identify(my_workspace/src/T2_template/Template/reemc_description) by extensions ['colcon_meta']
[0.150s] Level 1:colcon.colcon_core.package_identification:_identify(my_workspace/src/T2_template/Template/reemc_description) by extension 'colcon_meta'
[0.150s] Level 1:colcon.colcon_core.package_identification:_identify(my_workspace/src/T2_template/Template/reemc_description) by extensions ['ros']
[0.150s] Level 1:colcon.colcon_core.package_identification:_identify(my_workspace/src/T2_template/Template/reemc_description) by extension 'ros'
[0.152s] DEBUG:colcon.colcon_core.package_identification:Package 'my_workspace/src/T2_template/Template/reemc_description' with type 'ros.ament_cmake' and name 'reemc_description'
[0.152s] Level 1:colcon.colcon_core.package_identification:_identify(my_workspace/src/T2_template/Template/simulator) by extensions ['ignore', 'ignore_ament_install']
[0.152s] Level 1:colcon.colcon_core.package_identification:_identify(my_workspace/src/T2_template/Template/simulator) by extension 'ignore'
[0.152s] Level 1:colcon.colcon_core.package_identification:_identify(my_workspace/src/T2_template/Template/simulator) by extension 'ignore_ament_install'
[0.152s] Level 1:colcon.colcon_core.package_identification:_identify(my_workspace/src/T2_template/Template/simulator) by extensions ['colcon_pkg']
[0.152s] Level 1:colcon.colcon_core.package_identification:_identify(my_workspace/src/T2_template/Template/simulator) by extension 'colcon_pkg'
[0.152s] Level 1:colcon.colcon_core.package_identification:_identify(my_workspace/src/T2_template/Template/simulator) by extensions ['colcon_meta']
[0.152s] Level 1:colcon.colcon_core.package_identification:_identify(my_workspace/src/T2_template/Template/simulator) by extension 'colcon_meta'
[0.152s] Level 1:colcon.colcon_core.package_identification:_identify(my_workspace/src/T2_template/Template/simulator) by extensions ['ros']
[0.152s] Level 1:colcon.colcon_core.package_identification:_identify(my_workspace/src/T2_template/Template/simulator) by extension 'ros'
[0.153s] Level 1:colcon.colcon_core.package_identification:_identify(my_workspace/src/T2_template/Template/simulator) by extensions ['cmake', 'python']
[0.153s] Level 1:colcon.colcon_core.package_identification:_identify(my_workspace/src/T2_template/Template/simulator) by extension 'cmake'
[0.153s] Level 1:colcon.colcon_core.package_identification:_identify(my_workspace/src/T2_template/Template/simulator) by extension 'python'
[0.153s] Level 1:colcon.colcon_core.package_identification:_identify(my_workspace/src/T2_template/Template/simulator) by extensions ['python_setup_py']
[0.153s] Level 1:colcon.colcon_core.package_identification:_identify(my_workspace/src/T2_template/Template/simulator) by extension 'python_setup_py'
[0.153s] Level 1:colcon.colcon_core.package_identification:_identify(my_workspace/src/T2_template/Template/talos_description) by extensions ['ignore', 'ignore_ament_install']
[0.153s] Level 1:colcon.colcon_core.package_identification:_identify(my_workspace/src/T2_template/Template/talos_description) by extension 'ignore'
[0.153s] Level 1:colcon.colcon_core.package_identification:_identify(my_workspace/src/T2_template/Template/talos_description) by extension 'ignore_ament_install'
[0.153s] Level 1:colcon.colcon_core.package_identification:_identify(my_workspace/src/T2_template/Template/talos_description) by extensions ['colcon_pkg']
[0.153s] Level 1:colcon.colcon_core.package_identification:_identify(my_workspace/src/T2_template/Template/talos_description) by extension 'colcon_pkg'
[0.153s] Level 1:colcon.colcon_core.package_identification:_identify(my_workspace/src/T2_template/Template/talos_description) by extensions ['colcon_meta']
[0.153s] Level 1:colcon.colcon_core.package_identification:_identify(my_workspace/src/T2_template/Template/talos_description) by extension 'colcon_meta'
[0.153s] Level 1:colcon.colcon_core.package_identification:_identify(my_workspace/src/T2_template/Template/talos_description) by extensions ['ros']
[0.153s] Level 1:colcon.colcon_core.package_identification:_identify(my_workspace/src/T2_template/Template/talos_description) by extension 'ros'
[0.153s] DEBUG:colcon.colcon_core.package_identification:Package 'my_workspace/src/T2_template/Template/talos_description' with type 'ros.ament_cmake' and name 'talos_description'
[0.153s] Level 1:colcon.colcon_core.package_identification:_identify(my_workspace/src/ros_visuals) by extensions ['ignore', 'ignore_ament_install']
[0.153s] Level 1:colcon.colcon_core.package_identification:_identify(my_workspace/src/ros_visuals) by extension 'ignore'
[0.153s] Level 1:colcon.colcon_core.package_identification:_identify(my_workspace/src/ros_visuals) by extension 'ignore_ament_install'
[0.154s] Level 1:colcon.colcon_core.package_identification:_identify(my_workspace/src/ros_visuals) by extensions ['colcon_pkg']
[0.154s] Level 1:colcon.colcon_core.package_identification:_identify(my_workspace/src/ros_visuals) by extension 'colcon_pkg'
[0.154s] Level 1:colcon.colcon_core.package_identification:_identify(my_workspace/src/ros_visuals) by extensions ['colcon_meta']
[0.154s] Level 1:colcon.colcon_core.package_identification:_identify(my_workspace/src/ros_visuals) by extension 'colcon_meta'
[0.154s] Level 1:colcon.colcon_core.package_identification:_identify(my_workspace/src/ros_visuals) by extensions ['ros']
[0.154s] Level 1:colcon.colcon_core.package_identification:_identify(my_workspace/src/ros_visuals) by extension 'ros'
[0.154s] DEBUG:colcon.colcon_core.package_identification:Package 'my_workspace/src/ros_visuals' with type 'ros.ament_python' and name 'ros_visuals'
[0.154s] Level 1:colcon.colcon_core.package_discovery:discover_packages(recursive) using defaults
[0.154s] Level 1:colcon.colcon_core.package_discovery:discover_packages(ignore) discover
[0.154s] Level 1:colcon.colcon_core.package_discovery:discover_packages(ignore) using defaults
[0.154s] Level 1:colcon.colcon_core.package_discovery:discover_packages(path) discover
[0.154s] Level 1:colcon.colcon_core.package_discovery:discover_packages(path) using defaults
[0.170s] Level 5:colcon.colcon_core.verb:set package 'reemc_description' build argument 'cmake_args' from command line to 'None'
[0.171s] Level 5:colcon.colcon_core.verb:set package 'reemc_description' build argument 'cmake_target' from command line to 'None'
[0.171s] Level 5:colcon.colcon_core.verb:set package 'reemc_description' build argument 'cmake_target_skip_unavailable' from command line to 'False'
[0.171s] Level 5:colcon.colcon_core.verb:set package 'reemc_description' build argument 'cmake_clean_cache' from command line to 'False'
[0.171s] Level 5:colcon.colcon_core.verb:set package 'reemc_description' build argument 'cmake_clean_first' from command line to 'False'
[0.171s] Level 5:colcon.colcon_core.verb:set package 'reemc_description' build argument 'cmake_force_configure' from command line to 'False'
[0.171s] Level 5:colcon.colcon_core.verb:set package 'reemc_description' build argument 'ament_cmake_args' from command line to 'None'
[0.171s] Level 5:colcon.colcon_core.verb:set package 'reemc_description' build argument 'catkin_cmake_args' from command line to 'None'
[0.171s] Level 5:colcon.colcon_core.verb:set package 'reemc_description' build argument 'catkin_skip_building_tests' from command line to 'False'
[0.171s] DEBUG:colcon.colcon_core.verb:Building package 'reemc_description' with the following arguments: {'ament_cmake_args': None, 'build_base': '/workspaces/ros2_ws/build/reemc_description', 'catkin_cmake_args': None, 'catkin_skip_building_tests': False, 'cmake_args': None, 'cmake_clean_cache': False, 'cmake_clean_first': False, 'cmake_force_configure': False, 'cmake_target': None, 'cmake_target_skip_unavailable': False, 'install_base': '/workspaces/ros2_ws/install/reemc_description', 'merge_install': False, 'path': '/workspaces/ros2_ws/my_workspace/src/T2_template/Template/reemc_description', 'symlink_install': False, 'test_result_base': None}
[0.171s] Level 5:colcon.colcon_core.verb:set package 'ros_visuals' build argument 'cmake_args' from command line to 'None'
[0.171s] Level 5:colcon.colcon_core.verb:set package 'ros_visuals' build argument 'cmake_target' from command line to 'None'
[0.171s] Level 5:colcon.colcon_core.verb:set package 'ros_visuals' build argument 'cmake_target_skip_unavailable' from command line to 'False'
[0.171s] Level 5:colcon.colcon_core.verb:set package 'ros_visuals' build argument 'cmake_clean_cache' from command line to 'False'
[0.171s] Level 5:colcon.colcon_core.verb:set package 'ros_visuals' build argument 'cmake_clean_first' from command line to 'False'
[0.171s] Level 5:colcon.colcon_core.verb:set package 'ros_visuals' build argument 'cmake_force_configure' from command line to 'False'
[0.171s] Level 5:colcon.colcon_core.verb:set package 'ros_visuals' build argument 'ament_cmake_args' from command line to 'None'
[0.171s] Level 5:colcon.colcon_core.verb:set package 'ros_visuals' build argument 'catkin_cmake_args' from command line to 'None'
[0.171s] Level 5:colcon.colcon_core.verb:set package 'ros_visuals' build argument 'catkin_skip_building_tests' from command line to 'False'
[0.171s] DEBUG:colcon.colcon_core.verb:Building package 'ros_visuals' with the following arguments: {'ament_cmake_args': None, 'build_base': '/workspaces/ros2_ws/build/ros_visuals', 'catkin_cmake_args': None, 'catkin_skip_building_tests': False, 'cmake_args': None, 'cmake_clean_cache': False, 'cmake_clean_first': False, 'cmake_force_configure': False, 'cmake_target': None, 'cmake_target_skip_unavailable': False, 'install_base': '/workspaces/ros2_ws/install/ros_visuals', 'merge_install': False, 'path': '/workspaces/ros2_ws/my_workspace/src/ros_visuals', 'symlink_install': False, 'test_result_base': None}
[0.171s] Level 5:colcon.colcon_core.verb:set package 'talos_description' build argument 'cmake_args' from command line to 'None'
[0.171s] Level 5:colcon.colcon_core.verb:set package 'talos_description' build argument 'cmake_target' from command line to 'None'
[0.172s] Level 5:colcon.colcon_core.verb:set package 'talos_description' build argument 'cmake_target_skip_unavailable' from command line to 'False'
[0.172s] Level 5:colcon.colcon_core.verb:set package 'talos_description' build argument 'cmake_clean_cache' from command line to 'False'
[0.172s] Level 5:colcon.colcon_core.verb:set package 'talos_description' build argument 'cmake_clean_first' from command line to 'False'
[0.172s] Level 5:colcon.colcon_core.verb:set package 'talos_description' build argument 'cmake_force_configure' from command line to 'False'
[0.172s] Level 5:colcon.colcon_core.verb:set package 'talos_description' build argument 'ament_cmake_args' from command line to 'None'
[0.172s] Level 5:colcon.colcon_core.verb:set package 'talos_description' build argument 'catkin_cmake_args' from command line to 'None'
[0.172s] Level 5:colcon.colcon_core.verb:set package 'talos_description' build argument 'catkin_skip_building_tests' from command line to 'False'
[0.172s] DEBUG:colcon.colcon_core.verb:Building package 'talos_description' with the following arguments: {'ament_cmake_args': None, 'build_base': '/workspaces/ros2_ws/build/talos_description', 'catkin_cmake_args': None, 'catkin_skip_building_tests': False, 'cmake_args': None, 'cmake_clean_cache': False, 'cmake_clean_first': False, 'cmake_force_configure': False, 'cmake_target': None, 'cmake_target_skip_unavailable': False, 'install_base': '/workspaces/ros2_ws/install/talos_description', 'merge_install': False, 'path': '/workspaces/ros2_ws/my_workspace/src/T2_template/Template/talos_description', 'symlink_install': False, 'test_result_base': None}
[0.172s] INFO:colcon.colcon_core.executor:Executing jobs using 'parallel' executor
[0.173s] DEBUG:colcon.colcon_parallel_executor.executor.parallel:run_until_complete
[0.173s] INFO:colcon.colcon_ros.task.ament_cmake.build:Building ROS package in '/workspaces/ros2_ws/my_workspace/src/T2_template/Template/reemc_description' with build type 'ament_cmake'
[0.173s] INFO:colcon.colcon_cmake.task.cmake.build:Building CMake package in '/workspaces/ros2_ws/my_workspace/src/T2_template/Template/reemc_description'
[0.174s] INFO:colcon.colcon_core.plugin_system:Skipping extension 'colcon_core.shell.bat': Not used on non-Windows systems
[0.175s] INFO:colcon.colcon_core.shell:Skip shell extension 'powershell' for command environment: Not usable outside of PowerShell
[0.175s] DEBUG:colcon.colcon_core.shell:Skip shell extension 'dsv' for command environment
[0.175s] WARNING:colcon.colcon_ros.prefix_path.ament:The path '/workspaces/ros2_ws/install/talos_description' in the environment variable AMENT_PREFIX_PATH doesn't exist
[0.175s] WARNING:colcon.colcon_ros.prefix_path.ament:The path '/workspaces/ros2_ws/install/ros_visuals' in the environment variable AMENT_PREFIX_PATH doesn't exist
[0.175s] WARNING:colcon.colcon_ros.prefix_path.ament:The path '/workspaces/ros2_ws/install/reemc_description' in the environment variable AMENT_PREFIX_PATH doesn't exist
[0.176s] WARNING:colcon.colcon_ros.prefix_path.catkin:The path '/workspaces/ros2_ws/install/talos_description' in the environment variable CMAKE_PREFIX_PATH doesn't exist
[0.176s] WARNING:colcon.colcon_ros.prefix_path.catkin:The path '/workspaces/ros2_ws/install/reemc_description' in the environment variable CMAKE_PREFIX_PATH doesn't exist
[0.180s] INFO:colcon.colcon_ros.task.ament_python.build:Building ROS package in '/workspaces/ros2_ws/my_workspace/src/ros_visuals' with build type 'ament_python'
[0.180s] Level 1:colcon.colcon_core.shell:create_environment_hook('ros_visuals', 'ament_prefix_path')
[0.181s] INFO:colcon.colcon_core.shell:Creating environment hook '/workspaces/ros2_ws/install/ros_visuals/share/ros_visuals/hook/ament_prefix_path.ps1'
[0.182s] INFO:colcon.colcon_core.shell:Creating environment descriptor '/workspaces/ros2_ws/install/ros_visuals/share/ros_visuals/hook/ament_prefix_path.dsv'
[0.182s] INFO:colcon.colcon_core.shell:Creating environment hook '/workspaces/ros2_ws/install/ros_visuals/share/ros_visuals/hook/ament_prefix_path.sh'
[0.183s] INFO:colcon.colcon_core.shell:Skip shell extension 'powershell' for command environment: Not usable outside of PowerShell
[0.183s] DEBUG:colcon.colcon_core.shell:Skip shell extension 'dsv' for command environment
[0.187s] INFO:colcon.colcon_ros.task.ament_cmake.build:Building ROS package in '/workspaces/ros2_ws/my_workspace/src/T2_template/Template/talos_description' with build type 'ament_cmake'
[0.187s] INFO:colcon.colcon_cmake.task.cmake.build:Building CMake package in '/workspaces/ros2_ws/my_workspace/src/T2_template/Template/talos_description'
[0.188s] INFO:colcon.colcon_core.shell:Skip shell extension 'powershell' for command environment: Not usable outside of PowerShell
[0.188s] DEBUG:colcon.colcon_core.shell:Skip shell extension 'dsv' for command environment
[0.195s] DEBUG:colcon.colcon_core.event_handler.log_command:Invoking command in '/workspaces/ros2_ws/build/reemc_description': CMAKE_PREFIX_PATH=${CMAKE_PREFIX_PATH}:/workspaces/ros2_ws/install/ros_visuals:/opt/ros/rolling /usr/bin/cmake /workspaces/ros2_ws/my_workspace/src/T2_template/Template/reemc_description -DCMAKE_INSTALL_PREFIX=/workspaces/ros2_ws/install/reemc_description
[0.423s] INFO:colcon.colcon_core.task.python.build:Building Python package in '/workspaces/ros2_ws/my_workspace/src/ros_visuals'
[0.423s] INFO:colcon.colcon_core.shell:Skip shell extension 'powershell' for command environment: Not usable outside of PowerShell
[0.423s] DEBUG:colcon.colcon_core.shell:Skip shell extension 'dsv' for command environment
[0.430s] DEBUG:colcon.colcon_core.event_handler.log_command:Invoking command in '/workspaces/ros2_ws/build/talos_description': CMAKE_PREFIX_PATH=${CMAKE_PREFIX_PATH}:/workspaces/ros2_ws/install/ros_visuals:/opt/ros/rolling /usr/bin/cmake /workspaces/ros2_ws/my_workspace/src/T2_template/Template/talos_description -DCMAKE_INSTALL_PREFIX=/workspaces/ros2_ws/install/talos_description
[0.956s] DEBUG:colcon.colcon_core.event_handler.log_command:Invoked command in '/workspaces/ros2_ws/build/reemc_description' returned '0': CMAKE_PREFIX_PATH=${CMAKE_PREFIX_PATH}:/workspaces/ros2_ws/install/ros_visuals:/opt/ros/rolling /usr/bin/cmake /workspaces/ros2_ws/my_workspace/src/T2_template/Template/reemc_description -DCMAKE_INSTALL_PREFIX=/workspaces/ros2_ws/install/reemc_description
[0.957s] DEBUG:colcon.colcon_core.event_handler.log_command:Invoking command in '/workspaces/ros2_ws/build/reemc_description': CMAKE_PREFIX_PATH=${CMAKE_PREFIX_PATH}:/workspaces/ros2_ws/install/ros_visuals:/opt/ros/rolling /usr/bin/cmake --build /workspaces/ros2_ws/build/reemc_description -- -j8 -l8
[0.994s] DEBUG:colcon.colcon_core.event_handler.log_command:Invoked command in '/workspaces/ros2_ws/build/reemc_description' returned '0': CMAKE_PREFIX_PATH=${CMAKE_PREFIX_PATH}:/workspaces/ros2_ws/install/ros_visuals:/opt/ros/rolling /usr/bin/cmake --build /workspaces/ros2_ws/build/reemc_description -- -j8 -l8
[1.005s] DEBUG:colcon.colcon_core.event_handler.log_command:Invoking command in '/workspaces/ros2_ws/build/reemc_description': CMAKE_PREFIX_PATH=${CMAKE_PREFIX_PATH}:/workspaces/ros2_ws/install/ros_visuals:/opt/ros/rolling /usr/bin/cmake --install /workspaces/ros2_ws/build/reemc_description
[1.027s] Level 1:colcon.colcon_core.environment:create_environment_scripts_only(reemc_description)
[1.027s] DEBUG:colcon.colcon_core.event_handler.log_command:Invoked command in '/workspaces/ros2_ws/build/reemc_description' returned '0': CMAKE_PREFIX_PATH=${CMAKE_PREFIX_PATH}:/workspaces/ros2_ws/install/ros_visuals:/opt/ros/rolling /usr/bin/cmake --install /workspaces/ros2_ws/build/reemc_description
[1.030s] Level 1:colcon.colcon_core.environment:checking '/workspaces/ros2_ws/install/reemc_description' for CMake module files
[1.031s] Level 1:colcon.colcon_core.environment:checking '/workspaces/ros2_ws/install/reemc_description' for CMake config files
[1.031s] Level 1:colcon.colcon_core.shell:create_environment_hook('reemc_description', 'cmake_prefix_path')
[1.031s] INFO:colcon.colcon_core.shell:Creating environment hook '/workspaces/ros2_ws/install/reemc_description/share/reemc_description/hook/cmake_prefix_path.ps1'
[1.032s] INFO:colcon.colcon_core.shell:Creating environment descriptor '/workspaces/ros2_ws/install/reemc_description/share/reemc_description/hook/cmake_prefix_path.dsv'
[1.032s] INFO:colcon.colcon_core.shell:Creating environment hook '/workspaces/ros2_ws/install/reemc_description/share/reemc_description/hook/cmake_prefix_path.sh'
[1.033s] Level 1:colcon.colcon_core.environment:checking '/workspaces/ros2_ws/install/reemc_description/bin'
[1.033s] Level 1:colcon.colcon_core.environment:checking '/workspaces/ros2_ws/install/reemc_description/lib/pkgconfig/reemc_description.pc'
[1.033s] Level 1:colcon.colcon_core.environment:checking '/workspaces/ros2_ws/install/reemc_description/lib/python3.12/site-packages'
[1.034s] Level 1:colcon.colcon_core.environment:checking '/workspaces/ros2_ws/install/reemc_description/bin'
[1.034s] INFO:colcon.colcon_core.shell:Creating package script '/workspaces/ros2_ws/install/reemc_description/share/reemc_description/package.ps1'
[1.035s] INFO:colcon.colcon_core.shell:Creating package descriptor '/workspaces/ros2_ws/install/reemc_description/share/reemc_description/package.dsv'
[1.036s] INFO:colcon.colcon_core.shell:Creating package script '/workspaces/ros2_ws/install/reemc_description/share/reemc_description/package.sh'
[1.036s] INFO:colcon.colcon_core.shell:Creating package script '/workspaces/ros2_ws/install/reemc_description/share/reemc_description/package.bash'
[1.037s] INFO:colcon.colcon_core.shell:Creating package script '/workspaces/ros2_ws/install/reemc_description/share/reemc_description/package.zsh'
[1.038s] Level 1:colcon.colcon_core.environment:create_file_with_runtime_dependencies(/workspaces/ros2_ws/install/reemc_description/share/colcon-core/packages/reemc_description)
[1.039s] Level 1:colcon.colcon_core.environment:create_environment_scripts_only(reemc_description)
[1.039s] Level 1:colcon.colcon_core.environment:checking '/workspaces/ros2_ws/install/reemc_description' for CMake module files
[1.039s] Level 1:colcon.colcon_core.environment:checking '/workspaces/ros2_ws/install/reemc_description' for CMake config files
[1.040s] Level 1:colcon.colcon_core.shell:create_environment_hook('reemc_description', 'cmake_prefix_path')
[1.040s] INFO:colcon.colcon_core.shell:Creating environment hook '/workspaces/ros2_ws/install/reemc_description/share/reemc_description/hook/cmake_prefix_path.ps1'
[1.040s] INFO:colcon.colcon_core.shell:Creating environment descriptor '/workspaces/ros2_ws/install/reemc_description/share/reemc_description/hook/cmake_prefix_path.dsv'
[1.041s] INFO:colcon.colcon_core.shell:Creating environment hook '/workspaces/ros2_ws/install/reemc_description/share/reemc_description/hook/cmake_prefix_path.sh'
[1.041s] Level 1:colcon.colcon_core.environment:checking '/workspaces/ros2_ws/install/reemc_description/bin'
[1.042s] Level 1:colcon.colcon_core.environment:checking '/workspaces/ros2_ws/install/reemc_description/lib/pkgconfig/reemc_description.pc'
[1.042s] Level 1:colcon.colcon_core.environment:checking '/workspaces/ros2_ws/install/reemc_description/lib/python3.12/site-packages'
[1.042s] Level 1:colcon.colcon_core.environment:checking '/workspaces/ros2_ws/install/reemc_description/bin'
[1.042s] INFO:colcon.colcon_core.shell:Creating package script '/workspaces/ros2_ws/install/reemc_description/share/reemc_description/package.ps1'
[1.043s] INFO:colcon.colcon_core.shell:Creating package descriptor '/workspaces/ros2_ws/install/reemc_description/share/reemc_description/package.dsv'
[1.043s] INFO:colcon.colcon_core.shell:Creating package script '/workspaces/ros2_ws/install/reemc_description/share/reemc_description/package.sh'
[1.043s] INFO:colcon.colcon_core.shell:Creating package script '/workspaces/ros2_ws/install/reemc_description/share/reemc_description/package.bash'
[1.044s] INFO:colcon.colcon_core.shell:Creating package script '/workspaces/ros2_ws/install/reemc_description/share/reemc_description/package.zsh'
[1.044s] Level 1:colcon.colcon_core.environment:create_file_with_runtime_dependencies(/workspaces/ros2_ws/install/reemc_description/share/colcon-core/packages/reemc_description)
[1.047s] DEBUG:colcon.colcon_core.event_handler.log_command:Invoking command in '/workspaces/ros2_ws/my_workspace/src/ros_visuals': PYTHONPATH=/workspaces/ros2_ws/build/ros_visuals/prefix_override:/usr/lib/python3/dist-packages/colcon_core/task/python/colcon_distutils_commands:/workspaces/ros2_ws/install/ros_visuals/lib/python3.12/site-packages:${PYTHONPATH} /usr/bin/python3 -W ignore:setup.py install is deprecated -W ignore:easy_install command is deprecated setup.py egg_info --egg-base ../../../build/ros_visuals build --build-base /workspaces/ros2_ws/build/ros_visuals/build install --record /workspaces/ros2_ws/build/ros_visuals/install.log --single-version-externally-managed install_data
[1.158s] DEBUG:colcon.colcon_core.event_handler.log_command:Invoked command in '/workspaces/ros2_ws/build/talos_description' returned '0': CMAKE_PREFIX_PATH=${CMAKE_PREFIX_PATH}:/workspaces/ros2_ws/install/ros_visuals:/opt/ros/rolling /usr/bin/cmake /workspaces/ros2_ws/my_workspace/src/T2_template/Template/talos_description -DCMAKE_INSTALL_PREFIX=/workspaces/ros2_ws/install/talos_description
[1.159s] DEBUG:colcon.colcon_core.event_handler.log_command:Invoking command in '/workspaces/ros2_ws/build/talos_description': CMAKE_PREFIX_PATH=${CMAKE_PREFIX_PATH}:/workspaces/ros2_ws/install/ros_visuals:/opt/ros/rolling /usr/bin/cmake --build /workspaces/ros2_ws/build/talos_description -- -j8 -l8
[1.202s] DEBUG:colcon.colcon_core.event_handler.log_command:Invoked command in '/workspaces/ros2_ws/build/talos_description' returned '0': CMAKE_PREFIX_PATH=${CMAKE_PREFIX_PATH}:/workspaces/ros2_ws/install/ros_visuals:/opt/ros/rolling /usr/bin/cmake --build /workspaces/ros2_ws/build/talos_description -- -j8 -l8
[1.202s] DEBUG:colcon.colcon_core.event_handler.log_command:Invoking command in '/workspaces/ros2_ws/build/talos_description': CMAKE_PREFIX_PATH=${CMAKE_PREFIX_PATH}:/workspaces/ros2_ws/install/ros_visuals:/opt/ros/rolling /usr/bin/cmake --install /workspaces/ros2_ws/build/talos_description
[1.247s] Level 1:colcon.colcon_core.environment:create_environment_scripts_only(talos_description)
[1.247s] Level 1:colcon.colcon_core.environment:checking '/workspaces/ros2_ws/install/talos_description' for CMake module files
[1.248s] Level 1:colcon.colcon_core.environment:checking '/workspaces/ros2_ws/install/talos_description' for CMake config files
[1.248s] Level 1:colcon.colcon_core.shell:create_environment_hook('talos_description', 'cmake_prefix_path')
[1.248s] INFO:colcon.colcon_core.shell:Creating environment hook '/workspaces/ros2_ws/install/talos_description/share/talos_description/hook/cmake_prefix_path.ps1'
[1.249s] INFO:colcon.colcon_core.shell:Creating environment descriptor '/workspaces/ros2_ws/install/talos_description/share/talos_description/hook/cmake_prefix_path.dsv'
[1.249s] INFO:colcon.colcon_core.shell:Creating environment hook '/workspaces/ros2_ws/install/talos_description/share/talos_description/hook/cmake_prefix_path.sh'
[1.250s] Level 1:colcon.colcon_core.environment:checking '/workspaces/ros2_ws/install/talos_description/bin'
[1.250s] Level 1:colcon.colcon_core.environment:checking '/workspaces/ros2_ws/install/talos_description/lib/pkgconfig/talos_description.pc'
[1.250s] Level 1:colcon.colcon_core.environment:checking '/workspaces/ros2_ws/install/talos_description/lib/python3.12/site-packages'
[1.251s] DEBUG:colcon.colcon_core.event_handler.log_command:Invoked command in '/workspaces/ros2_ws/build/talos_description' returned '0': CMAKE_PREFIX_PATH=${CMAKE_PREFIX_PATH}:/workspaces/ros2_ws/install/ros_visuals:/opt/ros/rolling /usr/bin/cmake --install /workspaces/ros2_ws/build/talos_description
[1.251s] Level 1:colcon.colcon_core.environment:checking '/workspaces/ros2_ws/install/talos_description/bin'
[1.251s] INFO:colcon.colcon_core.shell:Creating package script '/workspaces/ros2_ws/install/talos_description/share/talos_description/package.ps1'
[1.252s] INFO:colcon.colcon_core.shell:Creating package descriptor '/workspaces/ros2_ws/install/talos_description/share/talos_description/package.dsv'
[1.253s] INFO:colcon.colcon_core.shell:Creating package script '/workspaces/ros2_ws/install/talos_description/share/talos_description/package.sh'
[1.253s] INFO:colcon.colcon_core.shell:Creating package script '/workspaces/ros2_ws/install/talos_description/share/talos_description/package.bash'
[1.253s] INFO:colcon.colcon_core.shell:Creating package script '/workspaces/ros2_ws/install/talos_description/share/talos_description/package.zsh'
[1.254s] Level 1:colcon.colcon_core.environment:create_file_with_runtime_dependencies(/workspaces/ros2_ws/install/talos_description/share/colcon-core/packages/talos_description)
[1.254s] Level 1:colcon.colcon_core.environment:create_environment_scripts_only(talos_description)
[1.255s] Level 1:colcon.colcon_core.environment:checking '/workspaces/ros2_ws/install/talos_description' for CMake module files
[1.255s] Level 1:colcon.colcon_core.environment:checking '/workspaces/ros2_ws/install/talos_description' for CMake config files
[1.256s] Level 1:colcon.colcon_core.shell:create_environment_hook('talos_description', 'cmake_prefix_path')
[1.256s] INFO:colcon.colcon_core.shell:Creating environment hook '/workspaces/ros2_ws/install/talos_description/share/talos_description/hook/cmake_prefix_path.ps1'
[1.256s] INFO:colcon.colcon_core.shell:Creating environment descriptor '/workspaces/ros2_ws/install/talos_description/share/talos_description/hook/cmake_prefix_path.dsv'
[1.257s] INFO:colcon.colcon_core.shell:Creating environment hook '/workspaces/ros2_ws/install/talos_description/share/talos_description/hook/cmake_prefix_path.sh'
[1.257s] Level 1:colcon.colcon_core.environment:checking '/workspaces/ros2_ws/install/talos_description/bin'
[1.257s] Level 1:colcon.colcon_core.environment:checking '/workspaces/ros2_ws/install/talos_description/lib/pkgconfig/talos_description.pc'
[1.258s] Level 1:colcon.colcon_core.environment:checking '/workspaces/ros2_ws/install/talos_description/lib/python3.12/site-packages'
[1.258s] Level 1:colcon.colcon_core.environment:checking '/workspaces/ros2_ws/install/talos_description/bin'
[1.258s] INFO:colcon.colcon_core.shell:Creating package script '/workspaces/ros2_ws/install/talos_description/share/talos_description/package.ps1'
[1.259s] INFO:colcon.colcon_core.shell:Creating package descriptor '/workspaces/ros2_ws/install/talos_description/share/talos_description/package.dsv'
[1.260s] INFO:colcon.colcon_core.shell:Creating package script '/workspaces/ros2_ws/install/talos_description/share/talos_description/package.sh'
[1.260s] INFO:colcon.colcon_core.shell:Creating package script '/workspaces/ros2_ws/install/talos_description/share/talos_description/package.bash'
[1.261s] INFO:colcon.colcon_core.shell:Creating package script '/workspaces/ros2_ws/install/talos_description/share/talos_description/package.zsh'
[1.261s] Level 1:colcon.colcon_core.environment:create_file_with_runtime_dependencies(/workspaces/ros2_ws/install/talos_description/share/colcon-core/packages/talos_description)
[1.959s] Level 1:colcon.colcon_core.environment:checking '/workspaces/ros2_ws/install/ros_visuals' for CMake module files
[1.959s] DEBUG:colcon.colcon_core.event_handler.log_command:Invoked command in '/workspaces/ros2_ws/my_workspace/src/ros_visuals' returned '0': PYTHONPATH=/workspaces/ros2_ws/build/ros_visuals/prefix_override:/usr/lib/python3/dist-packages/colcon_core/task/python/colcon_distutils_commands:/workspaces/ros2_ws/install/ros_visuals/lib/python3.12/site-packages:${PYTHONPATH} /usr/bin/python3 -W ignore:setup.py install is deprecated -W ignore:easy_install command is deprecated setup.py egg_info --egg-base ../../../build/ros_visuals build --build-base /workspaces/ros2_ws/build/ros_visuals/build install --record /workspaces/ros2_ws/build/ros_visuals/install.log --single-version-externally-managed install_data
[1.960s] Level 1:colcon.colcon_core.environment:checking '/workspaces/ros2_ws/install/ros_visuals' for CMake config files
[1.960s] Level 1:colcon.colcon_core.environment:checking '/workspaces/ros2_ws/install/ros_visuals/lib'
[1.960s] Level 1:colcon.colcon_core.environment:checking '/workspaces/ros2_ws/install/ros_visuals/bin'
[1.960s] Level 1:colcon.colcon_core.environment:checking '/workspaces/ros2_ws/install/ros_visuals/lib/pkgconfig/ros_visuals.pc'
[1.961s] Level 1:colcon.colcon_core.environment:checking '/workspaces/ros2_ws/install/ros_visuals/lib/python3.12/site-packages'
[1.961s] Level 1:colcon.colcon_core.shell:create_environment_hook('ros_visuals', 'pythonpath')
[1.961s] INFO:colcon.colcon_core.shell:Creating environment hook '/workspaces/ros2_ws/install/ros_visuals/share/ros_visuals/hook/pythonpath.ps1'
[1.962s] INFO:colcon.colcon_core.shell:Creating environment descriptor '/workspaces/ros2_ws/install/ros_visuals/share/ros_visuals/hook/pythonpath.dsv'
[1.963s] INFO:colcon.colcon_core.shell:Creating environment hook '/workspaces/ros2_ws/install/ros_visuals/share/ros_visuals/hook/pythonpath.sh'
[1.963s] Level 1:colcon.colcon_core.environment:checking '/workspaces/ros2_ws/install/ros_visuals/bin'
[1.963s] Level 1:colcon.colcon_core.environment:create_environment_scripts_only(ros_visuals)
[1.964s] INFO:colcon.colcon_core.shell:Creating package script '/workspaces/ros2_ws/install/ros_visuals/share/ros_visuals/package.ps1'
[1.964s] INFO:colcon.colcon_core.shell:Creating package descriptor '/workspaces/ros2_ws/install/ros_visuals/share/ros_visuals/package.dsv'
[1.965s] INFO:colcon.colcon_core.shell:Creating package script '/workspaces/ros2_ws/install/ros_visuals/share/ros_visuals/package.sh'
[1.966s] INFO:colcon.colcon_core.shell:Creating package script '/workspaces/ros2_ws/install/ros_visuals/share/ros_visuals/package.bash'
[1.966s] INFO:colcon.colcon_core.shell:Creating package script '/workspaces/ros2_ws/install/ros_visuals/share/ros_visuals/package.zsh'
[1.966s] Level 1:colcon.colcon_core.environment:create_file_with_runtime_dependencies(/workspaces/ros2_ws/install/ros_visuals/share/colcon-core/packages/ros_visuals)
[1.967s] DEBUG:colcon.colcon_parallel_executor.executor.parallel:closing loop
[1.967s] DEBUG:colcon.colcon_parallel_executor.executor.parallel:loop closed
[1.967s] DEBUG:colcon.colcon_parallel_executor.executor.parallel:run_until_complete finished with '0'
[1.967s] DEBUG:colcon.colcon_core.event_reactor:joining thread
[1.972s] INFO:colcon.colcon_core.plugin_system:Skipping extension 'colcon_notification.desktop_notification.notify_send': Could not find 'notify-send'
[1.972s] INFO:colcon.colcon_core.plugin_system:Skipping extension 'colcon_notification.desktop_notification.terminal_notifier': Not used on non-Darwin systems
[1.972s] INFO:colcon.colcon_core.plugin_system:Skipping extension 'colcon_notification.desktop_notification.win32': Not used on non-Windows systems
[1.973s] INFO:colcon.colcon_notification.desktop_notification:Sending desktop notification using 'notify2'
[1.973s] DEBUG:colcon.colcon_notification.desktop_notification.notify2:Failed to initialize notify2: org.freedesktop.DBus.Error.InvalidFileContent: D-Bus library appears to be incorrectly set up: see the manual page for dbus-uuidgen to correct this issue. (Failed to open "/var/lib/dbus/machine-id": No such file or directory; UUID file '/etc/machine-id' should contain a hex string of length 32, not length 0, with no other text)
[1.973s] DEBUG:colcon.colcon_core.event_reactor:joined thread
[1.973s] INFO:colcon.colcon_core.shell:Creating prefix script '/workspaces/ros2_ws/install/local_setup.ps1'
[1.974s] INFO:colcon.colcon_core.shell:Creating prefix util module '/workspaces/ros2_ws/install/_local_setup_util_ps1.py'
[1.975s] INFO:colcon.colcon_core.shell:Creating prefix chain script '/workspaces/ros2_ws/install/setup.ps1'
[1.977s] INFO:colcon.colcon_core.shell:Creating prefix script '/workspaces/ros2_ws/install/local_setup.sh'
[1.978s] INFO:colcon.colcon_core.shell:Creating prefix util module '/workspaces/ros2_ws/install/_local_setup_util_sh.py'
[1.979s] INFO:colcon.colcon_core.shell:Creating prefix chain script '/workspaces/ros2_ws/install/setup.sh'
[1.980s] INFO:colcon.colcon_core.shell:Creating prefix script '/workspaces/ros2_ws/install/local_setup.bash'
[1.980s] INFO:colcon.colcon_core.shell:Creating prefix chain script '/workspaces/ros2_ws/install/setup.bash'
[1.982s] INFO:colcon.colcon_core.shell:Creating prefix script '/workspaces/ros2_ws/install/local_setup.zsh'
[1.983s] INFO:colcon.colcon_core.shell:Creating prefix chain script '/workspaces/ros2_ws/install/setup.zsh'
