[0.022s] Invoking command in '/workspaces/ros2_ws/build/reemc_description': CMAKE_PREFIX_PATH=${CMAKE_PREFIX_PATH}:/workspaces/ros2_ws/install/ros_visuals:/opt/ros/rolling /usr/bin/cmake /workspaces/ros2_ws/my_workspace/src/T2_template/Template/reemc_description -DCMAKE_INSTALL_PREFIX=/workspaces/ros2_ws/install/reemc_description
[0.254s] -- The C compiler identification is GNU 13.3.0
[0.254s] -- The CXX compiler identification is GNU 13.3.0
[0.254s] -- Detecting C compiler ABI info
[0.254s] -- Detecting C compiler ABI info - done
[0.255s] -- Check for working C compiler: /usr/bin/cc - skipped
[0.255s] -- Detecting C compile features
[0.255s] -- Detecting C compile features - done
[0.255s] -- Detecting CXX compiler ABI info
[0.337s] -- Detecting CXX compiler ABI info - done
[0.347s] -- Check for working CXX compiler: /usr/bin/c++ - skipped
[0.347s] -- Detecting CXX compile features
[0.347s] -- Detecting CXX compile features - done
[0.352s] -- Found ament_cmake: 2.7.2 (/opt/ros/rolling/share/ament_cmake/cmake)
[0.508s] -- Found Python3: /usr/bin/python3 (found version "3.12.3") found components: Interpreter 
[0.681s] -- Found ament_lint_auto: 0.19.1 (/opt/ros/rolling/share/ament_lint_auto/cmake)
[0.775s] -- Configuring done (0.7s)
[0.777s] -- Generating done (0.0s)
[0.779s] -- Build files have been written to: /workspaces/ros2_ws/build/reemc_description
[0.783s] Invoked command in '/workspaces/ros2_ws/build/reemc_description' returned '0': CMAKE_PREFIX_PATH=${CMAKE_PREFIX_PATH}:/workspaces/ros2_ws/install/ros_visuals:/opt/ros/rolling /usr/bin/cmake /workspaces/ros2_ws/my_workspace/src/T2_template/Template/reemc_description -DCMAKE_INSTALL_PREFIX=/workspaces/ros2_ws/install/reemc_description
[0.784s] Invoking command in '/workspaces/ros2_ws/build/reemc_description': CMAKE_PREFIX_PATH=${CMAKE_PREFIX_PATH}:/workspaces/ros2_ws/install/ros_visuals:/opt/ros/rolling /usr/bin/cmake --build /workspaces/ros2_ws/build/reemc_description -- -j8 -l8
[0.821s] Invoked command in '/workspaces/ros2_ws/build/reemc_description' returned '0': CMAKE_PREFIX_PATH=${CMAKE_PREFIX_PATH}:/workspaces/ros2_ws/install/ros_visuals:/opt/ros/rolling /usr/bin/cmake --build /workspaces/ros2_ws/build/reemc_description -- -j8 -l8
[0.832s] Invoking command in '/workspaces/ros2_ws/build/reemc_description': CMAKE_PREFIX_PATH=${CMAKE_PREFIX_PATH}:/workspaces/ros2_ws/install/ros_visuals:/opt/ros/rolling /usr/bin/cmake --install /workspaces/ros2_ws/build/reemc_description
[0.840s] -- Install configuration: ""
[0.840s] -- Installing: /workspaces/ros2_ws/install/reemc_description/share/reemc_description/meshes
[0.840s] -- Installing: /workspaces/ros2_ws/install/reemc_description/share/reemc_description/meshes/leg
[0.840s] -- Installing: /workspaces/ros2_ws/install/reemc_description/share/reemc_description/meshes/leg/leg_1_collision.stl
[0.840s] -- Installing: /workspaces/ros2_ws/install/reemc_description/share/reemc_description/meshes/leg/leg_1.dae
[0.840s] -- Installing: /workspaces/ros2_ws/install/reemc_description/share/reemc_description/meshes/leg/leg_4_collision.stl
[0.840s] -- Installing: /workspaces/ros2_ws/install/reemc_description/share/reemc_description/meshes/leg/r_foot.dae
[0.840s] -- Installing: /workspaces/ros2_ws/install/reemc_description/share/reemc_description/meshes/leg/leg_6.dae
[0.840s] -- Installing: /workspaces/ros2_ws/install/reemc_description/share/reemc_description/meshes/leg/leg_4.dae
[0.841s] -- Installing: /workspaces/ros2_ws/install/reemc_description/share/reemc_description/meshes/leg/leg_3.dae
[0.841s] -- Installing: /workspaces/ros2_ws/install/reemc_description/share/reemc_description/meshes/leg/leg_3_collision.stl
[0.841s] -- Installing: /workspaces/ros2_ws/install/reemc_description/share/reemc_description/meshes/hand
[0.841s] -- Installing: /workspaces/ros2_ws/install/reemc_description/share/reemc_description/meshes/hand/hand_finger_1.dae
[0.841s] -- Installing: /workspaces/ros2_ws/install/reemc_description/share/reemc_description/meshes/hand/hand_finger_3_collision.stl
[0.841s] -- Installing: /workspaces/ros2_ws/install/reemc_description/share/reemc_description/meshes/hand/hand_finger_2.dae
[0.841s] -- Installing: /workspaces/ros2_ws/install/reemc_description/share/reemc_description/meshes/hand/hand_finger_2_collision.stl
[0.841s] -- Installing: /workspaces/ros2_ws/install/reemc_description/share/reemc_description/meshes/hand/hand_finger_1_normals.png
[0.841s] -- Installing: /workspaces/ros2_ws/install/reemc_description/share/reemc_description/meshes/hand/hand_finger_1_specular.png
[0.841s] -- Installing: /workspaces/ros2_ws/install/reemc_description/share/reemc_description/meshes/hand/hand_thumb_specular.png
[0.842s] -- Installing: /workspaces/ros2_ws/install/reemc_description/share/reemc_description/meshes/hand/hand_finger_3_normals.png
[0.842s] -- Installing: /workspaces/ros2_ws/install/reemc_description/share/reemc_description/meshes/hand/hand_thumb.dae
[0.842s] -- Installing: /workspaces/ros2_ws/install/reemc_description/share/reemc_description/meshes/hand/hand_finger_2_normals.png
[0.842s] -- Installing: /workspaces/ros2_ws/install/reemc_description/share/reemc_description/meshes/hand/hand_finger_2_color.png
[0.842s] -- Installing: /workspaces/ros2_ws/install/reemc_description/share/reemc_description/meshes/hand/hand_thumb_collision.stl
[0.842s] -- Installing: /workspaces/ros2_ws/install/reemc_description/share/reemc_description/meshes/hand/hand_finger_3.dae
[0.842s] -- Installing: /workspaces/ros2_ws/install/reemc_description/share/reemc_description/meshes/hand/hand_thumb_normals.png
[0.842s] -- Installing: /workspaces/ros2_ws/install/reemc_description/share/reemc_description/meshes/hand/hand_palm_collision.stl
[0.842s] -- Installing: /workspaces/ros2_ws/install/reemc_description/share/reemc_description/meshes/hand/hand_thumb_color.png
[0.843s] -- Installing: /workspaces/ros2_ws/install/reemc_description/share/reemc_description/meshes/hand/hand_palm.dae
[0.843s] -- Installing: /workspaces/ros2_ws/install/reemc_description/share/reemc_description/meshes/hand/hand_finger_3_specular.png
[0.843s] -- Installing: /workspaces/ros2_ws/install/reemc_description/share/reemc_description/meshes/hand/hand_palm_specular.png
[0.843s] -- Installing: /workspaces/ros2_ws/install/reemc_description/share/reemc_description/meshes/hand/hand_finger_2_specular.png
[0.843s] -- Installing: /workspaces/ros2_ws/install/reemc_description/share/reemc_description/meshes/hand/hand_palm_color.png
[0.843s] -- Installing: /workspaces/ros2_ws/install/reemc_description/share/reemc_description/meshes/hand/hand_finger_1_collision.stl
[0.843s] -- Installing: /workspaces/ros2_ws/install/reemc_description/share/reemc_description/meshes/hand/hand_finger_3_color.png
[0.843s] -- Installing: /workspaces/ros2_ws/install/reemc_description/share/reemc_description/meshes/hand/hand_finger_1_color.png
[0.843s] -- Installing: /workspaces/ros2_ws/install/reemc_description/share/reemc_description/meshes/hand/hand_palm_normals.png
[0.843s] -- Installing: /workspaces/ros2_ws/install/reemc_description/share/reemc_description/meshes/torso
[0.843s] -- Installing: /workspaces/ros2_ws/install/reemc_description/share/reemc_description/meshes/torso/torso_2.dae
[0.844s] -- Installing: /workspaces/ros2_ws/install/reemc_description/share/reemc_description/meshes/torso/torso_2_collision.stl
[0.844s] -- Installing: /workspaces/ros2_ws/install/reemc_description/share/reemc_description/meshes/base
[0.844s] -- Installing: /workspaces/ros2_ws/install/reemc_description/share/reemc_description/meshes/base/base_collision.stl
[0.844s] -- Installing: /workspaces/ros2_ws/install/reemc_description/share/reemc_description/meshes/base/base.dae
[0.844s] -- Installing: /workspaces/ros2_ws/install/reemc_description/share/reemc_description/meshes/head
[0.844s] -- Installing: /workspaces/ros2_ws/install/reemc_description/share/reemc_description/meshes/head/head_2_v0.dae
[0.844s] -- Installing: /workspaces/ros2_ws/install/reemc_description/share/reemc_description/meshes/head/head_2_v1.stl
[0.845s] -- Installing: /workspaces/ros2_ws/install/reemc_description/share/reemc_description/meshes/head/head_2_collision.stl
[0.845s] -- Installing: /workspaces/ros2_ws/install/reemc_description/share/reemc_description/meshes/head/head_1.dae
[0.845s] -- Installing: /workspaces/ros2_ws/install/reemc_description/share/reemc_description/meshes/head/head_1_collision.stl
[0.845s] -- Installing: /workspaces/ros2_ws/install/reemc_description/share/reemc_description/meshes/sensors
[0.845s] -- Installing: /workspaces/ros2_ws/install/reemc_description/share/reemc_description/meshes/sensors/xtion_pro_live
[0.845s] -- Installing: /workspaces/ros2_ws/install/reemc_description/share/reemc_description/meshes/sensors/xtion_pro_live/xtion_pro_live.dae
[0.845s] -- Installing: /workspaces/ros2_ws/install/reemc_description/share/reemc_description/meshes/sensors/xtion_pro_live/xtion_pro_live.png
[0.846s] -- Installing: /workspaces/ros2_ws/install/reemc_description/share/reemc_description/meshes/sensors/urg-04lx-ug01.stl
[0.846s] -- Installing: /workspaces/ros2_ws/install/reemc_description/share/reemc_description/meshes/hey5
[0.846s] -- Installing: /workspaces/ros2_ws/install/reemc_description/share/reemc_description/meshes/hey5/palm_collision.stl
[0.846s] -- Installing: /workspaces/ros2_ws/install/reemc_description/share/reemc_description/meshes/hey5/palm.stl
[0.846s] -- Installing: /workspaces/ros2_ws/install/reemc_description/share/reemc_description/meshes/hey5/finger_flex_tip_collision.stl
[0.846s] -- Installing: /workspaces/ros2_ws/install/reemc_description/share/reemc_description/meshes/hey5/thumb_abd_collision.stl
[0.846s] -- Installing: /workspaces/ros2_ws/install/reemc_description/share/reemc_description/meshes/hey5/finger_flex_collision.stl
[0.846s] -- Installing: /workspaces/ros2_ws/install/reemc_description/share/reemc_description/meshes/hey5/finger_abd_collision.stl
[0.846s] -- Installing: /workspaces/ros2_ws/install/reemc_description/share/reemc_description/meshes/kinect.tga
[0.846s] -- Installing: /workspaces/ros2_ws/install/reemc_description/share/reemc_description/meshes/kinect.dae
[0.847s] -- Installing: /workspaces/ros2_ws/install/reemc_description/share/reemc_description/meshes/arm
[0.847s] -- Installing: /workspaces/ros2_ws/install/reemc_description/share/reemc_description/meshes/arm/arm_6_collision.stl
[0.847s] -- Installing: /workspaces/ros2_ws/install/reemc_description/share/reemc_description/meshes/arm/arm_5_collision.stl
[0.847s] -- Installing: /workspaces/ros2_ws/install/reemc_description/share/reemc_description/meshes/arm/arm_3_color.png
[0.847s] -- Installing: /workspaces/ros2_ws/install/reemc_description/share/reemc_description/meshes/arm/arm_6_specular.png
[0.847s] -- Installing: /workspaces/ros2_ws/install/reemc_description/share/reemc_description/meshes/arm/arm_6.dae
[0.847s] -- Installing: /workspaces/ros2_ws/install/reemc_description/share/reemc_description/meshes/arm/arm_3_specular.png
[0.847s] -- Installing: /workspaces/ros2_ws/install/reemc_description/share/reemc_description/meshes/arm/arm_2_specular.png
[0.848s] -- Installing: /workspaces/ros2_ws/install/reemc_description/share/reemc_description/meshes/arm/arm_1_normals.png
[0.848s] -- Installing: /workspaces/ros2_ws/install/reemc_description/share/reemc_description/meshes/arm/arm_1.dae
[0.848s] -- Installing: /workspaces/ros2_ws/install/reemc_description/share/reemc_description/meshes/arm/arm_2_color.png
[0.848s] -- Installing: /workspaces/ros2_ws/install/reemc_description/share/reemc_description/meshes/arm/arm_4_specular.png
[0.848s] -- Installing: /workspaces/ros2_ws/install/reemc_description/share/reemc_description/meshes/arm/arm_5.dae
[0.848s] -- Installing: /workspaces/ros2_ws/install/reemc_description/share/reemc_description/meshes/arm/arm_4.dae
[0.848s] -- Installing: /workspaces/ros2_ws/install/reemc_description/share/reemc_description/meshes/arm/arm_2_collision.stl
[0.848s] -- Installing: /workspaces/ros2_ws/install/reemc_description/share/reemc_description/meshes/arm/arm_4_color.png
[0.849s] -- Installing: /workspaces/ros2_ws/install/reemc_description/share/reemc_description/meshes/arm/arm_1_specular.png
[0.849s] -- Installing: /workspaces/ros2_ws/install/reemc_description/share/reemc_description/meshes/arm/arm_3.dae
[0.849s] -- Installing: /workspaces/ros2_ws/install/reemc_description/share/reemc_description/meshes/arm/arm_6_normals.png
[0.849s] -- Installing: /workspaces/ros2_ws/install/reemc_description/share/reemc_description/meshes/arm/arm_1_collision.stl
[0.849s] -- Installing: /workspaces/ros2_ws/install/reemc_description/share/reemc_description/meshes/arm/arm_6_color.png
[0.849s] -- Installing: /workspaces/ros2_ws/install/reemc_description/share/reemc_description/meshes/arm/arm_2_normals.png
[0.849s] -- Installing: /workspaces/ros2_ws/install/reemc_description/share/reemc_description/meshes/arm/arm_2.dae
[0.850s] -- Installing: /workspaces/ros2_ws/install/reemc_description/share/reemc_description/meshes/arm/arm_3_collision.stl
[0.850s] -- Installing: /workspaces/ros2_ws/install/reemc_description/share/reemc_description/meshes/arm/arm_1_color.png
[0.850s] -- Installing: /workspaces/ros2_ws/install/reemc_description/share/reemc_description/meshes/arm/arm_3_normals.png
[0.850s] -- Installing: /workspaces/ros2_ws/install/reemc_description/share/reemc_description/meshes/arm/arm_4_collision.stl
[0.850s] -- Installing: /workspaces/ros2_ws/install/reemc_description/share/reemc_description/meshes/arm/arm_4_normals.png
[0.851s] -- Installing: /workspaces/ros2_ws/install/reemc_description/share/reemc_description/meshes/chessboard
[0.851s] -- Installing: /workspaces/ros2_ws/install/reemc_description/share/reemc_description/meshes/chessboard/chessboard.dae
[0.851s] -- Installing: /workspaces/ros2_ws/install/reemc_description/share/reemc_description/meshes/chessboard/chessboard.png
[0.851s] -- Installing: /workspaces/ros2_ws/install/reemc_description/share/reemc_description/robots
[0.851s] -- Installing: /workspaces/ros2_ws/install/reemc_description/share/reemc_description/robots/reemc.urdf
[0.851s] -- Installing: /workspaces/ros2_ws/install/reemc_description/share/ament_index/resource_index/package_run_dependencies/reemc_description
[0.851s] -- Installing: /workspaces/ros2_ws/install/reemc_description/share/ament_index/resource_index/parent_prefix_path/reemc_description
[0.851s] -- Installing: /workspaces/ros2_ws/install/reemc_description/share/reemc_description/environment/ament_prefix_path.sh
[0.851s] -- Installing: /workspaces/ros2_ws/install/reemc_description/share/reemc_description/environment/ament_prefix_path.dsv
[0.851s] -- Installing: /workspaces/ros2_ws/install/reemc_description/share/reemc_description/environment/path.sh
[0.852s] -- Installing: /workspaces/ros2_ws/install/reemc_description/share/reemc_description/environment/path.dsv
[0.852s] -- Installing: /workspaces/ros2_ws/install/reemc_description/share/reemc_description/local_setup.bash
[0.852s] -- Installing: /workspaces/ros2_ws/install/reemc_description/share/reemc_description/local_setup.sh
[0.852s] -- Installing: /workspaces/ros2_ws/install/reemc_description/share/reemc_description/local_setup.zsh
[0.852s] -- Installing: /workspaces/ros2_ws/install/reemc_description/share/reemc_description/local_setup.dsv
[0.852s] -- Installing: /workspaces/ros2_ws/install/reemc_description/share/reemc_description/package.dsv
[0.852s] -- Installing: /workspaces/ros2_ws/install/reemc_description/share/ament_index/resource_index/packages/reemc_description
[0.852s] -- Installing: /workspaces/ros2_ws/install/reemc_description/share/reemc_description/cmake/reemc_descriptionConfig.cmake
[0.852s] -- Installing: /workspaces/ros2_ws/install/reemc_description/share/reemc_description/cmake/reemc_descriptionConfig-version.cmake
[0.852s] -- Installing: /workspaces/ros2_ws/install/reemc_description/share/reemc_description/package.xml
[0.854s] Invoked command in '/workspaces/ros2_ws/build/reemc_description' returned '0': CMAKE_PREFIX_PATH=${CMAKE_PREFIX_PATH}:/workspaces/ros2_ws/install/ros_visuals:/opt/ros/rolling /usr/bin/cmake --install /workspaces/ros2_ws/build/reemc_description
