[0.830s] Invoking command in '/workspaces/ros2_ws/my_workspace/src/ros_visuals': PYTHONPATH=/workspaces/ros2_ws/build/ros_visuals/prefix_override:/usr/lib/python3/dist-packages/colcon_core/task/python/colcon_distutils_commands:/workspaces/ros2_ws/install/ros_visuals/lib/python3.12/site-packages:${PYTHONPATH} /usr/bin/python3 -W ignore:setup.py install is deprecated -W ignore:easy_install command is deprecated setup.py egg_info --egg-base ../../../build/ros_visuals build --build-base /workspaces/ros2_ws/build/ros_visuals/build install --record /workspaces/ros2_ws/build/ros_visuals/install.log --single-version-externally-managed install_data
[1.082s] running egg_info
[1.099s] writing ../../../build/ros_visuals/ros_visuals.egg-info/PKG-INFO
[1.099s] writing dependency_links to ../../../build/ros_visuals/ros_visuals.egg-info/dependency_links.txt
[1.100s] writing entry points to ../../../build/ros_visuals/ros_visuals.egg-info/entry_points.txt
[1.100s] writing requirements to ../../../build/ros_visuals/ros_visuals.egg-info/requires.txt
[1.100s] writing top-level names to ../../../build/ros_visuals/ros_visuals.egg-info/top_level.txt
[1.461s] writing manifest file '../../../build/ros_visuals/ros_visuals.egg-info/SOURCES.txt'
[1.461s] running build
[1.462s] running build_py
[1.462s] running install
[1.467s] running install_lib
[1.487s] running install_data
[1.487s] running install_egg_info
[1.504s] removing '/workspaces/ros2_ws/install/ros_visuals/lib/python3.12/site-packages/ros_visuals-0.0.0-py3.12.egg-info' (and everything under it)
[1.505s] Copying ../../../build/ros_visuals/ros_visuals.egg-info to /workspaces/ros2_ws/install/ros_visuals/lib/python3.12/site-packages/ros_visuals-0.0.0-py3.12.egg-info
[1.506s] running install_scripts
[1.625s] Installing ros_visuals_node script to /workspaces/ros2_ws/install/ros_visuals/lib/ros_visuals
[1.625s] writing list of installed files to '/workspaces/ros2_ws/build/ros_visuals/install.log'
[1.656s] Invoked command in '/workspaces/ros2_ws/my_workspace/src/ros_visuals' returned '0': PYTHONPATH=/workspaces/ros2_ws/build/ros_visuals/prefix_override:/usr/lib/python3/dist-packages/colcon_core/task/python/colcon_distutils_commands:/workspaces/ros2_ws/install/ros_visuals/lib/python3.12/site-packages:${PYTHONPATH} /usr/bin/python3 -W ignore:setup.py install is deprecated -W ignore:easy_install command is deprecated setup.py egg_info --egg-base ../../../build/ros_visuals build --build-base /workspaces/ros2_ws/build/ros_visuals/build install --record /workspaces/ros2_ws/build/ros_visuals/install.log --single-version-externally-managed install_data
