[0.115s] DEBUG:colcon:Command line arguments: ['/usr/bin/colcon', 'build']
[0.115s] DEBUG:colcon:Parsed command line arguments: Namespace(log_base=None, log_level=None, verb_name='build', build_base='build', install_base='install', merge_install=False, symlink_install=False, test_result_base=None, continue_on_error=False, executor='parallel', parallel_workers=8, event_handlers=None, ignore_user_meta=False, metas=['./colcon.meta'], base_paths=['.'], packages_ignore=None, packages_ignore_regex=None, paths=None, packages_up_to=None, packages_up_to_regex=None, packages_above=None, packages_above_and_dependencies=None, packages_above_depth=None, packages_select_by_dep=None, packages_skip_by_dep=None, packages_skip_up_to=None, packages_select_build_failed=False, packages_skip_build_finished=False, packages_select_test_failures=False, packages_skip_test_passed=False, packages_select=None, packages_skip=None, packages_select_regex=None, packages_skip_regex=None, packages_start=None, packages_end=None, cmake_args=None, cmake_target=None, cmake_target_skip_unavailable=False, cmake_clean_cache=False, cmake_clean_first=False, cmake_force_configure=False, ament_cmake_args=None, catkin_cmake_args=None, catkin_skip_building_tests=False, mixin_files=None, mixin=None, verb_parser=<colcon_mixin.mixin.mixin_argument.MixinArgumentDecorator object at 0x7852aebcb170>, verb_extension=<colcon_core.verb.build.BuildVerb object at 0x7852aed23800>, main=<bound method BuildVerb.main of <colcon_core.verb.build.BuildVerb object at 0x7852aed23800>>, mixin_verb=('build',))
[0.150s] Level 1:colcon.colcon_core.package_discovery:discover_packages(colcon_meta) check parameters
[0.150s] Level 1:colcon.colcon_core.package_discovery:discover_packages(recursive) check parameters
[0.150s] Level 1:colcon.colcon_core.package_discovery:discover_packages(ignore) check parameters
[0.150s] Level 1:colcon.colcon_core.package_discovery:discover_packages(path) check parameters
[0.150s] Level 1:colcon.colcon_core.package_discovery:discover_packages(colcon_meta) discover
[0.150s] Level 1:colcon.colcon_core.package_discovery:discover_packages(recursive) discover
[0.150s] INFO:colcon.colcon_core.package_discovery:Crawling recursively for packages in '/workspaces/ros2_ws/my_workspace'
[0.150s] Level 1:colcon.colcon_core.package_identification:_identify(.) by extensions ['ignore', 'ignore_ament_install']
[0.150s] Level 1:colcon.colcon_core.package_identification:_identify(.) by extension 'ignore'
[0.151s] Level 1:colcon.colcon_core.package_identification:_identify(.) by extension 'ignore_ament_install'
[0.151s] Level 1:colcon.colcon_core.package_identification:_identify(.) by extensions ['colcon_pkg']
[0.151s] Level 1:colcon.colcon_core.package_identification:_identify(.) by extension 'colcon_pkg'
[0.151s] Level 1:colcon.colcon_core.package_identification:_identify(.) by extensions ['colcon_meta']
[0.151s] Level 1:colcon.colcon_core.package_identification:_identify(.) by extension 'colcon_meta'
[0.151s] Level 1:colcon.colcon_core.package_identification:_identify(.) by extensions ['ros']
[0.151s] Level 1:colcon.colcon_core.package_identification:_identify(.) by extension 'ros'
[0.173s] Level 1:colcon.colcon_core.package_identification:_identify(.) by extensions ['cmake', 'python']
[0.173s] Level 1:colcon.colcon_core.package_identification:_identify(.) by extension 'cmake'
[0.173s] Level 1:colcon.colcon_core.package_identification:_identify(.) by extension 'python'
[0.173s] Level 1:colcon.colcon_core.package_identification:_identify(.) by extensions ['python_setup_py']
[0.173s] Level 1:colcon.colcon_core.package_identification:_identify(.) by extension 'python_setup_py'
[0.173s] Level 1:colcon.colcon_core.package_identification:_identify(build) by extensions ['ignore', 'ignore_ament_install']
[0.173s] Level 1:colcon.colcon_core.package_identification:_identify(build) by extension 'ignore'
[0.173s] Level 1:colcon.colcon_core.package_identification:_identify(build) ignored
[0.174s] Level 1:colcon.colcon_core.package_identification:_identify(install) by extensions ['ignore', 'ignore_ament_install']
[0.174s] Level 1:colcon.colcon_core.package_identification:_identify(install) by extension 'ignore'
[0.174s] Level 1:colcon.colcon_core.package_identification:_identify(install) ignored
[0.174s] Level 1:colcon.colcon_core.package_identification:_identify(log) by extensions ['ignore', 'ignore_ament_install']
[0.174s] Level 1:colcon.colcon_core.package_identification:_identify(log) by extension 'ignore'
[0.174s] Level 1:colcon.colcon_core.package_identification:_identify(log) ignored
[0.174s] Level 1:colcon.colcon_core.package_identification:_identify(src) by extensions ['ignore', 'ignore_ament_install']
[0.174s] Level 1:colcon.colcon_core.package_identification:_identify(src) by extension 'ignore'
[0.174s] Level 1:colcon.colcon_core.package_identification:_identify(src) by extension 'ignore_ament_install'
[0.174s] Level 1:colcon.colcon_core.package_identification:_identify(src) by extensions ['colcon_pkg']
[0.174s] Level 1:colcon.colcon_core.package_identification:_identify(src) by extension 'colcon_pkg'
[0.174s] Level 1:colcon.colcon_core.package_identification:_identify(src) by extensions ['colcon_meta']
[0.174s] Level 1:colcon.colcon_core.package_identification:_identify(src) by extension 'colcon_meta'
[0.174s] Level 1:colcon.colcon_core.package_identification:_identify(src) by extensions ['ros']
[0.175s] Level 1:colcon.colcon_core.package_identification:_identify(src) by extension 'ros'
[0.175s] Level 1:colcon.colcon_core.package_identification:_identify(src) by extensions ['cmake', 'python']
[0.175s] Level 1:colcon.colcon_core.package_identification:_identify(src) by extension 'cmake'
[0.175s] Level 1:colcon.colcon_core.package_identification:_identify(src) by extension 'python'
[0.175s] Level 1:colcon.colcon_core.package_identification:_identify(src) by extensions ['python_setup_py']
[0.175s] Level 1:colcon.colcon_core.package_identification:_identify(src) by extension 'python_setup_py'
[0.175s] Level 1:colcon.colcon_core.package_identification:_identify(src/T2_template) by extensions ['ignore', 'ignore_ament_install']
[0.175s] Level 1:colcon.colcon_core.package_identification:_identify(src/T2_template) by extension 'ignore'
[0.175s] Level 1:colcon.colcon_core.package_identification:_identify(src/T2_template) by extension 'ignore_ament_install'
[0.175s] Level 1:colcon.colcon_core.package_identification:_identify(src/T2_template) by extensions ['colcon_pkg']
[0.175s] Level 1:colcon.colcon_core.package_identification:_identify(src/T2_template) by extension 'colcon_pkg'
[0.175s] Level 1:colcon.colcon_core.package_identification:_identify(src/T2_template) by extensions ['colcon_meta']
[0.175s] Level 1:colcon.colcon_core.package_identification:_identify(src/T2_template) by extension 'colcon_meta'
[0.175s] Level 1:colcon.colcon_core.package_identification:_identify(src/T2_template) by extensions ['ros']
[0.175s] Level 1:colcon.colcon_core.package_identification:_identify(src/T2_template) by extension 'ros'
[0.175s] Level 1:colcon.colcon_core.package_identification:_identify(src/T2_template) by extensions ['cmake', 'python']
[0.175s] Level 1:colcon.colcon_core.package_identification:_identify(src/T2_template) by extension 'cmake'
[0.176s] Level 1:colcon.colcon_core.package_identification:_identify(src/T2_template) by extension 'python'
[0.176s] Level 1:colcon.colcon_core.package_identification:_identify(src/T2_template) by extensions ['python_setup_py']
[0.176s] Level 1:colcon.colcon_core.package_identification:_identify(src/T2_template) by extension 'python_setup_py'
[0.176s] Level 1:colcon.colcon_core.package_identification:_identify(src/T2_template/Template) by extensions ['ignore', 'ignore_ament_install']
[0.176s] Level 1:colcon.colcon_core.package_identification:_identify(src/T2_template/Template) by extension 'ignore'
[0.176s] Level 1:colcon.colcon_core.package_identification:_identify(src/T2_template/Template) by extension 'ignore_ament_install'
[0.176s] Level 1:colcon.colcon_core.package_identification:_identify(src/T2_template/Template) by extensions ['colcon_pkg']
[0.176s] Level 1:colcon.colcon_core.package_identification:_identify(src/T2_template/Template) by extension 'colcon_pkg'
[0.176s] Level 1:colcon.colcon_core.package_identification:_identify(src/T2_template/Template) by extensions ['colcon_meta']
[0.176s] Level 1:colcon.colcon_core.package_identification:_identify(src/T2_template/Template) by extension 'colcon_meta'
[0.176s] Level 1:colcon.colcon_core.package_identification:_identify(src/T2_template/Template) by extensions ['ros']
[0.176s] Level 1:colcon.colcon_core.package_identification:_identify(src/T2_template/Template) by extension 'ros'
[0.176s] Level 1:colcon.colcon_core.package_identification:_identify(src/T2_template/Template) by extensions ['cmake', 'python']
[0.176s] Level 1:colcon.colcon_core.package_identification:_identify(src/T2_template/Template) by extension 'cmake'
[0.176s] Level 1:colcon.colcon_core.package_identification:_identify(src/T2_template/Template) by extension 'python'
[0.176s] Level 1:colcon.colcon_core.package_identification:_identify(src/T2_template/Template) by extensions ['python_setup_py']
[0.176s] Level 1:colcon.colcon_core.package_identification:_identify(src/T2_template/Template) by extension 'python_setup_py'
[0.176s] Level 1:colcon.colcon_core.package_identification:_identify(src/T2_template/Template/reemc_description) by extensions ['ignore', 'ignore_ament_install']
[0.177s] Level 1:colcon.colcon_core.package_identification:_identify(src/T2_template/Template/reemc_description) by extension 'ignore'
[0.177s] Level 1:colcon.colcon_core.package_identification:_identify(src/T2_template/Template/reemc_description) by extension 'ignore_ament_install'
[0.177s] Level 1:colcon.colcon_core.package_identification:_identify(src/T2_template/Template/reemc_description) by extensions ['colcon_pkg']
[0.177s] Level 1:colcon.colcon_core.package_identification:_identify(src/T2_template/Template/reemc_description) by extension 'colcon_pkg'
[0.177s] Level 1:colcon.colcon_core.package_identification:_identify(src/T2_template/Template/reemc_description) by extensions ['colcon_meta']
[0.177s] Level 1:colcon.colcon_core.package_identification:_identify(src/T2_template/Template/reemc_description) by extension 'colcon_meta'
[0.177s] Level 1:colcon.colcon_core.package_identification:_identify(src/T2_template/Template/reemc_description) by extensions ['ros']
[0.177s] Level 1:colcon.colcon_core.package_identification:_identify(src/T2_template/Template/reemc_description) by extension 'ros'
[0.179s] DEBUG:colcon.colcon_core.package_identification:Package 'src/T2_template/Template/reemc_description' with type 'ros.ament_cmake' and name 'reemc_description'
[0.179s] Level 1:colcon.colcon_core.package_identification:_identify(src/T2_template/Template/simulator) by extensions ['ignore', 'ignore_ament_install']
[0.179s] Level 1:colcon.colcon_core.package_identification:_identify(src/T2_template/Template/simulator) by extension 'ignore'
[0.179s] Level 1:colcon.colcon_core.package_identification:_identify(src/T2_template/Template/simulator) by extension 'ignore_ament_install'
[0.179s] Level 1:colcon.colcon_core.package_identification:_identify(src/T2_template/Template/simulator) by extensions ['colcon_pkg']
[0.179s] Level 1:colcon.colcon_core.package_identification:_identify(src/T2_template/Template/simulator) by extension 'colcon_pkg'
[0.179s] Level 1:colcon.colcon_core.package_identification:_identify(src/T2_template/Template/simulator) by extensions ['colcon_meta']
[0.179s] Level 1:colcon.colcon_core.package_identification:_identify(src/T2_template/Template/simulator) by extension 'colcon_meta'
[0.180s] Level 1:colcon.colcon_core.package_identification:_identify(src/T2_template/Template/simulator) by extensions ['ros']
[0.180s] Level 1:colcon.colcon_core.package_identification:_identify(src/T2_template/Template/simulator) by extension 'ros'
[0.180s] Level 1:colcon.colcon_core.package_identification:_identify(src/T2_template/Template/simulator) by extensions ['cmake', 'python']
[0.180s] Level 1:colcon.colcon_core.package_identification:_identify(src/T2_template/Template/simulator) by extension 'cmake'
[0.180s] Level 1:colcon.colcon_core.package_identification:_identify(src/T2_template/Template/simulator) by extension 'python'
[0.180s] Level 1:colcon.colcon_core.package_identification:_identify(src/T2_template/Template/simulator) by extensions ['python_setup_py']
[0.180s] Level 1:colcon.colcon_core.package_identification:_identify(src/T2_template/Template/simulator) by extension 'python_setup_py'
[0.180s] Level 1:colcon.colcon_core.package_identification:_identify(src/T2_template/Template/talos_description) by extensions ['ignore', 'ignore_ament_install']
[0.180s] Level 1:colcon.colcon_core.package_identification:_identify(src/T2_template/Template/talos_description) by extension 'ignore'
[0.180s] Level 1:colcon.colcon_core.package_identification:_identify(src/T2_template/Template/talos_description) by extension 'ignore_ament_install'
[0.180s] Level 1:colcon.colcon_core.package_identification:_identify(src/T2_template/Template/talos_description) by extensions ['colcon_pkg']
[0.180s] Level 1:colcon.colcon_core.package_identification:_identify(src/T2_template/Template/talos_description) by extension 'colcon_pkg'
[0.180s] Level 1:colcon.colcon_core.package_identification:_identify(src/T2_template/Template/talos_description) by extensions ['colcon_meta']
[0.180s] Level 1:colcon.colcon_core.package_identification:_identify(src/T2_template/Template/talos_description) by extension 'colcon_meta'
[0.180s] Level 1:colcon.colcon_core.package_identification:_identify(src/T2_template/Template/talos_description) by extensions ['ros']
[0.180s] Level 1:colcon.colcon_core.package_identification:_identify(src/T2_template/Template/talos_description) by extension 'ros'
[0.181s] DEBUG:colcon.colcon_core.package_identification:Package 'src/T2_template/Template/talos_description' with type 'ros.ament_cmake' and name 'talos_description'
[0.181s] Level 1:colcon.colcon_core.package_identification:_identify(src/ros_visuals) by extensions ['ignore', 'ignore_ament_install']
[0.181s] Level 1:colcon.colcon_core.package_identification:_identify(src/ros_visuals) by extension 'ignore'
[0.181s] Level 1:colcon.colcon_core.package_identification:_identify(src/ros_visuals) by extension 'ignore_ament_install'
[0.181s] Level 1:colcon.colcon_core.package_identification:_identify(src/ros_visuals) by extensions ['colcon_pkg']
[0.181s] Level 1:colcon.colcon_core.package_identification:_identify(src/ros_visuals) by extension 'colcon_pkg'
[0.181s] Level 1:colcon.colcon_core.package_identification:_identify(src/ros_visuals) by extensions ['colcon_meta']
[0.181s] Level 1:colcon.colcon_core.package_identification:_identify(src/ros_visuals) by extension 'colcon_meta'
[0.181s] Level 1:colcon.colcon_core.package_identification:_identify(src/ros_visuals) by extensions ['ros']
[0.181s] Level 1:colcon.colcon_core.package_identification:_identify(src/ros_visuals) by extension 'ros'
[0.182s] DEBUG:colcon.colcon_core.package_identification:Package 'src/ros_visuals' with type 'ros.ament_python' and name 'ros_visuals'
[0.182s] Level 1:colcon.colcon_core.package_discovery:discover_packages(recursive) using defaults
[0.182s] Level 1:colcon.colcon_core.package_discovery:discover_packages(ignore) discover
[0.182s] Level 1:colcon.colcon_core.package_discovery:discover_packages(ignore) using defaults
[0.182s] Level 1:colcon.colcon_core.package_discovery:discover_packages(path) discover
[0.182s] Level 1:colcon.colcon_core.package_discovery:discover_packages(path) using defaults
[0.203s] Level 5:colcon.colcon_core.verb:set package 'reemc_description' build argument 'cmake_args' from command line to 'None'
[0.203s] Level 5:colcon.colcon_core.verb:set package 'reemc_description' build argument 'cmake_target' from command line to 'None'
[0.203s] Level 5:colcon.colcon_core.verb:set package 'reemc_description' build argument 'cmake_target_skip_unavailable' from command line to 'False'
[0.203s] Level 5:colcon.colcon_core.verb:set package 'reemc_description' build argument 'cmake_clean_cache' from command line to 'False'
[0.203s] Level 5:colcon.colcon_core.verb:set package 'reemc_description' build argument 'cmake_clean_first' from command line to 'False'
[0.203s] Level 5:colcon.colcon_core.verb:set package 'reemc_description' build argument 'cmake_force_configure' from command line to 'False'
[0.203s] Level 5:colcon.colcon_core.verb:set package 'reemc_description' build argument 'ament_cmake_args' from command line to 'None'
[0.203s] Level 5:colcon.colcon_core.verb:set package 'reemc_description' build argument 'catkin_cmake_args' from command line to 'None'
[0.203s] Level 5:colcon.colcon_core.verb:set package 'reemc_description' build argument 'catkin_skip_building_tests' from command line to 'False'
[0.203s] DEBUG:colcon.colcon_core.verb:Building package 'reemc_description' with the following arguments: {'ament_cmake_args': None, 'build_base': '/workspaces/ros2_ws/my_workspace/build/reemc_description', 'catkin_cmake_args': None, 'catkin_skip_building_tests': False, 'cmake_args': None, 'cmake_clean_cache': False, 'cmake_clean_first': False, 'cmake_force_configure': False, 'cmake_target': None, 'cmake_target_skip_unavailable': False, 'install_base': '/workspaces/ros2_ws/my_workspace/install/reemc_description', 'merge_install': False, 'path': '/workspaces/ros2_ws/my_workspace/src/T2_template/Template/reemc_description', 'symlink_install': False, 'test_result_base': None}
[0.204s] Level 5:colcon.colcon_core.verb:set package 'ros_visuals' build argument 'cmake_args' from command line to 'None'
[0.204s] Level 5:colcon.colcon_core.verb:set package 'ros_visuals' build argument 'cmake_target' from command line to 'None'
[0.204s] Level 5:colcon.colcon_core.verb:set package 'ros_visuals' build argument 'cmake_target_skip_unavailable' from command line to 'False'
[0.204s] Level 5:colcon.colcon_core.verb:set package 'ros_visuals' build argument 'cmake_clean_cache' from command line to 'False'
[0.204s] Level 5:colcon.colcon_core.verb:set package 'ros_visuals' build argument 'cmake_clean_first' from command line to 'False'
[0.204s] Level 5:colcon.colcon_core.verb:set package 'ros_visuals' build argument 'cmake_force_configure' from command line to 'False'
[0.204s] Level 5:colcon.colcon_core.verb:set package 'ros_visuals' build argument 'ament_cmake_args' from command line to 'None'
[0.204s] Level 5:colcon.colcon_core.verb:set package 'ros_visuals' build argument 'catkin_cmake_args' from command line to 'None'
[0.204s] Level 5:colcon.colcon_core.verb:set package 'ros_visuals' build argument 'catkin_skip_building_tests' from command line to 'False'
[0.204s] DEBUG:colcon.colcon_core.verb:Building package 'ros_visuals' with the following arguments: {'ament_cmake_args': None, 'build_base': '/workspaces/ros2_ws/my_workspace/build/ros_visuals', 'catkin_cmake_args': None, 'catkin_skip_building_tests': False, 'cmake_args': None, 'cmake_clean_cache': False, 'cmake_clean_first': False, 'cmake_force_configure': False, 'cmake_target': None, 'cmake_target_skip_unavailable': False, 'install_base': '/workspaces/ros2_ws/my_workspace/install/ros_visuals', 'merge_install': False, 'path': '/workspaces/ros2_ws/my_workspace/src/ros_visuals', 'symlink_install': False, 'test_result_base': None}
[0.205s] Level 5:colcon.colcon_core.verb:set package 'talos_description' build argument 'cmake_args' from command line to 'None'
[0.205s] Level 5:colcon.colcon_core.verb:set package 'talos_description' build argument 'cmake_target' from command line to 'None'
[0.205s] Level 5:colcon.colcon_core.verb:set package 'talos_description' build argument 'cmake_target_skip_unavailable' from command line to 'False'
[0.205s] Level 5:colcon.colcon_core.verb:set package 'talos_description' build argument 'cmake_clean_cache' from command line to 'False'
[0.205s] Level 5:colcon.colcon_core.verb:set package 'talos_description' build argument 'cmake_clean_first' from command line to 'False'
[0.205s] Level 5:colcon.colcon_core.verb:set package 'talos_description' build argument 'cmake_force_configure' from command line to 'False'
[0.205s] Level 5:colcon.colcon_core.verb:set package 'talos_description' build argument 'ament_cmake_args' from command line to 'None'
[0.205s] Level 5:colcon.colcon_core.verb:set package 'talos_description' build argument 'catkin_cmake_args' from command line to 'None'
[0.205s] Level 5:colcon.colcon_core.verb:set package 'talos_description' build argument 'catkin_skip_building_tests' from command line to 'False'
[0.205s] DEBUG:colcon.colcon_core.verb:Building package 'talos_description' with the following arguments: {'ament_cmake_args': None, 'build_base': '/workspaces/ros2_ws/my_workspace/build/talos_description', 'catkin_cmake_args': None, 'catkin_skip_building_tests': False, 'cmake_args': None, 'cmake_clean_cache': False, 'cmake_clean_first': False, 'cmake_force_configure': False, 'cmake_target': None, 'cmake_target_skip_unavailable': False, 'install_base': '/workspaces/ros2_ws/my_workspace/install/talos_description', 'merge_install': False, 'path': '/workspaces/ros2_ws/my_workspace/src/T2_template/Template/talos_description', 'symlink_install': False, 'test_result_base': None}
[0.205s] INFO:colcon.colcon_core.executor:Executing jobs using 'parallel' executor
[0.206s] DEBUG:colcon.colcon_parallel_executor.executor.parallel:run_until_complete
[0.207s] INFO:colcon.colcon_ros.task.ament_cmake.build:Building ROS package in '/workspaces/ros2_ws/my_workspace/src/T2_template/Template/reemc_description' with build type 'ament_cmake'
[0.207s] INFO:colcon.colcon_cmake.task.cmake.build:Building CMake package in '/workspaces/ros2_ws/my_workspace/src/T2_template/Template/reemc_description'
[0.209s] INFO:colcon.colcon_core.plugin_system:Skipping extension 'colcon_core.shell.bat': Not used on non-Windows systems
[0.209s] INFO:colcon.colcon_core.shell:Skip shell extension 'powershell' for command environment: Not usable outside of PowerShell
[0.210s] DEBUG:colcon.colcon_core.shell:Skip shell extension 'dsv' for command environment
[0.217s] INFO:colcon.colcon_ros.task.ament_python.build:Building ROS package in '/workspaces/ros2_ws/my_workspace/src/ros_visuals' with build type 'ament_python'
[0.217s] Level 1:colcon.colcon_core.shell:create_environment_hook('ros_visuals', 'ament_prefix_path')
[0.217s] INFO:colcon.colcon_core.shell:Creating environment hook '/workspaces/ros2_ws/my_workspace/install/ros_visuals/share/ros_visuals/hook/ament_prefix_path.ps1'
[0.218s] INFO:colcon.colcon_core.shell:Creating environment descriptor '/workspaces/ros2_ws/my_workspace/install/ros_visuals/share/ros_visuals/hook/ament_prefix_path.dsv'
[0.218s] INFO:colcon.colcon_core.shell:Creating environment hook '/workspaces/ros2_ws/my_workspace/install/ros_visuals/share/ros_visuals/hook/ament_prefix_path.sh'
[0.219s] INFO:colcon.colcon_core.shell:Skip shell extension 'powershell' for command environment: Not usable outside of PowerShell
[0.220s] DEBUG:colcon.colcon_core.shell:Skip shell extension 'dsv' for command environment
[0.226s] INFO:colcon.colcon_ros.task.ament_cmake.build:Building ROS package in '/workspaces/ros2_ws/my_workspace/src/T2_template/Template/talos_description' with build type 'ament_cmake'
[0.227s] INFO:colcon.colcon_cmake.task.cmake.build:Building CMake package in '/workspaces/ros2_ws/my_workspace/src/T2_template/Template/talos_description'
[0.227s] INFO:colcon.colcon_core.shell:Skip shell extension 'powershell' for command environment: Not usable outside of PowerShell
[0.227s] DEBUG:colcon.colcon_core.shell:Skip shell extension 'dsv' for command environment
[0.243s] DEBUG:colcon.colcon_core.event_handler.log_command:Invoking command in '/workspaces/ros2_ws/my_workspace/build/reemc_description': CMAKE_PREFIX_PATH=${CMAKE_PREFIX_PATH}:/workspaces/ros2_ws/my_workspace/install/ros_visuals:/opt/ros/rolling /usr/bin/cmake --build /workspaces/ros2_ws/my_workspace/build/reemc_description -- -j8 -l8
[0.470s] INFO:colcon.colcon_core.task.python.build:Building Python package in '/workspaces/ros2_ws/my_workspace/src/ros_visuals'
[0.470s] INFO:colcon.colcon_core.shell:Skip shell extension 'powershell' for command environment: Not usable outside of PowerShell
[0.470s] DEBUG:colcon.colcon_core.shell:Skip shell extension 'dsv' for command environment
[0.475s] DEBUG:colcon.colcon_core.event_handler.log_command:Invoked command in '/workspaces/ros2_ws/my_workspace/build/reemc_description' returned '0': CMAKE_PREFIX_PATH=${CMAKE_PREFIX_PATH}:/workspaces/ros2_ws/my_workspace/install/ros_visuals:/opt/ros/rolling /usr/bin/cmake --build /workspaces/ros2_ws/my_workspace/build/reemc_description -- -j8 -l8
[0.484s] DEBUG:colcon.colcon_core.event_handler.log_command:Invoking command in '/workspaces/ros2_ws/my_workspace/build/reemc_description': CMAKE_PREFIX_PATH=${CMAKE_PREFIX_PATH}:/workspaces/ros2_ws/my_workspace/install/ros_visuals:/opt/ros/rolling /usr/bin/cmake --install /workspaces/ros2_ws/my_workspace/build/reemc_description
[0.486s] DEBUG:colcon.colcon_core.event_handler.log_command:Invoking command in '/workspaces/ros2_ws/my_workspace/build/talos_description': CMAKE_PREFIX_PATH=${CMAKE_PREFIX_PATH}:/workspaces/ros2_ws/my_workspace/install/ros_visuals:/opt/ros/rolling /usr/bin/cmake --build /workspaces/ros2_ws/my_workspace/build/talos_description -- -j8 -l8
[0.500s] Level 1:colcon.colcon_core.environment:create_environment_scripts_only(reemc_description)
[0.501s] DEBUG:colcon.colcon_core.event_handler.log_command:Invoked command in '/workspaces/ros2_ws/my_workspace/build/reemc_description' returned '0': CMAKE_PREFIX_PATH=${CMAKE_PREFIX_PATH}:/workspaces/ros2_ws/my_workspace/install/ros_visuals:/opt/ros/rolling /usr/bin/cmake --install /workspaces/ros2_ws/my_workspace/build/reemc_description
[0.504s] Level 1:colcon.colcon_core.environment:checking '/workspaces/ros2_ws/my_workspace/install/reemc_description' for CMake module files
[0.504s] Level 1:colcon.colcon_core.environment:checking '/workspaces/ros2_ws/my_workspace/install/reemc_description' for CMake config files
[0.505s] Level 1:colcon.colcon_core.shell:create_environment_hook('reemc_description', 'cmake_prefix_path')
[0.505s] INFO:colcon.colcon_core.shell:Creating environment hook '/workspaces/ros2_ws/my_workspace/install/reemc_description/share/reemc_description/hook/cmake_prefix_path.ps1'
[0.505s] INFO:colcon.colcon_core.shell:Creating environment descriptor '/workspaces/ros2_ws/my_workspace/install/reemc_description/share/reemc_description/hook/cmake_prefix_path.dsv'
[0.506s] INFO:colcon.colcon_core.shell:Creating environment hook '/workspaces/ros2_ws/my_workspace/install/reemc_description/share/reemc_description/hook/cmake_prefix_path.sh'
[0.506s] Level 1:colcon.colcon_core.environment:checking '/workspaces/ros2_ws/my_workspace/install/reemc_description/bin'
[0.506s] Level 1:colcon.colcon_core.environment:checking '/workspaces/ros2_ws/my_workspace/install/reemc_description/lib/pkgconfig/reemc_description.pc'
[0.506s] Level 1:colcon.colcon_core.environment:checking '/workspaces/ros2_ws/my_workspace/install/reemc_description/lib/python3.12/site-packages'
[0.507s] Level 1:colcon.colcon_core.environment:checking '/workspaces/ros2_ws/my_workspace/install/reemc_description/bin'
[0.507s] INFO:colcon.colcon_core.shell:Creating package script '/workspaces/ros2_ws/my_workspace/install/reemc_description/share/reemc_description/package.ps1'
[0.507s] INFO:colcon.colcon_core.shell:Creating package descriptor '/workspaces/ros2_ws/my_workspace/install/reemc_description/share/reemc_description/package.dsv'
[0.508s] INFO:colcon.colcon_core.shell:Creating package script '/workspaces/ros2_ws/my_workspace/install/reemc_description/share/reemc_description/package.sh'
[0.508s] INFO:colcon.colcon_core.shell:Creating package script '/workspaces/ros2_ws/my_workspace/install/reemc_description/share/reemc_description/package.bash'
[0.509s] INFO:colcon.colcon_core.shell:Creating package script '/workspaces/ros2_ws/my_workspace/install/reemc_description/share/reemc_description/package.zsh'
[0.509s] Level 1:colcon.colcon_core.environment:create_file_with_runtime_dependencies(/workspaces/ros2_ws/my_workspace/install/reemc_description/share/colcon-core/packages/reemc_description)
[0.510s] Level 1:colcon.colcon_core.environment:create_environment_scripts_only(reemc_description)
[0.510s] Level 1:colcon.colcon_core.environment:checking '/workspaces/ros2_ws/my_workspace/install/reemc_description' for CMake module files
[0.510s] Level 1:colcon.colcon_core.environment:checking '/workspaces/ros2_ws/my_workspace/install/reemc_description' for CMake config files
[0.510s] Level 1:colcon.colcon_core.shell:create_environment_hook('reemc_description', 'cmake_prefix_path')
[0.510s] INFO:colcon.colcon_core.shell:Creating environment hook '/workspaces/ros2_ws/my_workspace/install/reemc_description/share/reemc_description/hook/cmake_prefix_path.ps1'
[0.511s] INFO:colcon.colcon_core.shell:Creating environment descriptor '/workspaces/ros2_ws/my_workspace/install/reemc_description/share/reemc_description/hook/cmake_prefix_path.dsv'
[0.511s] INFO:colcon.colcon_core.shell:Creating environment hook '/workspaces/ros2_ws/my_workspace/install/reemc_description/share/reemc_description/hook/cmake_prefix_path.sh'
[0.512s] Level 1:colcon.colcon_core.environment:checking '/workspaces/ros2_ws/my_workspace/install/reemc_description/bin'
[0.512s] Level 1:colcon.colcon_core.environment:checking '/workspaces/ros2_ws/my_workspace/install/reemc_description/lib/pkgconfig/reemc_description.pc'
[0.512s] Level 1:colcon.colcon_core.environment:checking '/workspaces/ros2_ws/my_workspace/install/reemc_description/lib/python3.12/site-packages'
[0.512s] Level 1:colcon.colcon_core.environment:checking '/workspaces/ros2_ws/my_workspace/install/reemc_description/bin'
[0.512s] INFO:colcon.colcon_core.shell:Creating package script '/workspaces/ros2_ws/my_workspace/install/reemc_description/share/reemc_description/package.ps1'
[0.513s] INFO:colcon.colcon_core.shell:Creating package descriptor '/workspaces/ros2_ws/my_workspace/install/reemc_description/share/reemc_description/package.dsv'
[0.513s] INFO:colcon.colcon_core.shell:Creating package script '/workspaces/ros2_ws/my_workspace/install/reemc_description/share/reemc_description/package.sh'
[0.513s] INFO:colcon.colcon_core.shell:Creating package script '/workspaces/ros2_ws/my_workspace/install/reemc_description/share/reemc_description/package.bash'
[0.514s] INFO:colcon.colcon_core.shell:Creating package script '/workspaces/ros2_ws/my_workspace/install/reemc_description/share/reemc_description/package.zsh'
[0.514s] Level 1:colcon.colcon_core.environment:create_file_with_runtime_dependencies(/workspaces/ros2_ws/my_workspace/install/reemc_description/share/colcon-core/packages/reemc_description)
[0.526s] DEBUG:colcon.colcon_core.event_handler.log_command:Invoked command in '/workspaces/ros2_ws/my_workspace/build/talos_description' returned '0': CMAKE_PREFIX_PATH=${CMAKE_PREFIX_PATH}:/workspaces/ros2_ws/my_workspace/install/ros_visuals:/opt/ros/rolling /usr/bin/cmake --build /workspaces/ros2_ws/my_workspace/build/talos_description -- -j8 -l8
[0.527s] DEBUG:colcon.colcon_core.event_handler.log_command:Invoking command in '/workspaces/ros2_ws/my_workspace/build/talos_description': CMAKE_PREFIX_PATH=${CMAKE_PREFIX_PATH}:/workspaces/ros2_ws/my_workspace/install/ros_visuals:/opt/ros/rolling /usr/bin/cmake --install /workspaces/ros2_ws/my_workspace/build/talos_description
[0.541s] Level 1:colcon.colcon_core.environment:create_environment_scripts_only(talos_description)
[0.541s] Level 1:colcon.colcon_core.environment:checking '/workspaces/ros2_ws/my_workspace/install/talos_description' for CMake module files
[0.543s] Level 1:colcon.colcon_core.environment:checking '/workspaces/ros2_ws/my_workspace/install/talos_description' for CMake config files
[0.545s] Level 1:colcon.colcon_core.shell:create_environment_hook('talos_description', 'cmake_prefix_path')
[0.545s] INFO:colcon.colcon_core.shell:Creating environment hook '/workspaces/ros2_ws/my_workspace/install/talos_description/share/talos_description/hook/cmake_prefix_path.ps1'
[0.546s] INFO:colcon.colcon_core.shell:Creating environment descriptor '/workspaces/ros2_ws/my_workspace/install/talos_description/share/talos_description/hook/cmake_prefix_path.dsv'
[0.547s] INFO:colcon.colcon_core.shell:Creating environment hook '/workspaces/ros2_ws/my_workspace/install/talos_description/share/talos_description/hook/cmake_prefix_path.sh'
[0.548s] Level 1:colcon.colcon_core.environment:checking '/workspaces/ros2_ws/my_workspace/install/talos_description/bin'
[0.548s] Level 1:colcon.colcon_core.environment:checking '/workspaces/ros2_ws/my_workspace/install/talos_description/lib/pkgconfig/talos_description.pc'
[0.548s] Level 1:colcon.colcon_core.environment:checking '/workspaces/ros2_ws/my_workspace/install/talos_description/lib/python3.12/site-packages'
[0.548s] Level 1:colcon.colcon_core.environment:checking '/workspaces/ros2_ws/my_workspace/install/talos_description/bin'
[0.548s] INFO:colcon.colcon_core.shell:Creating package script '/workspaces/ros2_ws/my_workspace/install/talos_description/share/talos_description/package.ps1'
[0.550s] INFO:colcon.colcon_core.shell:Creating package descriptor '/workspaces/ros2_ws/my_workspace/install/talos_description/share/talos_description/package.dsv'
[0.551s] INFO:colcon.colcon_core.shell:Creating package script '/workspaces/ros2_ws/my_workspace/install/talos_description/share/talos_description/package.sh'
[0.554s] INFO:colcon.colcon_core.shell:Creating package script '/workspaces/ros2_ws/my_workspace/install/talos_description/share/talos_description/package.bash'
[0.557s] DEBUG:colcon.colcon_core.event_handler.log_command:Invoked command in '/workspaces/ros2_ws/my_workspace/build/talos_description' returned '0': CMAKE_PREFIX_PATH=${CMAKE_PREFIX_PATH}:/workspaces/ros2_ws/my_workspace/install/ros_visuals:/opt/ros/rolling /usr/bin/cmake --install /workspaces/ros2_ws/my_workspace/build/talos_description
[0.557s] INFO:colcon.colcon_core.shell:Creating package script '/workspaces/ros2_ws/my_workspace/install/talos_description/share/talos_description/package.zsh'
[0.558s] Level 1:colcon.colcon_core.environment:create_file_with_runtime_dependencies(/workspaces/ros2_ws/my_workspace/install/talos_description/share/colcon-core/packages/talos_description)
[0.558s] Level 1:colcon.colcon_core.environment:create_environment_scripts_only(talos_description)
[0.558s] Level 1:colcon.colcon_core.environment:checking '/workspaces/ros2_ws/my_workspace/install/talos_description' for CMake module files
[0.559s] Level 1:colcon.colcon_core.environment:checking '/workspaces/ros2_ws/my_workspace/install/talos_description' for CMake config files
[0.559s] Level 1:colcon.colcon_core.shell:create_environment_hook('talos_description', 'cmake_prefix_path')
[0.560s] INFO:colcon.colcon_core.shell:Creating environment hook '/workspaces/ros2_ws/my_workspace/install/talos_description/share/talos_description/hook/cmake_prefix_path.ps1'
[0.560s] INFO:colcon.colcon_core.shell:Creating environment descriptor '/workspaces/ros2_ws/my_workspace/install/talos_description/share/talos_description/hook/cmake_prefix_path.dsv'
[0.561s] INFO:colcon.colcon_core.shell:Creating environment hook '/workspaces/ros2_ws/my_workspace/install/talos_description/share/talos_description/hook/cmake_prefix_path.sh'
[0.561s] Level 1:colcon.colcon_core.environment:checking '/workspaces/ros2_ws/my_workspace/install/talos_description/bin'
[0.561s] Level 1:colcon.colcon_core.environment:checking '/workspaces/ros2_ws/my_workspace/install/talos_description/lib/pkgconfig/talos_description.pc'
[0.562s] Level 1:colcon.colcon_core.environment:checking '/workspaces/ros2_ws/my_workspace/install/talos_description/lib/python3.12/site-packages'
[0.562s] Level 1:colcon.colcon_core.environment:checking '/workspaces/ros2_ws/my_workspace/install/talos_description/bin'
[0.562s] INFO:colcon.colcon_core.shell:Creating package script '/workspaces/ros2_ws/my_workspace/install/talos_description/share/talos_description/package.ps1'
[0.563s] INFO:colcon.colcon_core.shell:Creating package descriptor '/workspaces/ros2_ws/my_workspace/install/talos_description/share/talos_description/package.dsv'
[0.563s] INFO:colcon.colcon_core.shell:Creating package script '/workspaces/ros2_ws/my_workspace/install/talos_description/share/talos_description/package.sh'
[0.564s] INFO:colcon.colcon_core.shell:Creating package script '/workspaces/ros2_ws/my_workspace/install/talos_description/share/talos_description/package.bash'
[0.564s] INFO:colcon.colcon_core.shell:Creating package script '/workspaces/ros2_ws/my_workspace/install/talos_description/share/talos_description/package.zsh'
[0.565s] Level 1:colcon.colcon_core.environment:create_file_with_runtime_dependencies(/workspaces/ros2_ws/my_workspace/install/talos_description/share/colcon-core/packages/talos_description)
[1.064s] DEBUG:colcon.colcon_core.event_handler.log_command:Invoking command in '/workspaces/ros2_ws/my_workspace/src/ros_visuals': PYTHONPATH=/workspaces/ros2_ws/my_workspace/build/ros_visuals/prefix_override:/usr/lib/python3/dist-packages/colcon_core/task/python/colcon_distutils_commands:/workspaces/ros2_ws/my_workspace/install/ros_visuals/lib/python3.12/site-packages:${PYTHONPATH} /usr/bin/python3 -W ignore:setup.py install is deprecated -W ignore:easy_install command is deprecated setup.py egg_info --egg-base ../../build/ros_visuals build --build-base /workspaces/ros2_ws/my_workspace/build/ros_visuals/build install --record /workspaces/ros2_ws/my_workspace/build/ros_visuals/install.log --single-version-externally-managed install_data
[1.967s] Level 1:colcon.colcon_core.environment:checking '/workspaces/ros2_ws/my_workspace/install/ros_visuals' for CMake module files
[1.967s] DEBUG:colcon.colcon_core.event_handler.log_command:Invoked command in '/workspaces/ros2_ws/my_workspace/src/ros_visuals' returned '0': PYTHONPATH=/workspaces/ros2_ws/my_workspace/build/ros_visuals/prefix_override:/usr/lib/python3/dist-packages/colcon_core/task/python/colcon_distutils_commands:/workspaces/ros2_ws/my_workspace/install/ros_visuals/lib/python3.12/site-packages:${PYTHONPATH} /usr/bin/python3 -W ignore:setup.py install is deprecated -W ignore:easy_install command is deprecated setup.py egg_info --egg-base ../../build/ros_visuals build --build-base /workspaces/ros2_ws/my_workspace/build/ros_visuals/build install --record /workspaces/ros2_ws/my_workspace/build/ros_visuals/install.log --single-version-externally-managed install_data
[1.967s] Level 1:colcon.colcon_core.environment:checking '/workspaces/ros2_ws/my_workspace/install/ros_visuals' for CMake config files
[1.968s] Level 1:colcon.colcon_core.environment:checking '/workspaces/ros2_ws/my_workspace/install/ros_visuals/lib'
[1.968s] Level 1:colcon.colcon_core.environment:checking '/workspaces/ros2_ws/my_workspace/install/ros_visuals/bin'
[1.968s] Level 1:colcon.colcon_core.environment:checking '/workspaces/ros2_ws/my_workspace/install/ros_visuals/lib/pkgconfig/ros_visuals.pc'
[1.968s] Level 1:colcon.colcon_core.environment:checking '/workspaces/ros2_ws/my_workspace/install/ros_visuals/lib/python3.12/site-packages'
[1.968s] Level 1:colcon.colcon_core.shell:create_environment_hook('ros_visuals', 'pythonpath')
[1.968s] INFO:colcon.colcon_core.shell:Creating environment hook '/workspaces/ros2_ws/my_workspace/install/ros_visuals/share/ros_visuals/hook/pythonpath.ps1'
[1.969s] INFO:colcon.colcon_core.shell:Creating environment descriptor '/workspaces/ros2_ws/my_workspace/install/ros_visuals/share/ros_visuals/hook/pythonpath.dsv'
[1.969s] INFO:colcon.colcon_core.shell:Creating environment hook '/workspaces/ros2_ws/my_workspace/install/ros_visuals/share/ros_visuals/hook/pythonpath.sh'
[1.970s] Level 1:colcon.colcon_core.environment:checking '/workspaces/ros2_ws/my_workspace/install/ros_visuals/bin'
[1.970s] Level 1:colcon.colcon_core.environment:create_environment_scripts_only(ros_visuals)
[1.970s] INFO:colcon.colcon_core.shell:Creating package script '/workspaces/ros2_ws/my_workspace/install/ros_visuals/share/ros_visuals/package.ps1'
[1.970s] INFO:colcon.colcon_core.shell:Creating package descriptor '/workspaces/ros2_ws/my_workspace/install/ros_visuals/share/ros_visuals/package.dsv'
[1.971s] INFO:colcon.colcon_core.shell:Creating package script '/workspaces/ros2_ws/my_workspace/install/ros_visuals/share/ros_visuals/package.sh'
[1.971s] INFO:colcon.colcon_core.shell:Creating package script '/workspaces/ros2_ws/my_workspace/install/ros_visuals/share/ros_visuals/package.bash'
[1.971s] INFO:colcon.colcon_core.shell:Creating package script '/workspaces/ros2_ws/my_workspace/install/ros_visuals/share/ros_visuals/package.zsh'
[1.972s] Level 1:colcon.colcon_core.environment:create_file_with_runtime_dependencies(/workspaces/ros2_ws/my_workspace/install/ros_visuals/share/colcon-core/packages/ros_visuals)
[1.972s] DEBUG:colcon.colcon_parallel_executor.executor.parallel:closing loop
[1.972s] DEBUG:colcon.colcon_parallel_executor.executor.parallel:loop closed
[1.972s] DEBUG:colcon.colcon_parallel_executor.executor.parallel:run_until_complete finished with '0'
[1.972s] DEBUG:colcon.colcon_core.event_reactor:joining thread
[1.977s] INFO:colcon.colcon_core.plugin_system:Skipping extension 'colcon_notification.desktop_notification.notify_send': Could not find 'notify-send'
[1.977s] INFO:colcon.colcon_core.plugin_system:Skipping extension 'colcon_notification.desktop_notification.terminal_notifier': Not used on non-Darwin systems
[1.977s] INFO:colcon.colcon_core.plugin_system:Skipping extension 'colcon_notification.desktop_notification.win32': Not used on non-Windows systems
[1.977s] INFO:colcon.colcon_notification.desktop_notification:Sending desktop notification using 'notify2'
[1.977s] DEBUG:colcon.colcon_notification.desktop_notification.notify2:Failed to initialize notify2: org.freedesktop.DBus.Error.InvalidFileContent: D-Bus library appears to be incorrectly set up: see the manual page for dbus-uuidgen to correct this issue. (Failed to open "/var/lib/dbus/machine-id": No such file or directory; UUID file '/etc/machine-id' should contain a hex string of length 32, not length 0, with no other text)
[1.977s] DEBUG:colcon.colcon_core.event_reactor:joined thread
[1.977s] INFO:colcon.colcon_core.shell:Creating prefix script '/workspaces/ros2_ws/my_workspace/install/local_setup.ps1'
[1.978s] INFO:colcon.colcon_core.shell:Creating prefix util module '/workspaces/ros2_ws/my_workspace/install/_local_setup_util_ps1.py'
[1.979s] INFO:colcon.colcon_core.shell:Creating prefix chain script '/workspaces/ros2_ws/my_workspace/install/setup.ps1'
[1.980s] INFO:colcon.colcon_core.shell:Creating prefix script '/workspaces/ros2_ws/my_workspace/install/local_setup.sh'
[1.980s] INFO:colcon.colcon_core.shell:Creating prefix util module '/workspaces/ros2_ws/my_workspace/install/_local_setup_util_sh.py'
[1.981s] INFO:colcon.colcon_core.shell:Creating prefix chain script '/workspaces/ros2_ws/my_workspace/install/setup.sh'
[1.982s] INFO:colcon.colcon_core.shell:Creating prefix script '/workspaces/ros2_ws/my_workspace/install/local_setup.bash'
[1.983s] INFO:colcon.colcon_core.shell:Creating prefix chain script '/workspaces/ros2_ws/my_workspace/install/setup.bash'
[1.983s] INFO:colcon.colcon_core.shell:Creating prefix script '/workspaces/ros2_ws/my_workspace/install/local_setup.zsh'
[1.984s] INFO:colcon.colcon_core.shell:Creating prefix chain script '/workspaces/ros2_ws/my_workspace/install/setup.zsh'
