-- Install configuration: ""
-- Up-to-date: /workspaces/ros2_ws/install/talos_description/share/talos_description/meshes
-- Up-to-date: /workspaces/ros2_ws/install/talos_description/share/talos_description/meshes/talos_dummy.stl
-- Up-to-date: /workspaces/ros2_ws/install/talos_description/share/talos_description/meshes/super-simple-femur.STL
-- Up-to-date: /workspaces/ros2_ws/install/talos_description/share/talos_description/meshes/femur.STL
-- Up-to-date: /workspaces/ros2_ws/install/talos_description/share/talos_description/meshes/v2
-- Up-to-date: /workspaces/ros2_ws/install/talos_description/share/talos_description/meshes/v2/hip_x_collision.stl
-- Up-to-date: /workspaces/ros2_ws/install/talos_description/share/talos_description/meshes/v2/ankle_X_collision.stl
-- Up-to-date: /workspaces/ros2_ws/install/talos_description/share/talos_description/meshes/v2/base_link_collision.stl
-- Up-to-date: /workspaces/ros2_ws/install/talos_description/share/talos_description/meshes/v2/knee_lo_res.stl
-- Up-to-date: /workspaces/ros2_ws/install/talos_description/share/talos_description/meshes/v2/knee_collision.stl
-- Up-to-date: /workspaces/ros2_ws/install/talos_description/share/talos_description/meshes/v2/ankle_X_lo_res.stl
-- Up-to-date: /workspaces/ros2_ws/install/talos_description/share/talos_description/meshes/v2/base_link_lo_res.stl
-- Up-to-date: /workspaces/ros2_ws/install/talos_description/share/talos_description/meshes/v2/hip_y_lo_res.stl
-- Up-to-date: /workspaces/ros2_ws/install/talos_description/share/talos_description/meshes/v2/hip_z_lo_res.stl
-- Up-to-date: /workspaces/ros2_ws/install/talos_description/share/talos_description/meshes/v2/hip_z_collision.stl
-- Up-to-date: /workspaces/ros2_ws/install/talos_description/share/talos_description/meshes/v2/ankle_Y_lo_res.stl
-- Up-to-date: /workspaces/ros2_ws/install/talos_description/share/talos_description/meshes/v2/ankle_Y_collision.stl
-- Up-to-date: /workspaces/ros2_ws/install/talos_description/share/talos_description/meshes/v2/hip_y_collision.stl
-- Up-to-date: /workspaces/ros2_ws/install/talos_description/share/talos_description/meshes/v2/hip_x_lo_res.stl
-- Up-to-date: /workspaces/ros2_ws/install/talos_description/share/talos_description/meshes/torso
-- Up-to-date: /workspaces/ros2_ws/install/talos_description/share/talos_description/meshes/torso/torso_2.STL
-- Up-to-date: /workspaces/ros2_ws/install/talos_description/share/talos_description/meshes/torso/base_link_collision.STL
-- Up-to-date: /workspaces/ros2_ws/install/talos_description/share/talos_description/meshes/torso/torso_1.STL
-- Up-to-date: /workspaces/ros2_ws/install/talos_description/share/talos_description/meshes/torso/base_link.STL
-- Up-to-date: /workspaces/ros2_ws/install/talos_description/share/talos_description/meshes/torso/torso_2_collision.STL
-- Up-to-date: /workspaces/ros2_ws/install/talos_description/share/talos_description/meshes/tibia.STL
-- Up-to-date: /workspaces/ros2_ws/install/talos_description/share/talos_description/meshes/bart_light.STL
-- Up-to-date: /workspaces/ros2_ws/install/talos_description/share/talos_description/meshes/tibia_light.STL
-- Up-to-date: /workspaces/ros2_ws/install/talos_description/share/talos_description/meshes/hipZ.STL
-- Up-to-date: /workspaces/ros2_ws/install/talos_description/share/talos_description/meshes/bart.STL
-- Up-to-date: /workspaces/ros2_ws/install/talos_description/share/talos_description/meshes/hipZ_light.STL
-- Up-to-date: /workspaces/ros2_ws/install/talos_description/share/talos_description/meshes/femur_light.STL
-- Up-to-date: /workspaces/ros2_ws/install/talos_description/share/talos_description/meshes/super-simple-bart.STL
-- Up-to-date: /workspaces/ros2_ws/install/talos_description/share/talos_description/meshes/head
-- Up-to-date: /workspaces/ros2_ws/install/talos_description/share/talos_description/meshes/head/head_2_default.stl
-- Up-to-date: /workspaces/ros2_ws/install/talos_description/share/talos_description/meshes/head/head_2_lidar.stl
-- Up-to-date: /workspaces/ros2_ws/install/talos_description/share/talos_description/meshes/head/head_1.stl
-- Up-to-date: /workspaces/ros2_ws/install/talos_description/share/talos_description/meshes/head/head_2_collision.stl
-- Up-to-date: /workspaces/ros2_ws/install/talos_description/share/talos_description/meshes/head/head_2_default_collision.stl
-- Up-to-date: /workspaces/ros2_ws/install/talos_description/share/talos_description/meshes/head/head_2.stl
-- Up-to-date: /workspaces/ros2_ws/install/talos_description/share/talos_description/meshes/head/head_2_lidar_collision.stl
-- Up-to-date: /workspaces/ros2_ws/install/talos_description/share/talos_description/meshes/head/head_1_collision.stl
-- Up-to-date: /workspaces/ros2_ws/install/talos_description/share/talos_description/meshes/sensors
-- Up-to-date: /workspaces/ros2_ws/install/talos_description/share/talos_description/meshes/sensors/ouster
-- Up-to-date: /workspaces/ros2_ws/install/talos_description/share/talos_description/meshes/sensors/ouster/os1_64.dae
-- Up-to-date: /workspaces/ros2_ws/install/talos_description/share/talos_description/meshes/sensors/orbbec
-- Up-to-date: /workspaces/ros2_ws/install/talos_description/share/talos_description/meshes/sensors/orbbec/orbbec.STL
-- Up-to-date: /workspaces/ros2_ws/install/talos_description/share/talos_description/meshes/sensors/xtion_pro_live
-- Up-to-date: /workspaces/ros2_ws/install/talos_description/share/talos_description/meshes/sensors/xtion_pro_live/xtion_pro_live.dae
-- Up-to-date: /workspaces/ros2_ws/install/talos_description/share/talos_description/meshes/sensors/xtion_pro_live/xtion_pro_live.png
-- Up-to-date: /workspaces/ros2_ws/install/talos_description/share/talos_description/meshes/super-simple-tibia.STL
-- Up-to-date: /workspaces/ros2_ws/install/talos_description/share/talos_description/meshes/marker.STL
-- Up-to-date: /workspaces/ros2_ws/install/talos_description/share/talos_description/meshes/dummy_hand.STL
-- Up-to-date: /workspaces/ros2_ws/install/talos_description/share/talos_description/meshes/foot.STL
-- Up-to-date: /workspaces/ros2_ws/install/talos_description/share/talos_description/meshes/arm
-- Up-to-date: /workspaces/ros2_ws/install/talos_description/share/talos_description/meshes/arm/arm_4.STL
-- Up-to-date: /workspaces/ros2_ws/install/talos_description/share/talos_description/meshes/arm/arm_5_collision.STL
-- Up-to-date: /workspaces/ros2_ws/install/talos_description/share/talos_description/meshes/arm/arm_2.STL
-- Up-to-date: /workspaces/ros2_ws/install/talos_description/share/talos_description/meshes/arm/arm_4_collision.STL
-- Up-to-date: /workspaces/ros2_ws/install/talos_description/share/talos_description/meshes/arm/arm_1_collision.STL
-- Up-to-date: /workspaces/ros2_ws/install/talos_description/share/talos_description/meshes/arm/arm_2_collision.STL
-- Up-to-date: /workspaces/ros2_ws/install/talos_description/share/talos_description/meshes/arm/arm_6.STL
-- Up-to-date: /workspaces/ros2_ws/install/talos_description/share/talos_description/meshes/arm/arm_1.STL
-- Up-to-date: /workspaces/ros2_ws/install/talos_description/share/talos_description/meshes/arm/arm_3_collision.STL
-- Up-to-date: /workspaces/ros2_ws/install/talos_description/share/talos_description/meshes/arm/arm_7.STL
-- Up-to-date: /workspaces/ros2_ws/install/talos_description/share/talos_description/meshes/arm/arm_6_collision.STL
-- Up-to-date: /workspaces/ros2_ws/install/talos_description/share/talos_description/meshes/arm/arm_5.STL
-- Up-to-date: /workspaces/ros2_ws/install/talos_description/share/talos_description/meshes/arm/arm_3.STL
-- Up-to-date: /workspaces/ros2_ws/install/talos_description/share/talos_description/meshes/arm/arm_7_collision.STL
-- Up-to-date: /workspaces/ros2_ws/install/talos_description/share/talos_description/meshes/gripper
-- Up-to-date: /workspaces/ros2_ws/install/talos_description/share/talos_description/meshes/gripper/inner_double.STL
-- Up-to-date: /workspaces/ros2_ws/install/talos_description/share/talos_description/meshes/gripper/gripper_motor_double_collision.STL
-- Up-to-date: /workspaces/ros2_ws/install/talos_description/share/talos_description/meshes/gripper/inner_double_collision.STL
-- Up-to-date: /workspaces/ros2_ws/install/talos_description/share/talos_description/meshes/gripper/fingertip.STL
-- Up-to-date: /workspaces/ros2_ws/install/talos_description/share/talos_description/meshes/gripper/gripper_motor_double.STL
-- Up-to-date: /workspaces/ros2_ws/install/talos_description/share/talos_description/meshes/gripper/inner_single.STL
-- Up-to-date: /workspaces/ros2_ws/install/talos_description/share/talos_description/meshes/gripper/gripper_motor_single_collision.STL
-- Up-to-date: /workspaces/ros2_ws/install/talos_description/share/talos_description/meshes/gripper/gripper_tweezers.STL
-- Up-to-date: /workspaces/ros2_ws/install/talos_description/share/talos_description/meshes/gripper/base_link_collision.STL
-- Up-to-date: /workspaces/ros2_ws/install/talos_description/share/talos_description/meshes/gripper/gripper_simple.STL
-- Up-to-date: /workspaces/ros2_ws/install/talos_description/share/talos_description/meshes/gripper/base_link.STL
-- Up-to-date: /workspaces/ros2_ws/install/talos_description/share/talos_description/meshes/gripper/gripper_motor_single.STL
-- Up-to-date: /workspaces/ros2_ws/install/talos_description/share/talos_description/meshes/gripper/gripper_simple_collision.STL
-- Up-to-date: /workspaces/ros2_ws/install/talos_description/share/talos_description/meshes/gripper/fingertip_collision.STL
-- Up-to-date: /workspaces/ros2_ws/install/talos_description/share/talos_description/meshes/gripper/inner_single_collision.STL
-- Up-to-date: /workspaces/ros2_ws/install/talos_description/share/talos_description/meshes/gripper/gripper_tweezers_collision.STL
-- Up-to-date: /workspaces/ros2_ws/install/talos_description/share/talos_description/meshes/marker_head.STL
-- Up-to-date: /workspaces/ros2_ws/install/talos_description/share/talos_description/robots
-- Up-to-date: /workspaces/ros2_ws/install/talos_description/share/talos_description/robots/talos_reduced_no_hands.urdf
-- Up-to-date: /workspaces/ros2_ws/install/talos_description/share/talos_description/robots/talos.urdf
-- Up-to-date: /workspaces/ros2_ws/install/talos_description/share/talos_description/robots/talos_reduced.urdf
-- Up-to-date: /workspaces/ros2_ws/install/talos_description/share/ament_index/resource_index/package_run_dependencies/talos_description
-- Up-to-date: /workspaces/ros2_ws/install/talos_description/share/ament_index/resource_index/parent_prefix_path/talos_description
-- Up-to-date: /workspaces/ros2_ws/install/talos_description/share/talos_description/environment/ament_prefix_path.sh
-- Up-to-date: /workspaces/ros2_ws/install/talos_description/share/talos_description/environment/ament_prefix_path.dsv
-- Up-to-date: /workspaces/ros2_ws/install/talos_description/share/talos_description/environment/path.sh
-- Up-to-date: /workspaces/ros2_ws/install/talos_description/share/talos_description/environment/path.dsv
-- Up-to-date: /workspaces/ros2_ws/install/talos_description/share/talos_description/local_setup.bash
-- Up-to-date: /workspaces/ros2_ws/install/talos_description/share/talos_description/local_setup.sh
-- Up-to-date: /workspaces/ros2_ws/install/talos_description/share/talos_description/local_setup.zsh
-- Up-to-date: /workspaces/ros2_ws/install/talos_description/share/talos_description/local_setup.dsv
-- Up-to-date: /workspaces/ros2_ws/install/talos_description/share/talos_description/package.dsv
-- Up-to-date: /workspaces/ros2_ws/install/talos_description/share/ament_index/resource_index/packages/talos_description
-- Up-to-date: /workspaces/ros2_ws/install/talos_description/share/talos_description/cmake/talos_descriptionConfig.cmake
-- Up-to-date: /workspaces/ros2_ws/install/talos_description/share/talos_description/cmake/talos_descriptionConfig-version.cmake
-- Up-to-date: /workspaces/ros2_ws/install/talos_description/share/talos_description/package.xml
