-- Install configuration: ""
-- Up-to-date: /workspaces/ros2_ws/my_workspace/install/reemc_description/share/reemc_description/meshes
-- Up-to-date: /workspaces/ros2_ws/my_workspace/install/reemc_description/share/reemc_description/meshes/leg
-- Up-to-date: /workspaces/ros2_ws/my_workspace/install/reemc_description/share/reemc_description/meshes/leg/leg_1_collision.stl
-- Up-to-date: /workspaces/ros2_ws/my_workspace/install/reemc_description/share/reemc_description/meshes/leg/leg_1.dae
-- Up-to-date: /workspaces/ros2_ws/my_workspace/install/reemc_description/share/reemc_description/meshes/leg/leg_4_collision.stl
-- Up-to-date: /workspaces/ros2_ws/my_workspace/install/reemc_description/share/reemc_description/meshes/leg/r_foot.dae
-- Up-to-date: /workspaces/ros2_ws/my_workspace/install/reemc_description/share/reemc_description/meshes/leg/leg_6.dae
-- Up-to-date: /workspaces/ros2_ws/my_workspace/install/reemc_description/share/reemc_description/meshes/leg/leg_4.dae
-- Up-to-date: /workspaces/ros2_ws/my_workspace/install/reemc_description/share/reemc_description/meshes/leg/leg_3.dae
-- Up-to-date: /workspaces/ros2_ws/my_workspace/install/reemc_description/share/reemc_description/meshes/leg/leg_3_collision.stl
-- Up-to-date: /workspaces/ros2_ws/my_workspace/install/reemc_description/share/reemc_description/meshes/hand
-- Up-to-date: /workspaces/ros2_ws/my_workspace/install/reemc_description/share/reemc_description/meshes/hand/hand_finger_1.dae
-- Up-to-date: /workspaces/ros2_ws/my_workspace/install/reemc_description/share/reemc_description/meshes/hand/hand_finger_3_collision.stl
-- Up-to-date: /workspaces/ros2_ws/my_workspace/install/reemc_description/share/reemc_description/meshes/hand/hand_finger_2.dae
-- Up-to-date: /workspaces/ros2_ws/my_workspace/install/reemc_description/share/reemc_description/meshes/hand/hand_finger_2_collision.stl
-- Up-to-date: /workspaces/ros2_ws/my_workspace/install/reemc_description/share/reemc_description/meshes/hand/hand_finger_1_normals.png
-- Up-to-date: /workspaces/ros2_ws/my_workspace/install/reemc_description/share/reemc_description/meshes/hand/hand_finger_1_specular.png
-- Up-to-date: /workspaces/ros2_ws/my_workspace/install/reemc_description/share/reemc_description/meshes/hand/hand_thumb_specular.png
-- Up-to-date: /workspaces/ros2_ws/my_workspace/install/reemc_description/share/reemc_description/meshes/hand/hand_finger_3_normals.png
-- Up-to-date: /workspaces/ros2_ws/my_workspace/install/reemc_description/share/reemc_description/meshes/hand/hand_thumb.dae
-- Up-to-date: /workspaces/ros2_ws/my_workspace/install/reemc_description/share/reemc_description/meshes/hand/hand_finger_2_normals.png
-- Up-to-date: /workspaces/ros2_ws/my_workspace/install/reemc_description/share/reemc_description/meshes/hand/hand_finger_2_color.png
-- Up-to-date: /workspaces/ros2_ws/my_workspace/install/reemc_description/share/reemc_description/meshes/hand/hand_thumb_collision.stl
-- Up-to-date: /workspaces/ros2_ws/my_workspace/install/reemc_description/share/reemc_description/meshes/hand/hand_finger_3.dae
-- Up-to-date: /workspaces/ros2_ws/my_workspace/install/reemc_description/share/reemc_description/meshes/hand/hand_thumb_normals.png
-- Up-to-date: /workspaces/ros2_ws/my_workspace/install/reemc_description/share/reemc_description/meshes/hand/hand_palm_collision.stl
-- Up-to-date: /workspaces/ros2_ws/my_workspace/install/reemc_description/share/reemc_description/meshes/hand/hand_thumb_color.png
-- Up-to-date: /workspaces/ros2_ws/my_workspace/install/reemc_description/share/reemc_description/meshes/hand/hand_palm.dae
-- Up-to-date: /workspaces/ros2_ws/my_workspace/install/reemc_description/share/reemc_description/meshes/hand/hand_finger_3_specular.png
-- Up-to-date: /workspaces/ros2_ws/my_workspace/install/reemc_description/share/reemc_description/meshes/hand/hand_palm_specular.png
-- Up-to-date: /workspaces/ros2_ws/my_workspace/install/reemc_description/share/reemc_description/meshes/hand/hand_finger_2_specular.png
-- Up-to-date: /workspaces/ros2_ws/my_workspace/install/reemc_description/share/reemc_description/meshes/hand/hand_palm_color.png
-- Up-to-date: /workspaces/ros2_ws/my_workspace/install/reemc_description/share/reemc_description/meshes/hand/hand_finger_1_collision.stl
-- Up-to-date: /workspaces/ros2_ws/my_workspace/install/reemc_description/share/reemc_description/meshes/hand/hand_finger_3_color.png
-- Up-to-date: /workspaces/ros2_ws/my_workspace/install/reemc_description/share/reemc_description/meshes/hand/hand_finger_1_color.png
-- Up-to-date: /workspaces/ros2_ws/my_workspace/install/reemc_description/share/reemc_description/meshes/hand/hand_palm_normals.png
-- Up-to-date: /workspaces/ros2_ws/my_workspace/install/reemc_description/share/reemc_description/meshes/torso
-- Up-to-date: /workspaces/ros2_ws/my_workspace/install/reemc_description/share/reemc_description/meshes/torso/torso_2.dae
-- Up-to-date: /workspaces/ros2_ws/my_workspace/install/reemc_description/share/reemc_description/meshes/torso/torso_2_collision.stl
-- Up-to-date: /workspaces/ros2_ws/my_workspace/install/reemc_description/share/reemc_description/meshes/base
-- Up-to-date: /workspaces/ros2_ws/my_workspace/install/reemc_description/share/reemc_description/meshes/base/base_collision.stl
-- Up-to-date: /workspaces/ros2_ws/my_workspace/install/reemc_description/share/reemc_description/meshes/base/base.dae
-- Up-to-date: /workspaces/ros2_ws/my_workspace/install/reemc_description/share/reemc_description/meshes/head
-- Up-to-date: /workspaces/ros2_ws/my_workspace/install/reemc_description/share/reemc_description/meshes/head/head_2_v0.dae
-- Up-to-date: /workspaces/ros2_ws/my_workspace/install/reemc_description/share/reemc_description/meshes/head/head_2_v1.stl
-- Up-to-date: /workspaces/ros2_ws/my_workspace/install/reemc_description/share/reemc_description/meshes/head/head_2_collision.stl
-- Up-to-date: /workspaces/ros2_ws/my_workspace/install/reemc_description/share/reemc_description/meshes/head/head_1.dae
-- Up-to-date: /workspaces/ros2_ws/my_workspace/install/reemc_description/share/reemc_description/meshes/head/head_1_collision.stl
-- Up-to-date: /workspaces/ros2_ws/my_workspace/install/reemc_description/share/reemc_description/meshes/sensors
-- Up-to-date: /workspaces/ros2_ws/my_workspace/install/reemc_description/share/reemc_description/meshes/sensors/xtion_pro_live
-- Up-to-date: /workspaces/ros2_ws/my_workspace/install/reemc_description/share/reemc_description/meshes/sensors/xtion_pro_live/xtion_pro_live.dae
-- Up-to-date: /workspaces/ros2_ws/my_workspace/install/reemc_description/share/reemc_description/meshes/sensors/xtion_pro_live/xtion_pro_live.png
-- Up-to-date: /workspaces/ros2_ws/my_workspace/install/reemc_description/share/reemc_description/meshes/sensors/urg-04lx-ug01.stl
-- Up-to-date: /workspaces/ros2_ws/my_workspace/install/reemc_description/share/reemc_description/meshes/hey5
-- Up-to-date: /workspaces/ros2_ws/my_workspace/install/reemc_description/share/reemc_description/meshes/hey5/palm_collision.stl
-- Up-to-date: /workspaces/ros2_ws/my_workspace/install/reemc_description/share/reemc_description/meshes/hey5/palm.stl
-- Up-to-date: /workspaces/ros2_ws/my_workspace/install/reemc_description/share/reemc_description/meshes/hey5/finger_flex_tip_collision.stl
-- Up-to-date: /workspaces/ros2_ws/my_workspace/install/reemc_description/share/reemc_description/meshes/hey5/thumb_abd_collision.stl
-- Up-to-date: /workspaces/ros2_ws/my_workspace/install/reemc_description/share/reemc_description/meshes/hey5/finger_flex_collision.stl
-- Up-to-date: /workspaces/ros2_ws/my_workspace/install/reemc_description/share/reemc_description/meshes/hey5/finger_abd_collision.stl
-- Up-to-date: /workspaces/ros2_ws/my_workspace/install/reemc_description/share/reemc_description/meshes/kinect.tga
-- Up-to-date: /workspaces/ros2_ws/my_workspace/install/reemc_description/share/reemc_description/meshes/kinect.dae
-- Up-to-date: /workspaces/ros2_ws/my_workspace/install/reemc_description/share/reemc_description/meshes/arm
-- Up-to-date: /workspaces/ros2_ws/my_workspace/install/reemc_description/share/reemc_description/meshes/arm/arm_6_collision.stl
-- Up-to-date: /workspaces/ros2_ws/my_workspace/install/reemc_description/share/reemc_description/meshes/arm/arm_5_collision.stl
-- Up-to-date: /workspaces/ros2_ws/my_workspace/install/reemc_description/share/reemc_description/meshes/arm/arm_3_color.png
-- Up-to-date: /workspaces/ros2_ws/my_workspace/install/reemc_description/share/reemc_description/meshes/arm/arm_6_specular.png
-- Up-to-date: /workspaces/ros2_ws/my_workspace/install/reemc_description/share/reemc_description/meshes/arm/arm_6.dae
-- Up-to-date: /workspaces/ros2_ws/my_workspace/install/reemc_description/share/reemc_description/meshes/arm/arm_3_specular.png
-- Up-to-date: /workspaces/ros2_ws/my_workspace/install/reemc_description/share/reemc_description/meshes/arm/arm_2_specular.png
-- Up-to-date: /workspaces/ros2_ws/my_workspace/install/reemc_description/share/reemc_description/meshes/arm/arm_1_normals.png
-- Up-to-date: /workspaces/ros2_ws/my_workspace/install/reemc_description/share/reemc_description/meshes/arm/arm_1.dae
-- Up-to-date: /workspaces/ros2_ws/my_workspace/install/reemc_description/share/reemc_description/meshes/arm/arm_2_color.png
-- Up-to-date: /workspaces/ros2_ws/my_workspace/install/reemc_description/share/reemc_description/meshes/arm/arm_4_specular.png
-- Up-to-date: /workspaces/ros2_ws/my_workspace/install/reemc_description/share/reemc_description/meshes/arm/arm_5.dae
-- Up-to-date: /workspaces/ros2_ws/my_workspace/install/reemc_description/share/reemc_description/meshes/arm/arm_4.dae
-- Up-to-date: /workspaces/ros2_ws/my_workspace/install/reemc_description/share/reemc_description/meshes/arm/arm_2_collision.stl
-- Up-to-date: /workspaces/ros2_ws/my_workspace/install/reemc_description/share/reemc_description/meshes/arm/arm_4_color.png
-- Up-to-date: /workspaces/ros2_ws/my_workspace/install/reemc_description/share/reemc_description/meshes/arm/arm_1_specular.png
-- Up-to-date: /workspaces/ros2_ws/my_workspace/install/reemc_description/share/reemc_description/meshes/arm/arm_3.dae
-- Up-to-date: /workspaces/ros2_ws/my_workspace/install/reemc_description/share/reemc_description/meshes/arm/arm_6_normals.png
-- Up-to-date: /workspaces/ros2_ws/my_workspace/install/reemc_description/share/reemc_description/meshes/arm/arm_1_collision.stl
-- Up-to-date: /workspaces/ros2_ws/my_workspace/install/reemc_description/share/reemc_description/meshes/arm/arm_6_color.png
-- Up-to-date: /workspaces/ros2_ws/my_workspace/install/reemc_description/share/reemc_description/meshes/arm/arm_2_normals.png
-- Up-to-date: /workspaces/ros2_ws/my_workspace/install/reemc_description/share/reemc_description/meshes/arm/arm_2.dae
-- Up-to-date: /workspaces/ros2_ws/my_workspace/install/reemc_description/share/reemc_description/meshes/arm/arm_3_collision.stl
-- Up-to-date: /workspaces/ros2_ws/my_workspace/install/reemc_description/share/reemc_description/meshes/arm/arm_1_color.png
-- Up-to-date: /workspaces/ros2_ws/my_workspace/install/reemc_description/share/reemc_description/meshes/arm/arm_3_normals.png
-- Up-to-date: /workspaces/ros2_ws/my_workspace/install/reemc_description/share/reemc_description/meshes/arm/arm_4_collision.stl
-- Up-to-date: /workspaces/ros2_ws/my_workspace/install/reemc_description/share/reemc_description/meshes/arm/arm_4_normals.png
-- Up-to-date: /workspaces/ros2_ws/my_workspace/install/reemc_description/share/reemc_description/meshes/chessboard
-- Up-to-date: /workspaces/ros2_ws/my_workspace/install/reemc_description/share/reemc_description/meshes/chessboard/chessboard.dae
-- Up-to-date: /workspaces/ros2_ws/my_workspace/install/reemc_description/share/reemc_description/meshes/chessboard/chessboard.png
-- Up-to-date: /workspaces/ros2_ws/my_workspace/install/reemc_description/share/reemc_description/robots
-- Up-to-date: /workspaces/ros2_ws/my_workspace/install/reemc_description/share/reemc_description/robots/reemc.urdf
-- Up-to-date: /workspaces/ros2_ws/my_workspace/install/reemc_description/share/ament_index/resource_index/package_run_dependencies/reemc_description
-- Up-to-date: /workspaces/ros2_ws/my_workspace/install/reemc_description/share/ament_index/resource_index/parent_prefix_path/reemc_description
-- Up-to-date: /workspaces/ros2_ws/my_workspace/install/reemc_description/share/reemc_description/environment/ament_prefix_path.sh
-- Up-to-date: /workspaces/ros2_ws/my_workspace/install/reemc_description/share/reemc_description/environment/ament_prefix_path.dsv
-- Up-to-date: /workspaces/ros2_ws/my_workspace/install/reemc_description/share/reemc_description/environment/path.sh
-- Up-to-date: /workspaces/ros2_ws/my_workspace/install/reemc_description/share/reemc_description/environment/path.dsv
-- Up-to-date: /workspaces/ros2_ws/my_workspace/install/reemc_description/share/reemc_description/local_setup.bash
-- Up-to-date: /workspaces/ros2_ws/my_workspace/install/reemc_description/share/reemc_description/local_setup.sh
-- Up-to-date: /workspaces/ros2_ws/my_workspace/install/reemc_description/share/reemc_description/local_setup.zsh
-- Up-to-date: /workspaces/ros2_ws/my_workspace/install/reemc_description/share/reemc_description/local_setup.dsv
-- Installing: /workspaces/ros2_ws/my_workspace/install/reemc_description/share/reemc_description/package.dsv
-- Up-to-date: /workspaces/ros2_ws/my_workspace/install/reemc_description/share/ament_index/resource_index/packages/reemc_description
-- Up-to-date: /workspaces/ros2_ws/my_workspace/install/reemc_description/share/reemc_description/cmake/reemc_descriptionConfig.cmake
-- Up-to-date: /workspaces/ros2_ws/my_workspace/install/reemc_description/share/reemc_description/cmake/reemc_descriptionConfig-version.cmake
-- Up-to-date: /workspaces/ros2_ws/my_workspace/install/reemc_description/share/reemc_description/package.xml
