[0.088s] DEBUG:colcon:Command line arguments: ['/usr/bin/colcon', 'build']
[0.088s] DEBUG:colcon:Parsed command line arguments: Namespace(log_base=None, log_level=None, verb_name='build', build_base='build', install_base='install', merge_install=False, symlink_install=False, test_result_base=None, continue_on_error=False, executor='parallel', parallel_workers=8, event_handlers=None, ignore_user_meta=False, metas=['./colcon.meta'], base_paths=['.'], packages_ignore=None, packages_ignore_regex=None, paths=None, packages_up_to=None, packages_up_to_regex=None, packages_above=None, packages_above_and_dependencies=None, packages_above_depth=None, packages_select_by_dep=None, packages_skip_by_dep=None, packages_skip_up_to=None, packages_select_build_failed=False, packages_skip_build_finished=False, packages_select_test_failures=False, packages_skip_test_passed=False, packages_select=None, packages_skip=None, packages_select_regex=None, packages_skip_regex=None, packages_start=None, packages_end=None, cmake_args=None, cmake_target=None, cmake_target_skip_unavailable=False, cmake_clean_cache=False, cmake_clean_first=False, cmake_force_configure=False, ament_cmake_args=None, catkin_cmake_args=None, catkin_skip_building_tests=False, mixin_files=None, mixin=None, verb_parser=<colcon_mixin.mixin.mixin_argument.MixinArgumentDecorator object at 0x7bb2736c7350>, verb_extension=<colcon_core.verb.build.BuildVerb object at 0x7bb2738177a0>, main=<bound method BuildVerb.main of <colcon_core.verb.build.BuildVerb object at 0x7bb2738177a0>>, mixin_verb=('build',))
[0.121s] Level 1:colcon.colcon_core.package_discovery:discover_packages(colcon_meta) check parameters
[0.121s] Level 1:colcon.colcon_core.package_discovery:discover_packages(recursive) check parameters
[0.121s] Level 1:colcon.colcon_core.package_discovery:discover_packages(ignore) check parameters
[0.121s] Level 1:colcon.colcon_core.package_discovery:discover_packages(path) check parameters
[0.121s] Level 1:colcon.colcon_core.package_discovery:discover_packages(colcon_meta) discover
[0.121s] Level 1:colcon.colcon_core.package_discovery:discover_packages(recursive) discover
[0.121s] INFO:colcon.colcon_core.package_discovery:Crawling recursively for packages in '/workspaces/ros2_ws/my_workspace'
[0.121s] Level 1:colcon.colcon_core.package_identification:_identify(.) by extensions ['ignore', 'ignore_ament_install']
[0.122s] Level 1:colcon.colcon_core.package_identification:_identify(.) by extension 'ignore'
[0.122s] Level 1:colcon.colcon_core.package_identification:_identify(.) by extension 'ignore_ament_install'
[0.122s] Level 1:colcon.colcon_core.package_identification:_identify(.) by extensions ['colcon_pkg']
[0.122s] Level 1:colcon.colcon_core.package_identification:_identify(.) by extension 'colcon_pkg'
[0.122s] Level 1:colcon.colcon_core.package_identification:_identify(.) by extensions ['colcon_meta']
[0.122s] Level 1:colcon.colcon_core.package_identification:_identify(.) by extension 'colcon_meta'
[0.122s] Level 1:colcon.colcon_core.package_identification:_identify(.) by extensions ['ros']
[0.122s] Level 1:colcon.colcon_core.package_identification:_identify(.) by extension 'ros'
[0.144s] Level 1:colcon.colcon_core.package_identification:_identify(.) by extensions ['cmake', 'python']
[0.145s] Level 1:colcon.colcon_core.package_identification:_identify(.) by extension 'cmake'
[0.145s] Level 1:colcon.colcon_core.package_identification:_identify(.) by extension 'python'
[0.145s] Level 1:colcon.colcon_core.package_identification:_identify(.) by extensions ['python_setup_py']
[0.145s] Level 1:colcon.colcon_core.package_identification:_identify(.) by extension 'python_setup_py'
[0.145s] Level 1:colcon.colcon_core.package_identification:_identify(build) by extensions ['ignore', 'ignore_ament_install']
[0.145s] Level 1:colcon.colcon_core.package_identification:_identify(build) by extension 'ignore'
[0.145s] Level 1:colcon.colcon_core.package_identification:_identify(build) ignored
[0.145s] Level 1:colcon.colcon_core.package_identification:_identify(install) by extensions ['ignore', 'ignore_ament_install']
[0.145s] Level 1:colcon.colcon_core.package_identification:_identify(install) by extension 'ignore'
[0.145s] Level 1:colcon.colcon_core.package_identification:_identify(install) ignored
[0.146s] Level 1:colcon.colcon_core.package_identification:_identify(log) by extensions ['ignore', 'ignore_ament_install']
[0.146s] Level 1:colcon.colcon_core.package_identification:_identify(log) by extension 'ignore'
[0.146s] Level 1:colcon.colcon_core.package_identification:_identify(log) ignored
[0.146s] Level 1:colcon.colcon_core.package_identification:_identify(src) by extensions ['ignore', 'ignore_ament_install']
[0.146s] Level 1:colcon.colcon_core.package_identification:_identify(src) by extension 'ignore'
[0.146s] Level 1:colcon.colcon_core.package_identification:_identify(src) by extension 'ignore_ament_install'
[0.146s] Level 1:colcon.colcon_core.package_identification:_identify(src) by extensions ['colcon_pkg']
[0.146s] Level 1:colcon.colcon_core.package_identification:_identify(src) by extension 'colcon_pkg'
[0.146s] Level 1:colcon.colcon_core.package_identification:_identify(src) by extensions ['colcon_meta']
[0.146s] Level 1:colcon.colcon_core.package_identification:_identify(src) by extension 'colcon_meta'
[0.146s] Level 1:colcon.colcon_core.package_identification:_identify(src) by extensions ['ros']
[0.146s] Level 1:colcon.colcon_core.package_identification:_identify(src) by extension 'ros'
[0.146s] Level 1:colcon.colcon_core.package_identification:_identify(src) by extensions ['cmake', 'python']
[0.146s] Level 1:colcon.colcon_core.package_identification:_identify(src) by extension 'cmake'
[0.146s] Level 1:colcon.colcon_core.package_identification:_identify(src) by extension 'python'
[0.146s] Level 1:colcon.colcon_core.package_identification:_identify(src) by extensions ['python_setup_py']
[0.146s] Level 1:colcon.colcon_core.package_identification:_identify(src) by extension 'python_setup_py'
[0.146s] Level 1:colcon.colcon_core.package_identification:_identify(src/T2_template) by extensions ['ignore', 'ignore_ament_install']
[0.146s] Level 1:colcon.colcon_core.package_identification:_identify(src/T2_template) by extension 'ignore'
[0.147s] Level 1:colcon.colcon_core.package_identification:_identify(src/T2_template) by extension 'ignore_ament_install'
[0.147s] Level 1:colcon.colcon_core.package_identification:_identify(src/T2_template) by extensions ['colcon_pkg']
[0.147s] Level 1:colcon.colcon_core.package_identification:_identify(src/T2_template) by extension 'colcon_pkg'
[0.147s] Level 1:colcon.colcon_core.package_identification:_identify(src/T2_template) by extensions ['colcon_meta']
[0.147s] Level 1:colcon.colcon_core.package_identification:_identify(src/T2_template) by extension 'colcon_meta'
[0.147s] Level 1:colcon.colcon_core.package_identification:_identify(src/T2_template) by extensions ['ros']
[0.147s] Level 1:colcon.colcon_core.package_identification:_identify(src/T2_template) by extension 'ros'
[0.147s] Level 1:colcon.colcon_core.package_identification:_identify(src/T2_template) by extensions ['cmake', 'python']
[0.147s] Level 1:colcon.colcon_core.package_identification:_identify(src/T2_template) by extension 'cmake'
[0.147s] Level 1:colcon.colcon_core.package_identification:_identify(src/T2_template) by extension 'python'
[0.147s] Level 1:colcon.colcon_core.package_identification:_identify(src/T2_template) by extensions ['python_setup_py']
[0.147s] Level 1:colcon.colcon_core.package_identification:_identify(src/T2_template) by extension 'python_setup_py'
[0.147s] Level 1:colcon.colcon_core.package_identification:_identify(src/T2_template/Template) by extensions ['ignore', 'ignore_ament_install']
[0.147s] Level 1:colcon.colcon_core.package_identification:_identify(src/T2_template/Template) by extension 'ignore'
[0.147s] Level 1:colcon.colcon_core.package_identification:_identify(src/T2_template/Template) by extension 'ignore_ament_install'
[0.147s] Level 1:colcon.colcon_core.package_identification:_identify(src/T2_template/Template) by extensions ['colcon_pkg']
[0.147s] Level 1:colcon.colcon_core.package_identification:_identify(src/T2_template/Template) by extension 'colcon_pkg'
[0.147s] Level 1:colcon.colcon_core.package_identification:_identify(src/T2_template/Template) by extensions ['colcon_meta']
[0.147s] Level 1:colcon.colcon_core.package_identification:_identify(src/T2_template/Template) by extension 'colcon_meta'
[0.147s] Level 1:colcon.colcon_core.package_identification:_identify(src/T2_template/Template) by extensions ['ros']
[0.147s] Level 1:colcon.colcon_core.package_identification:_identify(src/T2_template/Template) by extension 'ros'
[0.147s] Level 1:colcon.colcon_core.package_identification:_identify(src/T2_template/Template) by extensions ['cmake', 'python']
[0.147s] Level 1:colcon.colcon_core.package_identification:_identify(src/T2_template/Template) by extension 'cmake'
[0.147s] Level 1:colcon.colcon_core.package_identification:_identify(src/T2_template/Template) by extension 'python'
[0.147s] Level 1:colcon.colcon_core.package_identification:_identify(src/T2_template/Template) by extensions ['python_setup_py']
[0.148s] Level 1:colcon.colcon_core.package_identification:_identify(src/T2_template/Template) by extension 'python_setup_py'
[0.148s] Level 1:colcon.colcon_core.package_identification:_identify(src/T2_template/Template/reemc_description) by extensions ['ignore', 'ignore_ament_install']
[0.148s] Level 1:colcon.colcon_core.package_identification:_identify(src/T2_template/Template/reemc_description) by extension 'ignore'
[0.148s] Level 1:colcon.colcon_core.package_identification:_identify(src/T2_template/Template/reemc_description) by extension 'ignore_ament_install'
[0.148s] Level 1:colcon.colcon_core.package_identification:_identify(src/T2_template/Template/reemc_description) by extensions ['colcon_pkg']
[0.148s] Level 1:colcon.colcon_core.package_identification:_identify(src/T2_template/Template/reemc_description) by extension 'colcon_pkg'
[0.148s] Level 1:colcon.colcon_core.package_identification:_identify(src/T2_template/Template/reemc_description) by extensions ['colcon_meta']
[0.148s] Level 1:colcon.colcon_core.package_identification:_identify(src/T2_template/Template/reemc_description) by extension 'colcon_meta'
[0.148s] Level 1:colcon.colcon_core.package_identification:_identify(src/T2_template/Template/reemc_description) by extensions ['ros']
[0.148s] Level 1:colcon.colcon_core.package_identification:_identify(src/T2_template/Template/reemc_description) by extension 'ros'
[0.150s] DEBUG:colcon.colcon_core.package_identification:Package 'src/T2_template/Template/reemc_description' with type 'ros.ament_cmake' and name 'reemc_description'
[0.150s] Level 1:colcon.colcon_core.package_identification:_identify(src/T2_template/Template/simulator) by extensions ['ignore', 'ignore_ament_install']
[0.150s] Level 1:colcon.colcon_core.package_identification:_identify(src/T2_template/Template/simulator) by extension 'ignore'
[0.150s] Level 1:colcon.colcon_core.package_identification:_identify(src/T2_template/Template/simulator) by extension 'ignore_ament_install'
[0.150s] Level 1:colcon.colcon_core.package_identification:_identify(src/T2_template/Template/simulator) by extensions ['colcon_pkg']
[0.151s] Level 1:colcon.colcon_core.package_identification:_identify(src/T2_template/Template/simulator) by extension 'colcon_pkg'
[0.151s] Level 1:colcon.colcon_core.package_identification:_identify(src/T2_template/Template/simulator) by extensions ['colcon_meta']
[0.151s] Level 1:colcon.colcon_core.package_identification:_identify(src/T2_template/Template/simulator) by extension 'colcon_meta'
[0.151s] Level 1:colcon.colcon_core.package_identification:_identify(src/T2_template/Template/simulator) by extensions ['ros']
[0.151s] Level 1:colcon.colcon_core.package_identification:_identify(src/T2_template/Template/simulator) by extension 'ros'
[0.151s] Level 1:colcon.colcon_core.package_identification:_identify(src/T2_template/Template/simulator) by extensions ['cmake', 'python']
[0.151s] Level 1:colcon.colcon_core.package_identification:_identify(src/T2_template/Template/simulator) by extension 'cmake'
[0.151s] Level 1:colcon.colcon_core.package_identification:_identify(src/T2_template/Template/simulator) by extension 'python'
[0.151s] Level 1:colcon.colcon_core.package_identification:_identify(src/T2_template/Template/simulator) by extensions ['python_setup_py']
[0.151s] Level 1:colcon.colcon_core.package_identification:_identify(src/T2_template/Template/simulator) by extension 'python_setup_py'
[0.151s] Level 1:colcon.colcon_core.package_identification:_identify(src/T2_template/Template/talos_description) by extensions ['ignore', 'ignore_ament_install']
[0.151s] Level 1:colcon.colcon_core.package_identification:_identify(src/T2_template/Template/talos_description) by extension 'ignore'
[0.151s] Level 1:colcon.colcon_core.package_identification:_identify(src/T2_template/Template/talos_description) by extension 'ignore_ament_install'
[0.151s] Level 1:colcon.colcon_core.package_identification:_identify(src/T2_template/Template/talos_description) by extensions ['colcon_pkg']
[0.151s] Level 1:colcon.colcon_core.package_identification:_identify(src/T2_template/Template/talos_description) by extension 'colcon_pkg'
[0.151s] Level 1:colcon.colcon_core.package_identification:_identify(src/T2_template/Template/talos_description) by extensions ['colcon_meta']
[0.151s] Level 1:colcon.colcon_core.package_identification:_identify(src/T2_template/Template/talos_description) by extension 'colcon_meta'
[0.151s] Level 1:colcon.colcon_core.package_identification:_identify(src/T2_template/Template/talos_description) by extensions ['ros']
[0.151s] Level 1:colcon.colcon_core.package_identification:_identify(src/T2_template/Template/talos_description) by extension 'ros'
[0.152s] DEBUG:colcon.colcon_core.package_identification:Package 'src/T2_template/Template/talos_description' with type 'ros.ament_cmake' and name 'talos_description'
[0.152s] Level 1:colcon.colcon_core.package_identification:_identify(src/ros_visuals) by extensions ['ignore', 'ignore_ament_install']
[0.152s] Level 1:colcon.colcon_core.package_identification:_identify(src/ros_visuals) by extension 'ignore'
[0.152s] Level 1:colcon.colcon_core.package_identification:_identify(src/ros_visuals) by extension 'ignore_ament_install'
[0.152s] Level 1:colcon.colcon_core.package_identification:_identify(src/ros_visuals) by extensions ['colcon_pkg']
[0.152s] Level 1:colcon.colcon_core.package_identification:_identify(src/ros_visuals) by extension 'colcon_pkg'
[0.152s] Level 1:colcon.colcon_core.package_identification:_identify(src/ros_visuals) by extensions ['colcon_meta']
[0.152s] Level 1:colcon.colcon_core.package_identification:_identify(src/ros_visuals) by extension 'colcon_meta'
[0.152s] Level 1:colcon.colcon_core.package_identification:_identify(src/ros_visuals) by extensions ['ros']
[0.152s] Level 1:colcon.colcon_core.package_identification:_identify(src/ros_visuals) by extension 'ros'
[0.153s] DEBUG:colcon.colcon_core.package_identification:Package 'src/ros_visuals' with type 'ros.ament_python' and name 'ros_visuals'
[0.153s] Level 1:colcon.colcon_core.package_discovery:discover_packages(recursive) using defaults
[0.153s] Level 1:colcon.colcon_core.package_discovery:discover_packages(ignore) discover
[0.153s] Level 1:colcon.colcon_core.package_discovery:discover_packages(ignore) using defaults
[0.153s] Level 1:colcon.colcon_core.package_discovery:discover_packages(path) discover
[0.153s] Level 1:colcon.colcon_core.package_discovery:discover_packages(path) using defaults
[0.170s] Level 5:colcon.colcon_core.verb:set package 'reemc_description' build argument 'cmake_args' from command line to 'None'
[0.170s] Level 5:colcon.colcon_core.verb:set package 'reemc_description' build argument 'cmake_target' from command line to 'None'
[0.170s] Level 5:colcon.colcon_core.verb:set package 'reemc_description' build argument 'cmake_target_skip_unavailable' from command line to 'False'
[0.170s] Level 5:colcon.colcon_core.verb:set package 'reemc_description' build argument 'cmake_clean_cache' from command line to 'False'
[0.170s] Level 5:colcon.colcon_core.verb:set package 'reemc_description' build argument 'cmake_clean_first' from command line to 'False'
[0.170s] Level 5:colcon.colcon_core.verb:set package 'reemc_description' build argument 'cmake_force_configure' from command line to 'False'
[0.170s] Level 5:colcon.colcon_core.verb:set package 'reemc_description' build argument 'ament_cmake_args' from command line to 'None'
[0.170s] Level 5:colcon.colcon_core.verb:set package 'reemc_description' build argument 'catkin_cmake_args' from command line to 'None'
[0.170s] Level 5:colcon.colcon_core.verb:set package 'reemc_description' build argument 'catkin_skip_building_tests' from command line to 'False'
[0.170s] DEBUG:colcon.colcon_core.verb:Building package 'reemc_description' with the following arguments: {'ament_cmake_args': None, 'build_base': '/workspaces/ros2_ws/my_workspace/build/reemc_description', 'catkin_cmake_args': None, 'catkin_skip_building_tests': False, 'cmake_args': None, 'cmake_clean_cache': False, 'cmake_clean_first': False, 'cmake_force_configure': False, 'cmake_target': None, 'cmake_target_skip_unavailable': False, 'install_base': '/workspaces/ros2_ws/my_workspace/install/reemc_description', 'merge_install': False, 'path': '/workspaces/ros2_ws/my_workspace/src/T2_template/Template/reemc_description', 'symlink_install': False, 'test_result_base': None}
[0.170s] Level 5:colcon.colcon_core.verb:set package 'ros_visuals' build argument 'cmake_args' from command line to 'None'
[0.170s] Level 5:colcon.colcon_core.verb:set package 'ros_visuals' build argument 'cmake_target' from command line to 'None'
[0.170s] Level 5:colcon.colcon_core.verb:set package 'ros_visuals' build argument 'cmake_target_skip_unavailable' from command line to 'False'
[0.170s] Level 5:colcon.colcon_core.verb:set package 'ros_visuals' build argument 'cmake_clean_cache' from command line to 'False'
[0.170s] Level 5:colcon.colcon_core.verb:set package 'ros_visuals' build argument 'cmake_clean_first' from command line to 'False'
[0.170s] Level 5:colcon.colcon_core.verb:set package 'ros_visuals' build argument 'cmake_force_configure' from command line to 'False'
[0.170s] Level 5:colcon.colcon_core.verb:set package 'ros_visuals' build argument 'ament_cmake_args' from command line to 'None'
[0.170s] Level 5:colcon.colcon_core.verb:set package 'ros_visuals' build argument 'catkin_cmake_args' from command line to 'None'
[0.170s] Level 5:colcon.colcon_core.verb:set package 'ros_visuals' build argument 'catkin_skip_building_tests' from command line to 'False'
[0.170s] DEBUG:colcon.colcon_core.verb:Building package 'ros_visuals' with the following arguments: {'ament_cmake_args': None, 'build_base': '/workspaces/ros2_ws/my_workspace/build/ros_visuals', 'catkin_cmake_args': None, 'catkin_skip_building_tests': False, 'cmake_args': None, 'cmake_clean_cache': False, 'cmake_clean_first': False, 'cmake_force_configure': False, 'cmake_target': None, 'cmake_target_skip_unavailable': False, 'install_base': '/workspaces/ros2_ws/my_workspace/install/ros_visuals', 'merge_install': False, 'path': '/workspaces/ros2_ws/my_workspace/src/ros_visuals', 'symlink_install': False, 'test_result_base': None}
[0.170s] Level 5:colcon.colcon_core.verb:set package 'talos_description' build argument 'cmake_args' from command line to 'None'
[0.170s] Level 5:colcon.colcon_core.verb:set package 'talos_description' build argument 'cmake_target' from command line to 'None'
[0.170s] Level 5:colcon.colcon_core.verb:set package 'talos_description' build argument 'cmake_target_skip_unavailable' from command line to 'False'
[0.170s] Level 5:colcon.colcon_core.verb:set package 'talos_description' build argument 'cmake_clean_cache' from command line to 'False'
[0.170s] Level 5:colcon.colcon_core.verb:set package 'talos_description' build argument 'cmake_clean_first' from command line to 'False'
[0.170s] Level 5:colcon.colcon_core.verb:set package 'talos_description' build argument 'cmake_force_configure' from command line to 'False'
[0.171s] Level 5:colcon.colcon_core.verb:set package 'talos_description' build argument 'ament_cmake_args' from command line to 'None'
[0.171s] Level 5:colcon.colcon_core.verb:set package 'talos_description' build argument 'catkin_cmake_args' from command line to 'None'
[0.171s] Level 5:colcon.colcon_core.verb:set package 'talos_description' build argument 'catkin_skip_building_tests' from command line to 'False'
[0.171s] DEBUG:colcon.colcon_core.verb:Building package 'talos_description' with the following arguments: {'ament_cmake_args': None, 'build_base': '/workspaces/ros2_ws/my_workspace/build/talos_description', 'catkin_cmake_args': None, 'catkin_skip_building_tests': False, 'cmake_args': None, 'cmake_clean_cache': False, 'cmake_clean_first': False, 'cmake_force_configure': False, 'cmake_target': None, 'cmake_target_skip_unavailable': False, 'install_base': '/workspaces/ros2_ws/my_workspace/install/talos_description', 'merge_install': False, 'path': '/workspaces/ros2_ws/my_workspace/src/T2_template/Template/talos_description', 'symlink_install': False, 'test_result_base': None}
[0.171s] INFO:colcon.colcon_core.executor:Executing jobs using 'parallel' executor
[0.171s] DEBUG:colcon.colcon_parallel_executor.executor.parallel:run_until_complete
[0.172s] INFO:colcon.colcon_ros.task.ament_cmake.build:Building ROS package in '/workspaces/ros2_ws/my_workspace/src/T2_template/Template/reemc_description' with build type 'ament_cmake'
[0.172s] INFO:colcon.colcon_cmake.task.cmake.build:Building CMake package in '/workspaces/ros2_ws/my_workspace/src/T2_template/Template/reemc_description'
[0.174s] INFO:colcon.colcon_core.plugin_system:Skipping extension 'colcon_core.shell.bat': Not used on non-Windows systems
[0.174s] INFO:colcon.colcon_core.shell:Skip shell extension 'powershell' for command environment: Not usable outside of PowerShell
[0.174s] DEBUG:colcon.colcon_core.shell:Skip shell extension 'dsv' for command environment
[0.178s] INFO:colcon.colcon_ros.task.ament_python.build:Building ROS package in '/workspaces/ros2_ws/my_workspace/src/ros_visuals' with build type 'ament_python'
[0.178s] Level 1:colcon.colcon_core.shell:create_environment_hook('ros_visuals', 'ament_prefix_path')
[0.178s] INFO:colcon.colcon_core.shell:Creating environment hook '/workspaces/ros2_ws/my_workspace/install/ros_visuals/share/ros_visuals/hook/ament_prefix_path.ps1'
[0.179s] INFO:colcon.colcon_core.shell:Creating environment descriptor '/workspaces/ros2_ws/my_workspace/install/ros_visuals/share/ros_visuals/hook/ament_prefix_path.dsv'
[0.179s] INFO:colcon.colcon_core.shell:Creating environment hook '/workspaces/ros2_ws/my_workspace/install/ros_visuals/share/ros_visuals/hook/ament_prefix_path.sh'
[0.180s] INFO:colcon.colcon_core.shell:Skip shell extension 'powershell' for command environment: Not usable outside of PowerShell
[0.180s] DEBUG:colcon.colcon_core.shell:Skip shell extension 'dsv' for command environment
[0.183s] INFO:colcon.colcon_ros.task.ament_cmake.build:Building ROS package in '/workspaces/ros2_ws/my_workspace/src/T2_template/Template/talos_description' with build type 'ament_cmake'
[0.183s] INFO:colcon.colcon_cmake.task.cmake.build:Building CMake package in '/workspaces/ros2_ws/my_workspace/src/T2_template/Template/talos_description'
[0.183s] INFO:colcon.colcon_core.shell:Skip shell extension 'powershell' for command environment: Not usable outside of PowerShell
[0.183s] DEBUG:colcon.colcon_core.shell:Skip shell extension 'dsv' for command environment
[0.191s] DEBUG:colcon.colcon_core.event_handler.log_command:Invoking command in '/workspaces/ros2_ws/my_workspace/build/reemc_description': CMAKE_PREFIX_PATH=${CMAKE_PREFIX_PATH}:/workspaces/ros2_ws/my_workspace/install/ros_visuals:/opt/ros/rolling /usr/bin/cmake --build /workspaces/ros2_ws/my_workspace/build/reemc_description -- -j8 -l8
[0.409s] INFO:colcon.colcon_core.task.python.build:Building Python package in '/workspaces/ros2_ws/my_workspace/src/ros_visuals'
[0.410s] INFO:colcon.colcon_core.shell:Skip shell extension 'powershell' for command environment: Not usable outside of PowerShell
[0.410s] DEBUG:colcon.colcon_core.shell:Skip shell extension 'dsv' for command environment
[0.417s] DEBUG:colcon.colcon_core.event_handler.log_command:Invoking command in '/workspaces/ros2_ws/my_workspace/build/talos_description': CMAKE_PREFIX_PATH=${CMAKE_PREFIX_PATH}:/workspaces/ros2_ws/my_workspace/install/ros_visuals:/opt/ros/rolling /usr/bin/cmake --build /workspaces/ros2_ws/my_workspace/build/talos_description -- -j8 -l8
[0.417s] DEBUG:colcon.colcon_core.event_handler.log_command:Invoked command in '/workspaces/ros2_ws/my_workspace/build/reemc_description' returned '0': CMAKE_PREFIX_PATH=${CMAKE_PREFIX_PATH}:/workspaces/ros2_ws/my_workspace/install/ros_visuals:/opt/ros/rolling /usr/bin/cmake --build /workspaces/ros2_ws/my_workspace/build/reemc_description -- -j8 -l8
[0.426s] DEBUG:colcon.colcon_core.event_handler.log_command:Invoking command in '/workspaces/ros2_ws/my_workspace/build/reemc_description': CMAKE_PREFIX_PATH=${CMAKE_PREFIX_PATH}:/workspaces/ros2_ws/my_workspace/install/ros_visuals:/opt/ros/rolling /usr/bin/cmake --install /workspaces/ros2_ws/my_workspace/build/reemc_description
[0.438s] Level 1:colcon.colcon_core.environment:create_environment_scripts_only(reemc_description)
[0.448s] DEBUG:colcon.colcon_core.event_handler.log_command:Invoked command in '/workspaces/ros2_ws/my_workspace/build/reemc_description' returned '0': CMAKE_PREFIX_PATH=${CMAKE_PREFIX_PATH}:/workspaces/ros2_ws/my_workspace/install/ros_visuals:/opt/ros/rolling /usr/bin/cmake --install /workspaces/ros2_ws/my_workspace/build/reemc_description
[0.449s] Level 1:colcon.colcon_core.environment:checking '/workspaces/ros2_ws/my_workspace/install/reemc_description' for CMake module files
[0.450s] Level 1:colcon.colcon_core.environment:checking '/workspaces/ros2_ws/my_workspace/install/reemc_description' for CMake config files
[0.450s] Level 1:colcon.colcon_core.shell:create_environment_hook('reemc_description', 'cmake_prefix_path')
[0.450s] INFO:colcon.colcon_core.shell:Creating environment hook '/workspaces/ros2_ws/my_workspace/install/reemc_description/share/reemc_description/hook/cmake_prefix_path.ps1'
[0.450s] INFO:colcon.colcon_core.shell:Creating environment descriptor '/workspaces/ros2_ws/my_workspace/install/reemc_description/share/reemc_description/hook/cmake_prefix_path.dsv'
[0.451s] INFO:colcon.colcon_core.shell:Creating environment hook '/workspaces/ros2_ws/my_workspace/install/reemc_description/share/reemc_description/hook/cmake_prefix_path.sh'
[0.452s] Level 1:colcon.colcon_core.environment:checking '/workspaces/ros2_ws/my_workspace/install/reemc_description/bin'
[0.452s] Level 1:colcon.colcon_core.environment:checking '/workspaces/ros2_ws/my_workspace/install/reemc_description/lib/pkgconfig/reemc_description.pc'
[0.452s] Level 1:colcon.colcon_core.environment:checking '/workspaces/ros2_ws/my_workspace/install/reemc_description/lib/python3.12/site-packages'
[0.452s] Level 1:colcon.colcon_core.environment:checking '/workspaces/ros2_ws/my_workspace/install/reemc_description/bin'
[0.453s] INFO:colcon.colcon_core.shell:Creating package script '/workspaces/ros2_ws/my_workspace/install/reemc_description/share/reemc_description/package.ps1'
[0.453s] INFO:colcon.colcon_core.shell:Creating package descriptor '/workspaces/ros2_ws/my_workspace/install/reemc_description/share/reemc_description/package.dsv'
[0.454s] INFO:colcon.colcon_core.shell:Creating package script '/workspaces/ros2_ws/my_workspace/install/reemc_description/share/reemc_description/package.sh'
[0.455s] INFO:colcon.colcon_core.shell:Creating package script '/workspaces/ros2_ws/my_workspace/install/reemc_description/share/reemc_description/package.bash'
[0.455s] INFO:colcon.colcon_core.shell:Creating package script '/workspaces/ros2_ws/my_workspace/install/reemc_description/share/reemc_description/package.zsh'
[0.456s] Level 1:colcon.colcon_core.environment:create_file_with_runtime_dependencies(/workspaces/ros2_ws/my_workspace/install/reemc_description/share/colcon-core/packages/reemc_description)
[0.457s] Level 1:colcon.colcon_core.environment:create_environment_scripts_only(reemc_description)
[0.457s] Level 1:colcon.colcon_core.environment:checking '/workspaces/ros2_ws/my_workspace/install/reemc_description' for CMake module files
[0.458s] Level 1:colcon.colcon_core.environment:checking '/workspaces/ros2_ws/my_workspace/install/reemc_description' for CMake config files
[0.458s] Level 1:colcon.colcon_core.shell:create_environment_hook('reemc_description', 'cmake_prefix_path')
[0.458s] INFO:colcon.colcon_core.shell:Creating environment hook '/workspaces/ros2_ws/my_workspace/install/reemc_description/share/reemc_description/hook/cmake_prefix_path.ps1'
[0.458s] INFO:colcon.colcon_core.shell:Creating environment descriptor '/workspaces/ros2_ws/my_workspace/install/reemc_description/share/reemc_description/hook/cmake_prefix_path.dsv'
[0.459s] INFO:colcon.colcon_core.shell:Creating environment hook '/workspaces/ros2_ws/my_workspace/install/reemc_description/share/reemc_description/hook/cmake_prefix_path.sh'
[0.459s] Level 1:colcon.colcon_core.environment:checking '/workspaces/ros2_ws/my_workspace/install/reemc_description/bin'
[0.459s] Level 1:colcon.colcon_core.environment:checking '/workspaces/ros2_ws/my_workspace/install/reemc_description/lib/pkgconfig/reemc_description.pc'
[0.460s] Level 1:colcon.colcon_core.environment:checking '/workspaces/ros2_ws/my_workspace/install/reemc_description/lib/python3.12/site-packages'
[0.460s] Level 1:colcon.colcon_core.environment:checking '/workspaces/ros2_ws/my_workspace/install/reemc_description/bin'
[0.460s] INFO:colcon.colcon_core.shell:Creating package script '/workspaces/ros2_ws/my_workspace/install/reemc_description/share/reemc_description/package.ps1'
[0.460s] INFO:colcon.colcon_core.shell:Creating package descriptor '/workspaces/ros2_ws/my_workspace/install/reemc_description/share/reemc_description/package.dsv'
[0.461s] INFO:colcon.colcon_core.shell:Creating package script '/workspaces/ros2_ws/my_workspace/install/reemc_description/share/reemc_description/package.sh'
[0.461s] INFO:colcon.colcon_core.shell:Creating package script '/workspaces/ros2_ws/my_workspace/install/reemc_description/share/reemc_description/package.bash'
[0.461s] INFO:colcon.colcon_core.shell:Creating package script '/workspaces/ros2_ws/my_workspace/install/reemc_description/share/reemc_description/package.zsh'
[0.462s] Level 1:colcon.colcon_core.environment:create_file_with_runtime_dependencies(/workspaces/ros2_ws/my_workspace/install/reemc_description/share/colcon-core/packages/reemc_description)
[0.463s] DEBUG:colcon.colcon_core.event_handler.log_command:Invoked command in '/workspaces/ros2_ws/my_workspace/build/talos_description' returned '0': CMAKE_PREFIX_PATH=${CMAKE_PREFIX_PATH}:/workspaces/ros2_ws/my_workspace/install/ros_visuals:/opt/ros/rolling /usr/bin/cmake --build /workspaces/ros2_ws/my_workspace/build/talos_description -- -j8 -l8
[0.464s] DEBUG:colcon.colcon_core.event_handler.log_command:Invoking command in '/workspaces/ros2_ws/my_workspace/build/talos_description': CMAKE_PREFIX_PATH=${CMAKE_PREFIX_PATH}:/workspaces/ros2_ws/my_workspace/install/ros_visuals:/opt/ros/rolling /usr/bin/cmake --install /workspaces/ros2_ws/my_workspace/build/talos_description
[0.478s] Level 1:colcon.colcon_core.environment:create_environment_scripts_only(talos_description)
[0.478s] Level 1:colcon.colcon_core.environment:checking '/workspaces/ros2_ws/my_workspace/install/talos_description' for CMake module files
[0.481s] Level 1:colcon.colcon_core.environment:checking '/workspaces/ros2_ws/my_workspace/install/talos_description' for CMake config files
[0.482s] DEBUG:colcon.colcon_core.event_handler.log_command:Invoked command in '/workspaces/ros2_ws/my_workspace/build/talos_description' returned '0': CMAKE_PREFIX_PATH=${CMAKE_PREFIX_PATH}:/workspaces/ros2_ws/my_workspace/install/ros_visuals:/opt/ros/rolling /usr/bin/cmake --install /workspaces/ros2_ws/my_workspace/build/talos_description
[0.483s] Level 1:colcon.colcon_core.shell:create_environment_hook('talos_description', 'cmake_prefix_path')
[0.483s] INFO:colcon.colcon_core.shell:Creating environment hook '/workspaces/ros2_ws/my_workspace/install/talos_description/share/talos_description/hook/cmake_prefix_path.ps1'
[0.483s] INFO:colcon.colcon_core.shell:Creating environment descriptor '/workspaces/ros2_ws/my_workspace/install/talos_description/share/talos_description/hook/cmake_prefix_path.dsv'
[0.484s] INFO:colcon.colcon_core.shell:Creating environment hook '/workspaces/ros2_ws/my_workspace/install/talos_description/share/talos_description/hook/cmake_prefix_path.sh'
[0.484s] Level 1:colcon.colcon_core.environment:checking '/workspaces/ros2_ws/my_workspace/install/talos_description/bin'
[0.484s] Level 1:colcon.colcon_core.environment:checking '/workspaces/ros2_ws/my_workspace/install/talos_description/lib/pkgconfig/talos_description.pc'
[0.484s] Level 1:colcon.colcon_core.environment:checking '/workspaces/ros2_ws/my_workspace/install/talos_description/lib/python3.12/site-packages'
[0.484s] Level 1:colcon.colcon_core.environment:checking '/workspaces/ros2_ws/my_workspace/install/talos_description/bin'
[0.485s] INFO:colcon.colcon_core.shell:Creating package script '/workspaces/ros2_ws/my_workspace/install/talos_description/share/talos_description/package.ps1'
[0.485s] INFO:colcon.colcon_core.shell:Creating package descriptor '/workspaces/ros2_ws/my_workspace/install/talos_description/share/talos_description/package.dsv'
[0.485s] INFO:colcon.colcon_core.shell:Creating package script '/workspaces/ros2_ws/my_workspace/install/talos_description/share/talos_description/package.sh'
[0.486s] INFO:colcon.colcon_core.shell:Creating package script '/workspaces/ros2_ws/my_workspace/install/talos_description/share/talos_description/package.bash'
[0.486s] INFO:colcon.colcon_core.shell:Creating package script '/workspaces/ros2_ws/my_workspace/install/talos_description/share/talos_description/package.zsh'
[0.486s] Level 1:colcon.colcon_core.environment:create_file_with_runtime_dependencies(/workspaces/ros2_ws/my_workspace/install/talos_description/share/colcon-core/packages/talos_description)
[0.487s] Level 1:colcon.colcon_core.environment:create_environment_scripts_only(talos_description)
[0.487s] Level 1:colcon.colcon_core.environment:checking '/workspaces/ros2_ws/my_workspace/install/talos_description' for CMake module files
[0.487s] Level 1:colcon.colcon_core.environment:checking '/workspaces/ros2_ws/my_workspace/install/talos_description' for CMake config files
[0.487s] Level 1:colcon.colcon_core.shell:create_environment_hook('talos_description', 'cmake_prefix_path')
[0.487s] INFO:colcon.colcon_core.shell:Creating environment hook '/workspaces/ros2_ws/my_workspace/install/talos_description/share/talos_description/hook/cmake_prefix_path.ps1'
[0.488s] INFO:colcon.colcon_core.shell:Creating environment descriptor '/workspaces/ros2_ws/my_workspace/install/talos_description/share/talos_description/hook/cmake_prefix_path.dsv'
[0.488s] INFO:colcon.colcon_core.shell:Creating environment hook '/workspaces/ros2_ws/my_workspace/install/talos_description/share/talos_description/hook/cmake_prefix_path.sh'
[0.489s] Level 1:colcon.colcon_core.environment:checking '/workspaces/ros2_ws/my_workspace/install/talos_description/bin'
[0.489s] Level 1:colcon.colcon_core.environment:checking '/workspaces/ros2_ws/my_workspace/install/talos_description/lib/pkgconfig/talos_description.pc'
[0.489s] Level 1:colcon.colcon_core.environment:checking '/workspaces/ros2_ws/my_workspace/install/talos_description/lib/python3.12/site-packages'
[0.489s] Level 1:colcon.colcon_core.environment:checking '/workspaces/ros2_ws/my_workspace/install/talos_description/bin'
[0.489s] INFO:colcon.colcon_core.shell:Creating package script '/workspaces/ros2_ws/my_workspace/install/talos_description/share/talos_description/package.ps1'
[0.490s] INFO:colcon.colcon_core.shell:Creating package descriptor '/workspaces/ros2_ws/my_workspace/install/talos_description/share/talos_description/package.dsv'
[0.491s] INFO:colcon.colcon_core.shell:Creating package script '/workspaces/ros2_ws/my_workspace/install/talos_description/share/talos_description/package.sh'
[0.491s] INFO:colcon.colcon_core.shell:Creating package script '/workspaces/ros2_ws/my_workspace/install/talos_description/share/talos_description/package.bash'
[0.492s] INFO:colcon.colcon_core.shell:Creating package script '/workspaces/ros2_ws/my_workspace/install/talos_description/share/talos_description/package.zsh'
[0.492s] Level 1:colcon.colcon_core.environment:create_file_with_runtime_dependencies(/workspaces/ros2_ws/my_workspace/install/talos_description/share/colcon-core/packages/talos_description)
[0.993s] DEBUG:colcon.colcon_core.event_handler.log_command:Invoking command in '/workspaces/ros2_ws/my_workspace/src/ros_visuals': PYTHONPATH=/workspaces/ros2_ws/my_workspace/build/ros_visuals/prefix_override:/usr/lib/python3/dist-packages/colcon_core/task/python/colcon_distutils_commands:/workspaces/ros2_ws/my_workspace/install/ros_visuals/lib/python3.12/site-packages:${PYTHONPATH} /usr/bin/python3 -W ignore:setup.py install is deprecated -W ignore:easy_install command is deprecated setup.py egg_info --egg-base ../../build/ros_visuals build --build-base /workspaces/ros2_ws/my_workspace/build/ros_visuals/build install --record /workspaces/ros2_ws/my_workspace/build/ros_visuals/install.log --single-version-externally-managed install_data
[1.821s] Level 1:colcon.colcon_core.environment:checking '/workspaces/ros2_ws/my_workspace/install/ros_visuals' for CMake module files
[1.821s] DEBUG:colcon.colcon_core.event_handler.log_command:Invoked command in '/workspaces/ros2_ws/my_workspace/src/ros_visuals' returned '0': PYTHONPATH=/workspaces/ros2_ws/my_workspace/build/ros_visuals/prefix_override:/usr/lib/python3/dist-packages/colcon_core/task/python/colcon_distutils_commands:/workspaces/ros2_ws/my_workspace/install/ros_visuals/lib/python3.12/site-packages:${PYTHONPATH} /usr/bin/python3 -W ignore:setup.py install is deprecated -W ignore:easy_install command is deprecated setup.py egg_info --egg-base ../../build/ros_visuals build --build-base /workspaces/ros2_ws/my_workspace/build/ros_visuals/build install --record /workspaces/ros2_ws/my_workspace/build/ros_visuals/install.log --single-version-externally-managed install_data
[1.822s] Level 1:colcon.colcon_core.environment:checking '/workspaces/ros2_ws/my_workspace/install/ros_visuals' for CMake config files
[1.822s] Level 1:colcon.colcon_core.environment:checking '/workspaces/ros2_ws/my_workspace/install/ros_visuals/lib'
[1.822s] Level 1:colcon.colcon_core.environment:checking '/workspaces/ros2_ws/my_workspace/install/ros_visuals/bin'
[1.822s] Level 1:colcon.colcon_core.environment:checking '/workspaces/ros2_ws/my_workspace/install/ros_visuals/lib/pkgconfig/ros_visuals.pc'
[1.822s] Level 1:colcon.colcon_core.environment:checking '/workspaces/ros2_ws/my_workspace/install/ros_visuals/lib/python3.12/site-packages'
[1.823s] Level 1:colcon.colcon_core.shell:create_environment_hook('ros_visuals', 'pythonpath')
[1.823s] INFO:colcon.colcon_core.shell:Creating environment hook '/workspaces/ros2_ws/my_workspace/install/ros_visuals/share/ros_visuals/hook/pythonpath.ps1'
[1.823s] INFO:colcon.colcon_core.shell:Creating environment descriptor '/workspaces/ros2_ws/my_workspace/install/ros_visuals/share/ros_visuals/hook/pythonpath.dsv'
[1.823s] INFO:colcon.colcon_core.shell:Creating environment hook '/workspaces/ros2_ws/my_workspace/install/ros_visuals/share/ros_visuals/hook/pythonpath.sh'
[1.824s] Level 1:colcon.colcon_core.environment:checking '/workspaces/ros2_ws/my_workspace/install/ros_visuals/bin'
[1.824s] Level 1:colcon.colcon_core.environment:create_environment_scripts_only(ros_visuals)
[1.824s] INFO:colcon.colcon_core.shell:Creating package script '/workspaces/ros2_ws/my_workspace/install/ros_visuals/share/ros_visuals/package.ps1'
[1.824s] INFO:colcon.colcon_core.shell:Creating package descriptor '/workspaces/ros2_ws/my_workspace/install/ros_visuals/share/ros_visuals/package.dsv'
[1.825s] INFO:colcon.colcon_core.shell:Creating package script '/workspaces/ros2_ws/my_workspace/install/ros_visuals/share/ros_visuals/package.sh'
[1.825s] INFO:colcon.colcon_core.shell:Creating package script '/workspaces/ros2_ws/my_workspace/install/ros_visuals/share/ros_visuals/package.bash'
[1.825s] INFO:colcon.colcon_core.shell:Creating package script '/workspaces/ros2_ws/my_workspace/install/ros_visuals/share/ros_visuals/package.zsh'
[1.826s] Level 1:colcon.colcon_core.environment:create_file_with_runtime_dependencies(/workspaces/ros2_ws/my_workspace/install/ros_visuals/share/colcon-core/packages/ros_visuals)
[1.826s] DEBUG:colcon.colcon_parallel_executor.executor.parallel:closing loop
[1.826s] DEBUG:colcon.colcon_parallel_executor.executor.parallel:loop closed
[1.826s] DEBUG:colcon.colcon_parallel_executor.executor.parallel:run_until_complete finished with '0'
[1.826s] DEBUG:colcon.colcon_core.event_reactor:joining thread
[1.831s] INFO:colcon.colcon_core.plugin_system:Skipping extension 'colcon_notification.desktop_notification.notify_send': Could not find 'notify-send'
[1.831s] INFO:colcon.colcon_core.plugin_system:Skipping extension 'colcon_notification.desktop_notification.terminal_notifier': Not used on non-Darwin systems
[1.831s] INFO:colcon.colcon_core.plugin_system:Skipping extension 'colcon_notification.desktop_notification.win32': Not used on non-Windows systems
[1.831s] INFO:colcon.colcon_notification.desktop_notification:Sending desktop notification using 'notify2'
[1.831s] DEBUG:colcon.colcon_notification.desktop_notification.notify2:Failed to initialize notify2: org.freedesktop.DBus.Error.InvalidFileContent: D-Bus library appears to be incorrectly set up: see the manual page for dbus-uuidgen to correct this issue. (Failed to open "/var/lib/dbus/machine-id": No such file or directory; UUID file '/etc/machine-id' should contain a hex string of length 32, not length 0, with no other text)
[1.831s] DEBUG:colcon.colcon_core.event_reactor:joined thread
[1.831s] INFO:colcon.colcon_core.shell:Creating prefix script '/workspaces/ros2_ws/my_workspace/install/local_setup.ps1'
[1.832s] INFO:colcon.colcon_core.shell:Creating prefix util module '/workspaces/ros2_ws/my_workspace/install/_local_setup_util_ps1.py'
[1.833s] INFO:colcon.colcon_core.shell:Creating prefix chain script '/workspaces/ros2_ws/my_workspace/install/setup.ps1'
[1.834s] INFO:colcon.colcon_core.shell:Creating prefix script '/workspaces/ros2_ws/my_workspace/install/local_setup.sh'
[1.835s] INFO:colcon.colcon_core.shell:Creating prefix util module '/workspaces/ros2_ws/my_workspace/install/_local_setup_util_sh.py'
[1.835s] INFO:colcon.colcon_core.shell:Creating prefix chain script '/workspaces/ros2_ws/my_workspace/install/setup.sh'
[1.836s] INFO:colcon.colcon_core.shell:Creating prefix script '/workspaces/ros2_ws/my_workspace/install/local_setup.bash'
[1.836s] INFO:colcon.colcon_core.shell:Creating prefix chain script '/workspaces/ros2_ws/my_workspace/install/setup.bash'
[1.837s] INFO:colcon.colcon_core.shell:Creating prefix script '/workspaces/ros2_ws/my_workspace/install/local_setup.zsh'
[1.838s] INFO:colcon.colcon_core.shell:Creating prefix chain script '/workspaces/ros2_ws/my_workspace/install/setup.zsh'
