[0.021s] Invoking command in '/workspaces/ros2_ws/build/reemc_description': CMAKE_PREFIX_PATH=${CMAKE_PREFIX_PATH}:/workspaces/ros2_ws/install/ros_visuals:/workspaces/ros2_ws/my_workspace/install/ros_visuals:/opt/ros/rolling /usr/bin/cmake --build /workspaces/ros2_ws/build/reemc_description -- -j8 -l8
[0.251s] Invoked command in '/workspaces/ros2_ws/build/reemc_description' returned '0': CMAKE_PREFIX_PATH=${CMAKE_PREFIX_PATH}:/workspaces/ros2_ws/install/ros_visuals:/workspaces/ros2_ws/my_workspace/install/ros_visuals:/opt/ros/rolling /usr/bin/cmake --build /workspaces/ros2_ws/build/reemc_description -- -j8 -l8
[0.260s] Invoking command in '/workspaces/ros2_ws/build/reemc_description': CMAKE_PREFIX_PATH=${CMAKE_PREFIX_PATH}:/workspaces/ros2_ws/install/ros_visuals:/workspaces/ros2_ws/my_workspace/install/ros_visuals:/opt/ros/rolling /usr/bin/cmake --install /workspaces/ros2_ws/build/reemc_description
[0.269s] -- Install configuration: ""
[0.270s] -- Up-to-date: /workspaces/ros2_ws/install/reemc_description/share/reemc_description/meshes
[0.270s] -- Up-to-date: /workspaces/ros2_ws/install/reemc_description/share/reemc_description/meshes/leg
[0.270s] -- Up-to-date: /workspaces/ros2_ws/install/reemc_description/share/reemc_description/meshes/leg/leg_1_collision.stl
[0.270s] -- Up-to-date: /workspaces/ros2_ws/install/reemc_description/share/reemc_description/meshes/leg/leg_1.dae
[0.270s] -- Up-to-date: /workspaces/ros2_ws/install/reemc_description/share/reemc_description/meshes/leg/leg_4_collision.stl
[0.271s] -- Up-to-date: /workspaces/ros2_ws/install/reemc_description/share/reemc_description/meshes/leg/r_foot.dae
[0.271s] -- Up-to-date: /workspaces/ros2_ws/install/reemc_description/share/reemc_description/meshes/leg/leg_6.dae
[0.271s] -- Up-to-date: /workspaces/ros2_ws/install/reemc_description/share/reemc_description/meshes/leg/leg_4.dae
[0.271s] -- Up-to-date: /workspaces/ros2_ws/install/reemc_description/share/reemc_description/meshes/leg/leg_3.dae
[0.271s] -- Up-to-date: /workspaces/ros2_ws/install/reemc_description/share/reemc_description/meshes/leg/leg_3_collision.stl
[0.271s] -- Up-to-date: /workspaces/ros2_ws/install/reemc_description/share/reemc_description/meshes/hand
[0.271s] -- Up-to-date: /workspaces/ros2_ws/install/reemc_description/share/reemc_description/meshes/hand/hand_finger_1.dae
[0.271s] -- Up-to-date: /workspaces/ros2_ws/install/reemc_description/share/reemc_description/meshes/hand/hand_finger_3_collision.stl
[0.272s] -- Up-to-date: /workspaces/ros2_ws/install/reemc_description/share/reemc_description/meshes/hand/hand_finger_2.dae
[0.272s] -- Up-to-date: /workspaces/ros2_ws/install/reemc_description/share/reemc_description/meshes/hand/hand_finger_2_collision.stl
[0.272s] -- Up-to-date: /workspaces/ros2_ws/install/reemc_description/share/reemc_description/meshes/hand/hand_finger_1_normals.png
[0.272s] -- Up-to-date: /workspaces/ros2_ws/install/reemc_description/share/reemc_description/meshes/hand/hand_finger_1_specular.png
[0.272s] -- Up-to-date: /workspaces/ros2_ws/install/reemc_description/share/reemc_description/meshes/hand/hand_thumb_specular.png
[0.272s] -- Up-to-date: /workspaces/ros2_ws/install/reemc_description/share/reemc_description/meshes/hand/hand_finger_3_normals.png
[0.272s] -- Up-to-date: /workspaces/ros2_ws/install/reemc_description/share/reemc_description/meshes/hand/hand_thumb.dae
[0.273s] -- Up-to-date: /workspaces/ros2_ws/install/reemc_description/share/reemc_description/meshes/hand/hand_finger_2_normals.png
[0.273s] -- Up-to-date: /workspaces/ros2_ws/install/reemc_description/share/reemc_description/meshes/hand/hand_finger_2_color.png
[0.273s] -- Up-to-date: /workspaces/ros2_ws/install/reemc_description/share/reemc_description/meshes/hand/hand_thumb_collision.stl
[0.273s] -- Up-to-date: /workspaces/ros2_ws/install/reemc_description/share/reemc_description/meshes/hand/hand_finger_3.dae
[0.273s] -- Up-to-date: /workspaces/ros2_ws/install/reemc_description/share/reemc_description/meshes/hand/hand_thumb_normals.png
[0.273s] -- Up-to-date: /workspaces/ros2_ws/install/reemc_description/share/reemc_description/meshes/hand/hand_palm_collision.stl
[0.274s] -- Up-to-date: /workspaces/ros2_ws/install/reemc_description/share/reemc_description/meshes/hand/hand_thumb_color.png
[0.274s] -- Up-to-date: /workspaces/ros2_ws/install/reemc_description/share/reemc_description/meshes/hand/hand_palm.dae
[0.274s] -- Up-to-date: /workspaces/ros2_ws/install/reemc_description/share/reemc_description/meshes/hand/hand_finger_3_specular.png
[0.274s] -- Up-to-date: /workspaces/ros2_ws/install/reemc_description/share/reemc_description/meshes/hand/hand_palm_specular.png
[0.274s] -- Up-to-date: /workspaces/ros2_ws/install/reemc_description/share/reemc_description/meshes/hand/hand_finger_2_specular.png
[0.274s] -- Up-to-date: /workspaces/ros2_ws/install/reemc_description/share/reemc_description/meshes/hand/hand_palm_color.png
[0.274s] -- Up-to-date: /workspaces/ros2_ws/install/reemc_description/share/reemc_description/meshes/hand/hand_finger_1_collision.stl
[0.274s] -- Up-to-date: /workspaces/ros2_ws/install/reemc_description/share/reemc_description/meshes/hand/hand_finger_3_color.png
[0.274s] -- Up-to-date: /workspaces/ros2_ws/install/reemc_description/share/reemc_description/meshes/hand/hand_finger_1_color.png
[0.274s] -- Up-to-date: /workspaces/ros2_ws/install/reemc_description/share/reemc_description/meshes/hand/hand_palm_normals.png
[0.274s] -- Up-to-date: /workspaces/ros2_ws/install/reemc_description/share/reemc_description/meshes/torso
[0.274s] -- Up-to-date: /workspaces/ros2_ws/install/reemc_description/share/reemc_description/meshes/torso/torso_2.dae
[0.274s] -- Up-to-date: /workspaces/ros2_ws/install/reemc_description/share/reemc_description/meshes/torso/torso_2_collision.stl
[0.274s] -- Up-to-date: /workspaces/ros2_ws/install/reemc_description/share/reemc_description/meshes/base
[0.275s] -- Up-to-date: /workspaces/ros2_ws/install/reemc_description/share/reemc_description/meshes/base/base_collision.stl
[0.275s] -- Up-to-date: /workspaces/ros2_ws/install/reemc_description/share/reemc_description/meshes/base/base.dae
[0.275s] -- Up-to-date: /workspaces/ros2_ws/install/reemc_description/share/reemc_description/meshes/head
[0.275s] -- Up-to-date: /workspaces/ros2_ws/install/reemc_description/share/reemc_description/meshes/head/head_2_v0.dae
[0.275s] -- Up-to-date: /workspaces/ros2_ws/install/reemc_description/share/reemc_description/meshes/head/head_2_v1.stl
[0.275s] -- Up-to-date: /workspaces/ros2_ws/install/reemc_description/share/reemc_description/meshes/head/head_2_collision.stl
[0.275s] -- Up-to-date: /workspaces/ros2_ws/install/reemc_description/share/reemc_description/meshes/head/head_1.dae
[0.275s] -- Up-to-date: /workspaces/ros2_ws/install/reemc_description/share/reemc_description/meshes/head/head_1_collision.stl
[0.275s] -- Up-to-date: /workspaces/ros2_ws/install/reemc_description/share/reemc_description/meshes/sensors
[0.275s] -- Up-to-date: /workspaces/ros2_ws/install/reemc_description/share/reemc_description/meshes/sensors/xtion_pro_live
[0.275s] -- Up-to-date: /workspaces/ros2_ws/install/reemc_description/share/reemc_description/meshes/sensors/xtion_pro_live/xtion_pro_live.dae
[0.275s] -- Up-to-date: /workspaces/ros2_ws/install/reemc_description/share/reemc_description/meshes/sensors/xtion_pro_live/xtion_pro_live.png
[0.275s] -- Up-to-date: /workspaces/ros2_ws/install/reemc_description/share/reemc_description/meshes/sensors/urg-04lx-ug01.stl
[0.275s] -- Up-to-date: /workspaces/ros2_ws/install/reemc_description/share/reemc_description/meshes/hey5
[0.275s] -- Up-to-date: /workspaces/ros2_ws/install/reemc_description/share/reemc_description/meshes/hey5/palm_collision.stl
[0.275s] -- Up-to-date: /workspaces/ros2_ws/install/reemc_description/share/reemc_description/meshes/hey5/palm.stl
[0.275s] -- Up-to-date: /workspaces/ros2_ws/install/reemc_description/share/reemc_description/meshes/hey5/finger_flex_tip_collision.stl
[0.275s] -- Up-to-date: /workspaces/ros2_ws/install/reemc_description/share/reemc_description/meshes/hey5/thumb_abd_collision.stl
[0.276s] -- Up-to-date: /workspaces/ros2_ws/install/reemc_description/share/reemc_description/meshes/hey5/finger_flex_collision.stl
[0.276s] -- Up-to-date: /workspaces/ros2_ws/install/reemc_description/share/reemc_description/meshes/hey5/finger_abd_collision.stl
[0.276s] -- Up-to-date: /workspaces/ros2_ws/install/reemc_description/share/reemc_description/meshes/kinect.tga
[0.276s] -- Up-to-date: /workspaces/ros2_ws/install/reemc_description/share/reemc_description/meshes/kinect.dae
[0.276s] -- Up-to-date: /workspaces/ros2_ws/install/reemc_description/share/reemc_description/meshes/arm
[0.276s] -- Up-to-date: /workspaces/ros2_ws/install/reemc_description/share/reemc_description/meshes/arm/arm_6_collision.stl
[0.276s] -- Up-to-date: /workspaces/ros2_ws/install/reemc_description/share/reemc_description/meshes/arm/arm_5_collision.stl
[0.276s] -- Up-to-date: /workspaces/ros2_ws/install/reemc_description/share/reemc_description/meshes/arm/arm_3_color.png
[0.276s] -- Up-to-date: /workspaces/ros2_ws/install/reemc_description/share/reemc_description/meshes/arm/arm_6_specular.png
[0.276s] -- Up-to-date: /workspaces/ros2_ws/install/reemc_description/share/reemc_description/meshes/arm/arm_6.dae
[0.276s] -- Up-to-date: /workspaces/ros2_ws/install/reemc_description/share/reemc_description/meshes/arm/arm_3_specular.png
[0.276s] -- Up-to-date: /workspaces/ros2_ws/install/reemc_description/share/reemc_description/meshes/arm/arm_2_specular.png
[0.276s] -- Up-to-date: /workspaces/ros2_ws/install/reemc_description/share/reemc_description/meshes/arm/arm_1_normals.png
[0.276s] -- Up-to-date: /workspaces/ros2_ws/install/reemc_description/share/reemc_description/meshes/arm/arm_1.dae
[0.276s] -- Up-to-date: /workspaces/ros2_ws/install/reemc_description/share/reemc_description/meshes/arm/arm_2_color.png
[0.276s] -- Up-to-date: /workspaces/ros2_ws/install/reemc_description/share/reemc_description/meshes/arm/arm_4_specular.png
[0.277s] -- Up-to-date: /workspaces/ros2_ws/install/reemc_description/share/reemc_description/meshes/arm/arm_5.dae
[0.277s] -- Up-to-date: /workspaces/ros2_ws/install/reemc_description/share/reemc_description/meshes/arm/arm_4.dae
[0.277s] -- Up-to-date: /workspaces/ros2_ws/install/reemc_description/share/reemc_description/meshes/arm/arm_2_collision.stl
[0.277s] -- Up-to-date: /workspaces/ros2_ws/install/reemc_description/share/reemc_description/meshes/arm/arm_4_color.png
[0.277s] -- Up-to-date: /workspaces/ros2_ws/install/reemc_description/share/reemc_description/meshes/arm/arm_1_specular.png
[0.277s] -- Up-to-date: /workspaces/ros2_ws/install/reemc_description/share/reemc_description/meshes/arm/arm_3.dae
[0.277s] -- Up-to-date: /workspaces/ros2_ws/install/reemc_description/share/reemc_description/meshes/arm/arm_6_normals.png
[0.277s] -- Up-to-date: /workspaces/ros2_ws/install/reemc_description/share/reemc_description/meshes/arm/arm_1_collision.stl
[0.277s] -- Up-to-date: /workspaces/ros2_ws/install/reemc_description/share/reemc_description/meshes/arm/arm_6_color.png
[0.277s] -- Up-to-date: /workspaces/ros2_ws/install/reemc_description/share/reemc_description/meshes/arm/arm_2_normals.png
[0.277s] -- Up-to-date: /workspaces/ros2_ws/install/reemc_description/share/reemc_description/meshes/arm/arm_2.dae
[0.277s] -- Up-to-date: /workspaces/ros2_ws/install/reemc_description/share/reemc_description/meshes/arm/arm_3_collision.stl
[0.277s] -- Up-to-date: /workspaces/ros2_ws/install/reemc_description/share/reemc_description/meshes/arm/arm_1_color.png
[0.278s] -- Up-to-date: /workspaces/ros2_ws/install/reemc_description/share/reemc_description/meshes/arm/arm_3_normals.png
[0.278s] -- Up-to-date: /workspaces/ros2_ws/install/reemc_description/share/reemc_description/meshes/arm/arm_4_collision.stl
[0.278s] -- Up-to-date: /workspaces/ros2_ws/install/reemc_description/share/reemc_description/meshes/arm/arm_4_normals.png
[0.278s] -- Up-to-date: /workspaces/ros2_ws/install/reemc_description/share/reemc_description/meshes/chessboard
[0.278s] -- Up-to-date: /workspaces/ros2_ws/install/reemc_description/share/reemc_description/meshes/chessboard/chessboard.dae
[0.278s] -- Up-to-date: /workspaces/ros2_ws/install/reemc_description/share/reemc_description/meshes/chessboard/chessboard.png
[0.278s] -- Up-to-date: /workspaces/ros2_ws/install/reemc_description/share/reemc_description/robots
[0.279s] -- Up-to-date: /workspaces/ros2_ws/install/reemc_description/share/reemc_description/robots/reemc.urdf
[0.279s] -- Up-to-date: /workspaces/ros2_ws/install/reemc_description/share/ament_index/resource_index/package_run_dependencies/reemc_description
[0.279s] -- Up-to-date: /workspaces/ros2_ws/install/reemc_description/share/ament_index/resource_index/parent_prefix_path/reemc_description
[0.279s] -- Up-to-date: /workspaces/ros2_ws/install/reemc_description/share/reemc_description/environment/ament_prefix_path.sh
[0.279s] -- Up-to-date: /workspaces/ros2_ws/install/reemc_description/share/reemc_description/environment/ament_prefix_path.dsv
[0.280s] -- Up-to-date: /workspaces/ros2_ws/install/reemc_description/share/reemc_description/environment/path.sh
[0.280s] -- Up-to-date: /workspaces/ros2_ws/install/reemc_description/share/reemc_description/environment/path.dsv
[0.280s] -- Up-to-date: /workspaces/ros2_ws/install/reemc_description/share/reemc_description/local_setup.bash
[0.280s] -- Up-to-date: /workspaces/ros2_ws/install/reemc_description/share/reemc_description/local_setup.sh
[0.280s] -- Up-to-date: /workspaces/ros2_ws/install/reemc_description/share/reemc_description/local_setup.zsh
[0.280s] -- Up-to-date: /workspaces/ros2_ws/install/reemc_description/share/reemc_description/local_setup.dsv
[0.281s] -- Installing: /workspaces/ros2_ws/install/reemc_description/share/reemc_description/package.dsv
[0.281s] -- Up-to-date: /workspaces/ros2_ws/install/reemc_description/share/ament_index/resource_index/packages/reemc_description
[0.281s] -- Up-to-date: /workspaces/ros2_ws/install/reemc_description/share/reemc_description/cmake/reemc_descriptionConfig.cmake
[0.281s] -- Up-to-date: /workspaces/ros2_ws/install/reemc_description/share/reemc_description/cmake/reemc_descriptionConfig-version.cmake
[0.281s] -- Up-to-date: /workspaces/ros2_ws/install/reemc_description/share/reemc_description/package.xml
[0.282s] Invoked command in '/workspaces/ros2_ws/build/reemc_description' returned '0': CMAKE_PREFIX_PATH=${CMAKE_PREFIX_PATH}:/workspaces/ros2_ws/install/ros_visuals:/workspaces/ros2_ws/my_workspace/install/ros_visuals:/opt/ros/rolling /usr/bin/cmake --install /workspaces/ros2_ws/build/reemc_description
