[0.239s] Invoking command in '/workspaces/ros2_ws/my_workspace/build/talos_description': CMAKE_PREFIX_PATH=${CMAKE_PREFIX_PATH}:/workspaces/ros2_ws/my_workspace/install/ros_visuals:/opt/ros/rolling /usr/bin/cmake --build /workspaces/ros2_ws/my_workspace/build/talos_description -- -j8 -l8
[0.284s] Invoked command in '/workspaces/ros2_ws/my_workspace/build/talos_description' returned '0': CMAKE_PREFIX_PATH=${CMAKE_PREFIX_PATH}:/workspaces/ros2_ws/my_workspace/install/ros_visuals:/opt/ros/rolling /usr/bin/cmake --build /workspaces/ros2_ws/my_workspace/build/talos_description -- -j8 -l8
[0.285s] Invoking command in '/workspaces/ros2_ws/my_workspace/build/talos_description': CMAKE_PREFIX_PATH=${CMAKE_PREFIX_PATH}:/workspaces/ros2_ws/my_workspace/install/ros_visuals:/opt/ros/rolling /usr/bin/cmake --install /workspaces/ros2_ws/my_workspace/build/talos_description
[0.293s] -- Install configuration: ""
[0.293s] -- Up-to-date: /workspaces/ros2_ws/my_workspace/install/talos_description/share/talos_description/meshes
[0.293s] -- Up-to-date: /workspaces/ros2_ws/my_workspace/install/talos_description/share/talos_description/meshes/talos_dummy.stl
[0.293s] -- Up-to-date: /workspaces/ros2_ws/my_workspace/install/talos_description/share/talos_description/meshes/super-simple-femur.STL
[0.293s] -- Up-to-date: /workspaces/ros2_ws/my_workspace/install/talos_description/share/talos_description/meshes/femur.STL
[0.293s] -- Up-to-date: /workspaces/ros2_ws/my_workspace/install/talos_description/share/talos_description/meshes/v2
[0.294s] -- Up-to-date: /workspaces/ros2_ws/my_workspace/install/talos_description/share/talos_description/meshes/v2/hip_x_collision.stl
[0.294s] -- Up-to-date: /workspaces/ros2_ws/my_workspace/install/talos_description/share/talos_description/meshes/v2/ankle_X_collision.stl
[0.294s] -- Up-to-date: /workspaces/ros2_ws/my_workspace/install/talos_description/share/talos_description/meshes/v2/base_link_collision.stl
[0.294s] -- Up-to-date: /workspaces/ros2_ws/my_workspace/install/talos_description/share/talos_description/meshes/v2/knee_lo_res.stl
[0.296s] -- Up-to-date: /workspaces/ros2_ws/my_workspace/install/talos_description/share/talos_description/meshes/v2/knee_collision.stl
[0.296s] -- Up-to-date: /workspaces/ros2_ws/my_workspace/install/talos_description/share/talos_description/meshes/v2/ankle_X_lo_res.stl
[0.296s] -- Up-to-date: /workspaces/ros2_ws/my_workspace/install/talos_description/share/talos_description/meshes/v2/base_link_lo_res.stl
[0.296s] -- Up-to-date: /workspaces/ros2_ws/my_workspace/install/talos_description/share/talos_description/meshes/v2/hip_y_lo_res.stl
[0.296s] -- Up-to-date: /workspaces/ros2_ws/my_workspace/install/talos_description/share/talos_description/meshes/v2/hip_z_lo_res.stl
[0.296s] -- Up-to-date: /workspaces/ros2_ws/my_workspace/install/talos_description/share/talos_description/meshes/v2/hip_z_collision.stl
[0.296s] -- Up-to-date: /workspaces/ros2_ws/my_workspace/install/talos_description/share/talos_description/meshes/v2/ankle_Y_lo_res.stl
[0.296s] -- Up-to-date: /workspaces/ros2_ws/my_workspace/install/talos_description/share/talos_description/meshes/v2/ankle_Y_collision.stl
[0.297s] -- Up-to-date: /workspaces/ros2_ws/my_workspace/install/talos_description/share/talos_description/meshes/v2/hip_y_collision.stl
[0.297s] -- Up-to-date: /workspaces/ros2_ws/my_workspace/install/talos_description/share/talos_description/meshes/v2/hip_x_lo_res.stl
[0.297s] -- Up-to-date: /workspaces/ros2_ws/my_workspace/install/talos_description/share/talos_description/meshes/torso
[0.297s] -- Up-to-date: /workspaces/ros2_ws/my_workspace/install/talos_description/share/talos_description/meshes/torso/torso_2.STL
[0.297s] -- Up-to-date: /workspaces/ros2_ws/my_workspace/install/talos_description/share/talos_description/meshes/torso/base_link_collision.STL
[0.297s] -- Up-to-date: /workspaces/ros2_ws/my_workspace/install/talos_description/share/talos_description/meshes/torso/torso_1.STL
[0.297s] -- Up-to-date: /workspaces/ros2_ws/my_workspace/install/talos_description/share/talos_description/meshes/torso/base_link.STL
[0.297s] -- Up-to-date: /workspaces/ros2_ws/my_workspace/install/talos_description/share/talos_description/meshes/torso/torso_2_collision.STL
[0.297s] -- Up-to-date: /workspaces/ros2_ws/my_workspace/install/talos_description/share/talos_description/meshes/tibia.STL
[0.297s] -- Up-to-date: /workspaces/ros2_ws/my_workspace/install/talos_description/share/talos_description/meshes/bart_light.STL
[0.297s] -- Up-to-date: /workspaces/ros2_ws/my_workspace/install/talos_description/share/talos_description/meshes/tibia_light.STL
[0.297s] -- Up-to-date: /workspaces/ros2_ws/my_workspace/install/talos_description/share/talos_description/meshes/hipZ.STL
[0.297s] -- Up-to-date: /workspaces/ros2_ws/my_workspace/install/talos_description/share/talos_description/meshes/bart.STL
[0.298s] -- Up-to-date: /workspaces/ros2_ws/my_workspace/install/talos_description/share/talos_description/meshes/hipZ_light.STL
[0.298s] -- Up-to-date: /workspaces/ros2_ws/my_workspace/install/talos_description/share/talos_description/meshes/femur_light.STL
[0.298s] -- Up-to-date: /workspaces/ros2_ws/my_workspace/install/talos_description/share/talos_description/meshes/super-simple-bart.STL
[0.298s] -- Up-to-date: /workspaces/ros2_ws/my_workspace/install/talos_description/share/talos_description/meshes/head
[0.298s] -- Up-to-date: /workspaces/ros2_ws/my_workspace/install/talos_description/share/talos_description/meshes/head/head_2_default.stl
[0.298s] -- Up-to-date: /workspaces/ros2_ws/my_workspace/install/talos_description/share/talos_description/meshes/head/head_2_lidar.stl
[0.298s] -- Up-to-date: /workspaces/ros2_ws/my_workspace/install/talos_description/share/talos_description/meshes/head/head_1.stl
[0.299s] -- Up-to-date: /workspaces/ros2_ws/my_workspace/install/talos_description/share/talos_description/meshes/head/head_2_collision.stl
[0.299s] -- Up-to-date: /workspaces/ros2_ws/my_workspace/install/talos_description/share/talos_description/meshes/head/head_2_default_collision.stl
[0.300s] -- Up-to-date: /workspaces/ros2_ws/my_workspace/install/talos_description/share/talos_description/meshes/head/head_2.stl
[0.300s] -- Up-to-date: /workspaces/ros2_ws/my_workspace/install/talos_description/share/talos_description/meshes/head/head_2_lidar_collision.stl
[0.300s] -- Up-to-date: /workspaces/ros2_ws/my_workspace/install/talos_description/share/talos_description/meshes/head/head_1_collision.stl
[0.301s] -- Up-to-date: /workspaces/ros2_ws/my_workspace/install/talos_description/share/talos_description/meshes/sensors
[0.301s] -- Up-to-date: /workspaces/ros2_ws/my_workspace/install/talos_description/share/talos_description/meshes/sensors/ouster
[0.301s] -- Up-to-date: /workspaces/ros2_ws/my_workspace/install/talos_description/share/talos_description/meshes/sensors/ouster/os1_64.dae
[0.301s] -- Up-to-date: /workspaces/ros2_ws/my_workspace/install/talos_description/share/talos_description/meshes/sensors/orbbec
[0.301s] -- Up-to-date: /workspaces/ros2_ws/my_workspace/install/talos_description/share/talos_description/meshes/sensors/orbbec/orbbec.STL
[0.302s] -- Up-to-date: /workspaces/ros2_ws/my_workspace/install/talos_description/share/talos_description/meshes/sensors/xtion_pro_live
[0.302s] -- Up-to-date: /workspaces/ros2_ws/my_workspace/install/talos_description/share/talos_description/meshes/sensors/xtion_pro_live/xtion_pro_live.dae
[0.302s] -- Up-to-date: /workspaces/ros2_ws/my_workspace/install/talos_description/share/talos_description/meshes/sensors/xtion_pro_live/xtion_pro_live.png
[0.302s] -- Up-to-date: /workspaces/ros2_ws/my_workspace/install/talos_description/share/talos_description/meshes/super-simple-tibia.STL
[0.302s] -- Up-to-date: /workspaces/ros2_ws/my_workspace/install/talos_description/share/talos_description/meshes/marker.STL
[0.302s] -- Up-to-date: /workspaces/ros2_ws/my_workspace/install/talos_description/share/talos_description/meshes/dummy_hand.STL
[0.302s] -- Up-to-date: /workspaces/ros2_ws/my_workspace/install/talos_description/share/talos_description/meshes/foot.STL
[0.302s] -- Up-to-date: /workspaces/ros2_ws/my_workspace/install/talos_description/share/talos_description/meshes/arm
[0.302s] -- Up-to-date: /workspaces/ros2_ws/my_workspace/install/talos_description/share/talos_description/meshes/arm/arm_4.STL
[0.302s] -- Up-to-date: /workspaces/ros2_ws/my_workspace/install/talos_description/share/talos_description/meshes/arm/arm_5_collision.STL
[0.303s] -- Up-to-date: /workspaces/ros2_ws/my_workspace/install/talos_description/share/talos_description/meshes/arm/arm_2.STL
[0.303s] -- Up-to-date: /workspaces/ros2_ws/my_workspace/install/talos_description/share/talos_description/meshes/arm/arm_4_collision.STL
[0.303s] -- Up-to-date: /workspaces/ros2_ws/my_workspace/install/talos_description/share/talos_description/meshes/arm/arm_1_collision.STL
[0.303s] -- Up-to-date: /workspaces/ros2_ws/my_workspace/install/talos_description/share/talos_description/meshes/arm/arm_2_collision.STL
[0.303s] -- Up-to-date: /workspaces/ros2_ws/my_workspace/install/talos_description/share/talos_description/meshes/arm/arm_6.STL
[0.303s] -- Up-to-date: /workspaces/ros2_ws/my_workspace/install/talos_description/share/talos_description/meshes/arm/arm_1.STL
[0.303s] -- Up-to-date: /workspaces/ros2_ws/my_workspace/install/talos_description/share/talos_description/meshes/arm/arm_3_collision.STL
[0.303s] -- Up-to-date: /workspaces/ros2_ws/my_workspace/install/talos_description/share/talos_description/meshes/arm/arm_7.STL
[0.303s] -- Up-to-date: /workspaces/ros2_ws/my_workspace/install/talos_description/share/talos_description/meshes/arm/arm_6_collision.STL
[0.304s] -- Up-to-date: /workspaces/ros2_ws/my_workspace/install/talos_description/share/talos_description/meshes/arm/arm_5.STL
[0.304s] -- Up-to-date: /workspaces/ros2_ws/my_workspace/install/talos_description/share/talos_description/meshes/arm/arm_3.STL
[0.304s] -- Up-to-date: /workspaces/ros2_ws/my_workspace/install/talos_description/share/talos_description/meshes/arm/arm_7_collision.STL
[0.304s] -- Up-to-date: /workspaces/ros2_ws/my_workspace/install/talos_description/share/talos_description/meshes/gripper
[0.304s] -- Up-to-date: /workspaces/ros2_ws/my_workspace/install/talos_description/share/talos_description/meshes/gripper/inner_double.STL
[0.304s] -- Up-to-date: /workspaces/ros2_ws/my_workspace/install/talos_description/share/talos_description/meshes/gripper/gripper_motor_double_collision.STL
[0.304s] -- Up-to-date: /workspaces/ros2_ws/my_workspace/install/talos_description/share/talos_description/meshes/gripper/inner_double_collision.STL
[0.304s] -- Up-to-date: /workspaces/ros2_ws/my_workspace/install/talos_description/share/talos_description/meshes/gripper/fingertip.STL
[0.304s] -- Up-to-date: /workspaces/ros2_ws/my_workspace/install/talos_description/share/talos_description/meshes/gripper/gripper_motor_double.STL
[0.304s] -- Up-to-date: /workspaces/ros2_ws/my_workspace/install/talos_description/share/talos_description/meshes/gripper/inner_single.STL
[0.305s] -- Up-to-date: /workspaces/ros2_ws/my_workspace/install/talos_description/share/talos_description/meshes/gripper/gripper_motor_single_collision.STL
[0.305s] -- Up-to-date: /workspaces/ros2_ws/my_workspace/install/talos_description/share/talos_description/meshes/gripper/gripper_tweezers.STL
[0.305s] -- Up-to-date: /workspaces/ros2_ws/my_workspace/install/talos_description/share/talos_description/meshes/gripper/base_link_collision.STL
[0.305s] -- Up-to-date: /workspaces/ros2_ws/my_workspace/install/talos_description/share/talos_description/meshes/gripper/gripper_simple.STL
[0.305s] -- Up-to-date: /workspaces/ros2_ws/my_workspace/install/talos_description/share/talos_description/meshes/gripper/base_link.STL
[0.305s] -- Up-to-date: /workspaces/ros2_ws/my_workspace/install/talos_description/share/talos_description/meshes/gripper/gripper_motor_single.STL
[0.305s] -- Up-to-date: /workspaces/ros2_ws/my_workspace/install/talos_description/share/talos_description/meshes/gripper/gripper_simple_collision.STL
[0.305s] -- Up-to-date: /workspaces/ros2_ws/my_workspace/install/talos_description/share/talos_description/meshes/gripper/fingertip_collision.STL
[0.305s] -- Up-to-date: /workspaces/ros2_ws/my_workspace/install/talos_description/share/talos_description/meshes/gripper/inner_single_collision.STL
[0.306s] -- Up-to-date: /workspaces/ros2_ws/my_workspace/install/talos_description/share/talos_description/meshes/gripper/gripper_tweezers_collision.STL
[0.306s] -- Up-to-date: /workspaces/ros2_ws/my_workspace/install/talos_description/share/talos_description/meshes/marker_head.STL
[0.306s] -- Up-to-date: /workspaces/ros2_ws/my_workspace/install/talos_description/share/talos_description/robots
[0.306s] -- Up-to-date: /workspaces/ros2_ws/my_workspace/install/talos_description/share/talos_description/robots/talos_reduced_no_hands.urdf
[0.306s] -- Up-to-date: /workspaces/ros2_ws/my_workspace/install/talos_description/share/talos_description/robots/talos.urdf
[0.306s] -- Up-to-date: /workspaces/ros2_ws/my_workspace/install/talos_description/share/talos_description/robots/talos_reduced.urdf
[0.307s] -- Up-to-date: /workspaces/ros2_ws/my_workspace/install/talos_description/share/ament_index/resource_index/package_run_dependencies/talos_description
[0.307s] -- Up-to-date: /workspaces/ros2_ws/my_workspace/install/talos_description/share/ament_index/resource_index/parent_prefix_path/talos_description
[0.307s] -- Up-to-date: /workspaces/ros2_ws/my_workspace/install/talos_description/share/talos_description/environment/ament_prefix_path.sh
[0.307s] -- Up-to-date: /workspaces/ros2_ws/my_workspace/install/talos_description/share/talos_description/environment/ament_prefix_path.dsv
[0.307s] -- Up-to-date: /workspaces/ros2_ws/my_workspace/install/talos_description/share/talos_description/environment/path.sh
[0.307s] -- Up-to-date: /workspaces/ros2_ws/my_workspace/install/talos_description/share/talos_description/environment/path.dsv
[0.307s] -- Up-to-date: /workspaces/ros2_ws/my_workspace/install/talos_description/share/talos_description/local_setup.bash
[0.307s] -- Up-to-date: /workspaces/ros2_ws/my_workspace/install/talos_description/share/talos_description/local_setup.sh
[0.308s] -- Up-to-date: /workspaces/ros2_ws/my_workspace/install/talos_description/share/talos_description/local_setup.zsh
[0.308s] -- Up-to-date: /workspaces/ros2_ws/my_workspace/install/talos_description/share/talos_description/local_setup.dsv
[0.308s] -- Installing: /workspaces/ros2_ws/my_workspace/install/talos_description/share/talos_description/package.dsv
[0.308s] -- Up-to-date: /workspaces/ros2_ws/my_workspace/install/talos_description/share/ament_index/resource_index/packages/talos_description
[0.308s] -- Up-to-date: /workspaces/ros2_ws/my_workspace/install/talos_description/share/talos_description/cmake/talos_descriptionConfig.cmake
[0.308s] -- Up-to-date: /workspaces/ros2_ws/my_workspace/install/talos_description/share/talos_description/cmake/talos_descriptionConfig-version.cmake
[0.308s] -- Up-to-date: /workspaces/ros2_ws/my_workspace/install/talos_description/share/talos_description/package.xml
[0.308s] Invoked command in '/workspaces/ros2_ws/my_workspace/build/talos_description' returned '0': CMAKE_PREFIX_PATH=${CMAKE_PREFIX_PATH}:/workspaces/ros2_ws/my_workspace/install/ros_visuals:/opt/ros/rolling /usr/bin/cmake --install /workspaces/ros2_ws/my_workspace/build/talos_description
