[0.017s] Invoking command in '/workspaces/ros2_ws/my_workspace/build/reemc_description': CMAKE_PREFIX_PATH=${CMAKE_PREFIX_PATH}:/opt/ros/rolling /usr/bin/cmake /workspaces/ros2_ws/my_workspace/src/T2_template/Template/reemc_description -DCMAKE_INSTALL_PREFIX=/workspaces/ros2_ws/my_workspace/install/reemc_description
[0.249s] -- The C compiler identification is GNU 13.3.0
[0.268s] -- The CXX compiler identification is GNU 13.3.0
[0.290s] -- Detecting C compiler ABI info
[0.380s] -- Detecting C compiler ABI info - done
[0.395s] -- Check for working C compiler: /usr/bin/cc - skipped
[0.395s] -- Detecting C compile features
[0.396s] -- Detecting C compile features - done
[0.407s] -- Detecting CXX compiler ABI info
[0.512s] -- Detecting CXX compiler ABI info - done
[0.526s] -- Check for working CXX compiler: /usr/bin/c++ - skipped
[0.526s] -- Detecting CXX compile features
[0.527s] -- Detecting CXX compile features - done
[0.541s] -- Found ament_cmake: 2.7.2 (/opt/ros/rolling/share/ament_cmake/cmake)
[0.717s] -- Found Python3: /usr/bin/python3 (found version "3.12.3") found components: Interpreter 
[0.868s] -- Found ament_lint_auto: 0.19.1 (/opt/ros/rolling/share/ament_lint_auto/cmake)
[0.960s] -- Configuring done (0.9s)
[0.964s] -- Generating done (0.0s)
[0.967s] -- Build files have been written to: /workspaces/ros2_ws/my_workspace/build/reemc_description
[0.972s] Invoked command in '/workspaces/ros2_ws/my_workspace/build/reemc_description' returned '0': CMAKE_PREFIX_PATH=${CMAKE_PREFIX_PATH}:/opt/ros/rolling /usr/bin/cmake /workspaces/ros2_ws/my_workspace/src/T2_template/Template/reemc_description -DCMAKE_INSTALL_PREFIX=/workspaces/ros2_ws/my_workspace/install/reemc_description
[0.974s] Invoking command in '/workspaces/ros2_ws/my_workspace/build/reemc_description': CMAKE_PREFIX_PATH=${CMAKE_PREFIX_PATH}:/opt/ros/rolling /usr/bin/cmake --build /workspaces/ros2_ws/my_workspace/build/reemc_description -- -j8 -l8
[1.012s] Invoked command in '/workspaces/ros2_ws/my_workspace/build/reemc_description' returned '0': CMAKE_PREFIX_PATH=${CMAKE_PREFIX_PATH}:/opt/ros/rolling /usr/bin/cmake --build /workspaces/ros2_ws/my_workspace/build/reemc_description -- -j8 -l8
[1.023s] Invoking command in '/workspaces/ros2_ws/my_workspace/build/reemc_description': CMAKE_PREFIX_PATH=${CMAKE_PREFIX_PATH}:/opt/ros/rolling /usr/bin/cmake --install /workspaces/ros2_ws/my_workspace/build/reemc_description
[1.032s] -- Install configuration: ""
[1.032s] -- Installing: /workspaces/ros2_ws/my_workspace/install/reemc_description/share/reemc_description/meshes
[1.032s] -- Installing: /workspaces/ros2_ws/my_workspace/install/reemc_description/share/reemc_description/meshes/leg
[1.032s] -- Installing: /workspaces/ros2_ws/my_workspace/install/reemc_description/share/reemc_description/meshes/leg/leg_1_collision.stl
[1.032s] -- Installing: /workspaces/ros2_ws/my_workspace/install/reemc_description/share/reemc_description/meshes/leg/leg_1.dae
[1.033s] -- Installing: /workspaces/ros2_ws/my_workspace/install/reemc_description/share/reemc_description/meshes/leg/leg_4_collision.stl
[1.033s] -- Installing: /workspaces/ros2_ws/my_workspace/install/reemc_description/share/reemc_description/meshes/leg/r_foot.dae
[1.033s] -- Installing: /workspaces/ros2_ws/my_workspace/install/reemc_description/share/reemc_description/meshes/leg/leg_6.dae
[1.033s] -- Installing: /workspaces/ros2_ws/my_workspace/install/reemc_description/share/reemc_description/meshes/leg/leg_4.dae
[1.033s] -- Installing: /workspaces/ros2_ws/my_workspace/install/reemc_description/share/reemc_description/meshes/leg/leg_3.dae
[1.033s] -- Installing: /workspaces/ros2_ws/my_workspace/install/reemc_description/share/reemc_description/meshes/leg/leg_3_collision.stl
[1.033s] -- Installing: /workspaces/ros2_ws/my_workspace/install/reemc_description/share/reemc_description/meshes/hand
[1.033s] -- Installing: /workspaces/ros2_ws/my_workspace/install/reemc_description/share/reemc_description/meshes/hand/hand_finger_1.dae
[1.033s] -- Installing: /workspaces/ros2_ws/my_workspace/install/reemc_description/share/reemc_description/meshes/hand/hand_finger_3_collision.stl
[1.034s] -- Installing: /workspaces/ros2_ws/my_workspace/install/reemc_description/share/reemc_description/meshes/hand/hand_finger_2.dae
[1.034s] -- Installing: /workspaces/ros2_ws/my_workspace/install/reemc_description/share/reemc_description/meshes/hand/hand_finger_2_collision.stl
[1.034s] -- Installing: /workspaces/ros2_ws/my_workspace/install/reemc_description/share/reemc_description/meshes/hand/hand_finger_1_normals.png
[1.034s] -- Installing: /workspaces/ros2_ws/my_workspace/install/reemc_description/share/reemc_description/meshes/hand/hand_finger_1_specular.png
[1.034s] -- Installing: /workspaces/ros2_ws/my_workspace/install/reemc_description/share/reemc_description/meshes/hand/hand_thumb_specular.png
[1.034s] -- Installing: /workspaces/ros2_ws/my_workspace/install/reemc_description/share/reemc_description/meshes/hand/hand_finger_3_normals.png
[1.034s] -- Installing: /workspaces/ros2_ws/my_workspace/install/reemc_description/share/reemc_description/meshes/hand/hand_thumb.dae
[1.034s] -- Installing: /workspaces/ros2_ws/my_workspace/install/reemc_description/share/reemc_description/meshes/hand/hand_finger_2_normals.png
[1.035s] -- Installing: /workspaces/ros2_ws/my_workspace/install/reemc_description/share/reemc_description/meshes/hand/hand_finger_2_color.png
[1.035s] -- Installing: /workspaces/ros2_ws/my_workspace/install/reemc_description/share/reemc_description/meshes/hand/hand_thumb_collision.stl
[1.035s] -- Installing: /workspaces/ros2_ws/my_workspace/install/reemc_description/share/reemc_description/meshes/hand/hand_finger_3.dae
[1.035s] -- Installing: /workspaces/ros2_ws/my_workspace/install/reemc_description/share/reemc_description/meshes/hand/hand_thumb_normals.png
[1.035s] -- Installing: /workspaces/ros2_ws/my_workspace/install/reemc_description/share/reemc_description/meshes/hand/hand_palm_collision.stl
[1.035s] -- Installing: /workspaces/ros2_ws/my_workspace/install/reemc_description/share/reemc_description/meshes/hand/hand_thumb_color.png
[1.035s] -- Installing: /workspaces/ros2_ws/my_workspace/install/reemc_description/share/reemc_description/meshes/hand/hand_palm.dae
[1.035s] -- Installing: /workspaces/ros2_ws/my_workspace/install/reemc_description/share/reemc_description/meshes/hand/hand_finger_3_specular.png
[1.036s] -- Installing: /workspaces/ros2_ws/my_workspace/install/reemc_description/share/reemc_description/meshes/hand/hand_palm_specular.png
[1.036s] -- Installing: /workspaces/ros2_ws/my_workspace/install/reemc_description/share/reemc_description/meshes/hand/hand_finger_2_specular.png
[1.036s] -- Installing: /workspaces/ros2_ws/my_workspace/install/reemc_description/share/reemc_description/meshes/hand/hand_palm_color.png
[1.036s] -- Installing: /workspaces/ros2_ws/my_workspace/install/reemc_description/share/reemc_description/meshes/hand/hand_finger_1_collision.stl
[1.036s] -- Installing: /workspaces/ros2_ws/my_workspace/install/reemc_description/share/reemc_description/meshes/hand/hand_finger_3_color.png
[1.036s] -- Installing: /workspaces/ros2_ws/my_workspace/install/reemc_description/share/reemc_description/meshes/hand/hand_finger_1_color.png
[1.036s] -- Installing: /workspaces/ros2_ws/my_workspace/install/reemc_description/share/reemc_description/meshes/hand/hand_palm_normals.png
[1.036s] -- Installing: /workspaces/ros2_ws/my_workspace/install/reemc_description/share/reemc_description/meshes/torso
[1.037s] -- Installing: /workspaces/ros2_ws/my_workspace/install/reemc_description/share/reemc_description/meshes/torso/torso_2.dae
[1.037s] -- Installing: /workspaces/ros2_ws/my_workspace/install/reemc_description/share/reemc_description/meshes/torso/torso_2_collision.stl
[1.037s] -- Installing: /workspaces/ros2_ws/my_workspace/install/reemc_description/share/reemc_description/meshes/base
[1.037s] -- Installing: /workspaces/ros2_ws/my_workspace/install/reemc_description/share/reemc_description/meshes/base/base_collision.stl
[1.037s] -- Installing: /workspaces/ros2_ws/my_workspace/install/reemc_description/share/reemc_description/meshes/base/base.dae
[1.037s] -- Installing: /workspaces/ros2_ws/my_workspace/install/reemc_description/share/reemc_description/meshes/head
[1.037s] -- Installing: /workspaces/ros2_ws/my_workspace/install/reemc_description/share/reemc_description/meshes/head/head_2_v0.dae
[1.037s] -- Installing: /workspaces/ros2_ws/my_workspace/install/reemc_description/share/reemc_description/meshes/head/head_2_v1.stl
[1.038s] -- Installing: /workspaces/ros2_ws/my_workspace/install/reemc_description/share/reemc_description/meshes/head/head_2_collision.stl
[1.038s] -- Installing: /workspaces/ros2_ws/my_workspace/install/reemc_description/share/reemc_description/meshes/head/head_1.dae
[1.038s] -- Installing: /workspaces/ros2_ws/my_workspace/install/reemc_description/share/reemc_description/meshes/head/head_1_collision.stl
[1.038s] -- Installing: /workspaces/ros2_ws/my_workspace/install/reemc_description/share/reemc_description/meshes/sensors
[1.038s] -- Installing: /workspaces/ros2_ws/my_workspace/install/reemc_description/share/reemc_description/meshes/sensors/xtion_pro_live
[1.038s] -- Installing: /workspaces/ros2_ws/my_workspace/install/reemc_description/share/reemc_description/meshes/sensors/xtion_pro_live/xtion_pro_live.dae
[1.038s] -- Installing: /workspaces/ros2_ws/my_workspace/install/reemc_description/share/reemc_description/meshes/sensors/xtion_pro_live/xtion_pro_live.png
[1.038s] -- Installing: /workspaces/ros2_ws/my_workspace/install/reemc_description/share/reemc_description/meshes/sensors/urg-04lx-ug01.stl
[1.039s] -- Installing: /workspaces/ros2_ws/my_workspace/install/reemc_description/share/reemc_description/meshes/hey5
[1.039s] -- Installing: /workspaces/ros2_ws/my_workspace/install/reemc_description/share/reemc_description/meshes/hey5/palm_collision.stl
[1.039s] -- Installing: /workspaces/ros2_ws/my_workspace/install/reemc_description/share/reemc_description/meshes/hey5/palm.stl
[1.039s] -- Installing: /workspaces/ros2_ws/my_workspace/install/reemc_description/share/reemc_description/meshes/hey5/finger_flex_tip_collision.stl
[1.039s] -- Installing: /workspaces/ros2_ws/my_workspace/install/reemc_description/share/reemc_description/meshes/hey5/thumb_abd_collision.stl
[1.039s] -- Installing: /workspaces/ros2_ws/my_workspace/install/reemc_description/share/reemc_description/meshes/hey5/finger_flex_collision.stl
[1.039s] -- Installing: /workspaces/ros2_ws/my_workspace/install/reemc_description/share/reemc_description/meshes/hey5/finger_abd_collision.stl
[1.040s] -- Installing: /workspaces/ros2_ws/my_workspace/install/reemc_description/share/reemc_description/meshes/kinect.tga
[1.040s] -- Installing: /workspaces/ros2_ws/my_workspace/install/reemc_description/share/reemc_description/meshes/kinect.dae
[1.040s] -- Installing: /workspaces/ros2_ws/my_workspace/install/reemc_description/share/reemc_description/meshes/arm
[1.040s] -- Installing: /workspaces/ros2_ws/my_workspace/install/reemc_description/share/reemc_description/meshes/arm/arm_6_collision.stl
[1.040s] -- Installing: /workspaces/ros2_ws/my_workspace/install/reemc_description/share/reemc_description/meshes/arm/arm_5_collision.stl
[1.041s] -- Installing: /workspaces/ros2_ws/my_workspace/install/reemc_description/share/reemc_description/meshes/arm/arm_3_color.png
[1.041s] -- Installing: /workspaces/ros2_ws/my_workspace/install/reemc_description/share/reemc_description/meshes/arm/arm_6_specular.png
[1.041s] -- Installing: /workspaces/ros2_ws/my_workspace/install/reemc_description/share/reemc_description/meshes/arm/arm_6.dae
[1.041s] -- Installing: /workspaces/ros2_ws/my_workspace/install/reemc_description/share/reemc_description/meshes/arm/arm_3_specular.png
[1.041s] -- Installing: /workspaces/ros2_ws/my_workspace/install/reemc_description/share/reemc_description/meshes/arm/arm_2_specular.png
[1.041s] -- Installing: /workspaces/ros2_ws/my_workspace/install/reemc_description/share/reemc_description/meshes/arm/arm_1_normals.png
[1.041s] -- Installing: /workspaces/ros2_ws/my_workspace/install/reemc_description/share/reemc_description/meshes/arm/arm_1.dae
[1.041s] -- Installing: /workspaces/ros2_ws/my_workspace/install/reemc_description/share/reemc_description/meshes/arm/arm_2_color.png
[1.041s] -- Installing: /workspaces/ros2_ws/my_workspace/install/reemc_description/share/reemc_description/meshes/arm/arm_4_specular.png
[1.041s] -- Installing: /workspaces/ros2_ws/my_workspace/install/reemc_description/share/reemc_description/meshes/arm/arm_5.dae
[1.042s] -- Installing: /workspaces/ros2_ws/my_workspace/install/reemc_description/share/reemc_description/meshes/arm/arm_4.dae
[1.042s] -- Installing: /workspaces/ros2_ws/my_workspace/install/reemc_description/share/reemc_description/meshes/arm/arm_2_collision.stl
[1.042s] -- Installing: /workspaces/ros2_ws/my_workspace/install/reemc_description/share/reemc_description/meshes/arm/arm_4_color.png
[1.042s] -- Installing: /workspaces/ros2_ws/my_workspace/install/reemc_description/share/reemc_description/meshes/arm/arm_1_specular.png
[1.043s] -- Installing: /workspaces/ros2_ws/my_workspace/install/reemc_description/share/reemc_description/meshes/arm/arm_3.dae
[1.043s] -- Installing: /workspaces/ros2_ws/my_workspace/install/reemc_description/share/reemc_description/meshes/arm/arm_6_normals.png
[1.043s] -- Installing: /workspaces/ros2_ws/my_workspace/install/reemc_description/share/reemc_description/meshes/arm/arm_1_collision.stl
[1.043s] -- Installing: /workspaces/ros2_ws/my_workspace/install/reemc_description/share/reemc_description/meshes/arm/arm_6_color.png
[1.043s] -- Installing: /workspaces/ros2_ws/my_workspace/install/reemc_description/share/reemc_description/meshes/arm/arm_2_normals.png
[1.043s] -- Installing: /workspaces/ros2_ws/my_workspace/install/reemc_description/share/reemc_description/meshes/arm/arm_2.dae
[1.043s] -- Installing: /workspaces/ros2_ws/my_workspace/install/reemc_description/share/reemc_description/meshes/arm/arm_3_collision.stl
[1.043s] -- Installing: /workspaces/ros2_ws/my_workspace/install/reemc_description/share/reemc_description/meshes/arm/arm_1_color.png
[1.043s] -- Installing: /workspaces/ros2_ws/my_workspace/install/reemc_description/share/reemc_description/meshes/arm/arm_3_normals.png
[1.043s] -- Installing: /workspaces/ros2_ws/my_workspace/install/reemc_description/share/reemc_description/meshes/arm/arm_4_collision.stl
[1.044s] -- Installing: /workspaces/ros2_ws/my_workspace/install/reemc_description/share/reemc_description/meshes/arm/arm_4_normals.png
[1.044s] -- Installing: /workspaces/ros2_ws/my_workspace/install/reemc_description/share/reemc_description/meshes/chessboard
[1.044s] -- Installing: /workspaces/ros2_ws/my_workspace/install/reemc_description/share/reemc_description/meshes/chessboard/chessboard.dae
[1.044s] -- Installing: /workspaces/ros2_ws/my_workspace/install/reemc_description/share/reemc_description/meshes/chessboard/chessboard.png
[1.044s] -- Installing: /workspaces/ros2_ws/my_workspace/install/reemc_description/share/reemc_description/robots
[1.044s] -- Installing: /workspaces/ros2_ws/my_workspace/install/reemc_description/share/reemc_description/robots/reemc.urdf
[1.044s] -- Installing: /workspaces/ros2_ws/my_workspace/install/reemc_description/share/ament_index/resource_index/package_run_dependencies/reemc_description
[1.045s] -- Installing: /workspaces/ros2_ws/my_workspace/install/reemc_description/share/ament_index/resource_index/parent_prefix_path/reemc_description
[1.045s] -- Installing: /workspaces/ros2_ws/my_workspace/install/reemc_description/share/reemc_description/environment/ament_prefix_path.sh
[1.045s] -- Installing: /workspaces/ros2_ws/my_workspace/install/reemc_description/share/reemc_description/environment/ament_prefix_path.dsv
[1.045s] -- Installing: /workspaces/ros2_ws/my_workspace/install/reemc_description/share/reemc_description/environment/path.sh
[1.045s] -- Installing: /workspaces/ros2_ws/my_workspace/install/reemc_description/share/reemc_description/environment/path.dsv
[1.045s] -- Installing: /workspaces/ros2_ws/my_workspace/install/reemc_description/share/reemc_description/local_setup.bash
[1.045s] -- Installing: /workspaces/ros2_ws/my_workspace/install/reemc_description/share/reemc_description/local_setup.sh
[1.046s] -- Installing: /workspaces/ros2_ws/my_workspace/install/reemc_description/share/reemc_description/local_setup.zsh
[1.047s] -- Installing: /workspaces/ros2_ws/my_workspace/install/reemc_description/share/reemc_description/local_setup.dsv
[1.047s] -- Installing: /workspaces/ros2_ws/my_workspace/install/reemc_description/share/reemc_description/package.dsv
[1.047s] -- Installing: /workspaces/ros2_ws/my_workspace/install/reemc_description/share/ament_index/resource_index/packages/reemc_description
[1.047s] -- Installing: /workspaces/ros2_ws/my_workspace/install/reemc_description/share/reemc_description/cmake/reemc_descriptionConfig.cmake
[1.047s] -- Installing: /workspaces/ros2_ws/my_workspace/install/reemc_description/share/reemc_description/cmake/reemc_descriptionConfig-version.cmake
[1.047s] -- Installing: /workspaces/ros2_ws/my_workspace/install/reemc_description/share/reemc_description/package.xml
[1.048s] Invoked command in '/workspaces/ros2_ws/my_workspace/build/reemc_description' returned '0': CMAKE_PREFIX_PATH=${CMAKE_PREFIX_PATH}:/opt/ros/rolling /usr/bin/cmake --install /workspaces/ros2_ws/my_workspace/build/reemc_description
