[0.866s] Invoking command in '/workspaces/ros2_ws/my_workspace/src/ros_visuals': PYTHONPATH=/workspaces/ros2_ws/my_workspace/build/ros_visuals/prefix_override:/usr/lib/python3/dist-packages/colcon_core/task/python/colcon_distutils_commands:/workspaces/ros2_ws/my_workspace/install/ros_visuals/lib/python3.12/site-packages:${PYTHONPATH} /usr/bin/python3 -W ignore:setup.py install is deprecated -W ignore:easy_install command is deprecated setup.py egg_info --egg-base ../../build/ros_visuals build --build-base /workspaces/ros2_ws/my_workspace/build/ros_visuals/build install --record /workspaces/ros2_ws/my_workspace/build/ros_visuals/install.log --single-version-externally-managed install_data
[1.171s] running egg_info
[1.171s] creating ../../build/ros_visuals/ros_visuals.egg-info
[1.187s] writing ../../build/ros_visuals/ros_visuals.egg-info/PKG-INFO
[1.187s] writing dependency_links to ../../build/ros_visuals/ros_visuals.egg-info/dependency_links.txt
[1.187s] writing entry points to ../../build/ros_visuals/ros_visuals.egg-info/entry_points.txt
[1.187s] writing requirements to ../../build/ros_visuals/ros_visuals.egg-info/requires.txt
[1.187s] writing top-level names to ../../build/ros_visuals/ros_visuals.egg-info/top_level.txt
[1.187s] writing manifest file '../../build/ros_visuals/ros_visuals.egg-info/SOURCES.txt'
[1.543s] writing manifest file '../../build/ros_visuals/ros_visuals.egg-info/SOURCES.txt'
[1.543s] running build
[1.543s] running build_py
[1.543s] creating /workspaces/ros2_ws/my_workspace/build/ros_visuals/build
[1.543s] creating /workspaces/ros2_ws/my_workspace/build/ros_visuals/build/lib
[1.543s] creating /workspaces/ros2_ws/my_workspace/build/ros_visuals/build/lib/ros_visuals
[1.543s] copying ros_visuals/pinocchio_basics.py -> /workspaces/ros2_ws/my_workspace/build/ros_visuals/build/lib/ros_visuals
[1.543s] copying ros_visuals/t11.py -> /workspaces/ros2_ws/my_workspace/build/ros_visuals/build/lib/ros_visuals
[1.543s] copying ros_visuals/__init__.py -> /workspaces/ros2_ws/my_workspace/build/ros_visuals/build/lib/ros_visuals
[1.543s] running install
[1.549s] running install_lib
[1.568s] creating /workspaces/ros2_ws/my_workspace/install/ros_visuals/lib/python3.12/site-packages/ros_visuals
[1.568s] copying /workspaces/ros2_ws/my_workspace/build/ros_visuals/build/lib/ros_visuals/pinocchio_basics.py -> /workspaces/ros2_ws/my_workspace/install/ros_visuals/lib/python3.12/site-packages/ros_visuals
[1.568s] copying /workspaces/ros2_ws/my_workspace/build/ros_visuals/build/lib/ros_visuals/t11.py -> /workspaces/ros2_ws/my_workspace/install/ros_visuals/lib/python3.12/site-packages/ros_visuals
[1.568s] copying /workspaces/ros2_ws/my_workspace/build/ros_visuals/build/lib/ros_visuals/__init__.py -> /workspaces/ros2_ws/my_workspace/install/ros_visuals/lib/python3.12/site-packages/ros_visuals
[1.568s] byte-compiling /workspaces/ros2_ws/my_workspace/install/ros_visuals/lib/python3.12/site-packages/ros_visuals/pinocchio_basics.py to pinocchio_basics.cpython-312.pyc
[1.569s] byte-compiling /workspaces/ros2_ws/my_workspace/install/ros_visuals/lib/python3.12/site-packages/ros_visuals/t11.py to t11.cpython-312.pyc
[1.570s] byte-compiling /workspaces/ros2_ws/my_workspace/install/ros_visuals/lib/python3.12/site-packages/ros_visuals/__init__.py to __init__.cpython-312.pyc
[1.570s] running install_data
[1.570s] creating /workspaces/ros2_ws/my_workspace/install/ros_visuals/share/ament_index
[1.570s] creating /workspaces/ros2_ws/my_workspace/install/ros_visuals/share/ament_index/resource_index
[1.571s] creating /workspaces/ros2_ws/my_workspace/install/ros_visuals/share/ament_index/resource_index/packages
[1.571s] copying resource/ros_visuals -> /workspaces/ros2_ws/my_workspace/install/ros_visuals/share/ament_index/resource_index/packages
[1.571s] copying package.xml -> /workspaces/ros2_ws/my_workspace/install/ros_visuals/share/ros_visuals
[1.571s] creating /workspaces/ros2_ws/my_workspace/install/ros_visuals/share/ros_visuals/launch
[1.571s] copying launch/launch.py -> /workspaces/ros2_ws/my_workspace/install/ros_visuals/share/ros_visuals/launch
[1.571s] running install_egg_info
[1.589s] Copying ../../build/ros_visuals/ros_visuals.egg-info to /workspaces/ros2_ws/my_workspace/install/ros_visuals/lib/python3.12/site-packages/ros_visuals-0.0.0-py3.12.egg-info
[1.590s] running install_scripts
[1.712s] Installing ros_visuals_node script to /workspaces/ros2_ws/my_workspace/install/ros_visuals/lib/ros_visuals
[1.712s] writing list of installed files to '/workspaces/ros2_ws/my_workspace/build/ros_visuals/install.log'
[1.747s] Invoked command in '/workspaces/ros2_ws/my_workspace/src/ros_visuals' returned '0': PYTHONPATH=/workspaces/ros2_ws/my_workspace/build/ros_visuals/prefix_override:/usr/lib/python3/dist-packages/colcon_core/task/python/colcon_distutils_commands:/workspaces/ros2_ws/my_workspace/install/ros_visuals/lib/python3.12/site-packages:${PYTHONPATH} /usr/bin/python3 -W ignore:setup.py install is deprecated -W ignore:easy_install command is deprecated setup.py egg_info --egg-base ../../build/ros_visuals build --build-base /workspaces/ros2_ws/my_workspace/build/ros_visuals/build install --record /workspaces/ros2_ws/my_workspace/build/ros_visuals/install.log --single-version-externally-managed install_data
